MPASM 5.86                    1FLOP7FLIP.ASM   9-25-2024  13:27:34         PAGE  1


LOC  OBJECT CODE     LINE SOURCE TEXT
  VALUE

                      00001 ;***************************************************************************
                      00002 ;
                      00003 ;           Filename: PortB Interrupt.asm
                      00004 ;           Date: 09/24/2024
                      00005 ;           File Version: 1
                      00006 ;           Author: Owen Fujii
                      00007 ;           Company: Idaho State University
                      00008 ;           Description: A program utilizing Portb interrupt 
                      00009 ;
                      00010 ;*************************************************************************
                      00011         
                      00012 ;*************************************************************************
                      00013 ; 
                      00014 ;           Revision History:
                      00015 ;   
                      00016 ;           Modified as listed
                      00017 ;           Started 09/24/2024 - Finished 09/24/2024
                      00018 ;
                      00019 ;*************************************************************************
                      00020 
                      00021         ;Basic Setup File for the PIC16F883
                      00022 
                      00023                 #INCLUDE <p16f883.inc>                  ; processor specific variable definitions
                      00001         LIST
                      00002 
                      00003 ;==========================================================================
                      00004 ; Build date : Oct 24 2019
                      00005 ;  MPASM PIC16F883 processor include
                      00006 ; 
                      00007 ;  (c) Copyright 1999-2019 Microchip Technology, All rights reserved
                      00008 ;==========================================================================
                      00009 
                      00781         LIST
                      00024                 #INCLUDE <BSetup.inc.inc>
                      00001 ;***************************************************************************
                      00002 ;
                      00003 ;           Filename: BSetup.inc
                      00004 ;           Date: 09/24/2024
                      00005 ;           File Version: 1
                      00006 ;           Author: Owen Fujii
                      00007 ;           Company: Idaho State University
                      00008 ;           Description: A collection of registry setups and subroutines
                      00009 ;
                      00010 ;*************************************************************************
                      00011         
                      00012 ;*************************************************************************
                      00013 ; 
                      00014 ;           Revision History:
                      00015 ;   1: Inc file to contain generic registry setups 
                      00016 ;           Modified as listed
                      00017 ;           Started 09/24/2024 
                      00018 ;   2: Moved INTCON TO END
                      00019 ;
MPASM 5.86                    1FLOP7FLIP.ASM   9-25-2024  13:27:34         PAGE  2


LOC  OBJECT CODE     LINE SOURCE TEXT
  VALUE

                      00020 ;*************************************************************************
                      00021         
                      00022         
                      00023 
                      00024 
                      00025 START_CODE   CODE
Warning[207]: Found label after column 1. (START)
0000                  00026    START
                      00027  
                      00028                 
                      00029 ;*** SET OPTION_REG: ****
0000   1683 1303      00030                 BANKSEL OPTION_REG
0002   30F4           00031                 MOVLW H'F4'                             ; INITIALIZE SET OF RBPU INTEDG T0SE 
Message[302]: Register in operand not in bank 0.  Ensure that bank bits are correct.
0003   0081           00032                 MOVWF OPTION_REG
                      00033 
                      00034 ;*** SET PIE1 REG: *****
0004   1683 1303      00035                 BANKSEL PIE1
0006   3000           00036                 MOVLW H'00'                             ; INIT PIE1 CLEAR
Message[302]: Register in operand not in bank 0.  Ensure that bank bits are correct.
0007   008C           00037                 MOVWF PIE1
                      00038 ;***** SET PIE2 REG: *****
0008   1683 1303      00039                 BANKSEL PIE2
000A   3000           00040                 MOVLW H'00'                             ; INIT OSFIE CLEAR OTHERS
Message[302]: Register in operand not in bank 0.  Ensure that bank bits are correct.
000B   008D           00041                 MOVWF PIE2
                      00042 ;*** SET CCP1CON REG: **
000C   1283 1303      00043                 BANKSEL CCP1CON
000E   3000           00044                 MOVLW   H'000'                          ;DISABLE PWM & CCP
000F   0097           00045                 MOVWF   CCP1CON
0010   1283 1303      00046                 BANKSEL CCP2CON
0012   019D           00047                 CLRF CCP2CON
0013   1283 1703      00048                 BANKSEL CM2CON1
0015   3000           00049                 MOVLW   H'000'
Message[302]: Register in operand not in bank 0.  Ensure that bank bits are correct.
0016   0089           00050                 MOVWF   CM2CON1
                      00051 
                      00052 ;*** TIMER 1 SETUP *****
0017   1283 1303      00053                 BANKSEL T1CON
0019   3000           00054                 MOVLW   H'000'                          ;
001A   0090           00055                 MOVWF   T1CON                           ;DISABLE TIMER 1
                      00056 
                      00057 ;*** TIMER 2 SETUP *****
                      00058 
001B   1283 1303      00059                 BANKSEL T2CON
001D   0192           00060                 CLRF    T2CON                           ;DISABLE TIMER 2, 1:1 POST SCALE, PRESCALER 1
001E   3000           00061                 MOVLW   H'000'                          ;SET PR2 FOR FULL COUNT 
001F   1683 1303      00062                 BANKSEL PR2                             ;
Message[302]: Register in operand not in bank 0.  Ensure that bank bits are correct.
0021   0092           00063                 MOVWF   PR2                             ;PR2 IS SETS OUTPUT OF PWM HIGH WHEN = TMR2
                      00064  
                      00065 ;*** PORT A SETUP **** PORT B RB0 IS USED AS EDGE TRIGGERED INPUT
                      00066 
MPASM 5.86                    1FLOP7FLIP.ASM   9-25-2024  13:27:34         PAGE  3


LOC  OBJECT CODE     LINE SOURCE TEXT
  VALUE

0022   1683 1303      00067                 BANKSEL ADCON1
Message[302]: Register in operand not in bank 0.  Ensure that bank bits are correct.
0024   139F           00068                 BCF     ADCON1,7
Message[302]: Register in operand not in bank 0.  Ensure that bank bits are correct.
0025   169F           00069                 BSF     ADCON1,5
Message[302]: Register in operand not in bank 0.  Ensure that bank bits are correct.
0026   171F           00070                 BSF     ADCON1,6
0027   1283 1303      00071                 BANKSEL PORTA
0029   0185           00072                 CLRF    PORTA                           ; CLEAR PORTA
002A   1683 1303      00073                 BANKSEL TRISA
002C   30FF           00074                 MOVLW   H'FF'                           ;SET PORT A INPUT EXEPT RA0
Message[302]: Register in operand not in bank 0.  Ensure that bank bits are correct.
002D   0085           00075                 MOVWF   TRISA
                      00076                 
                      00077 ;*** PORT B SETUP **** PORT B RB0 IS USED AS EDGE TRIGGERED INPUT
002E   1283 1303      00078                 BANKSEL PORTB
0030   0186           00079                 CLRF    PORTB                           ; CLEAR PORTB 
0031   1683 1303      00080                 BANKSEL TRISB
0033   30FF           00081                 MOVLW   H'FF'                           ;SET PORT B AS INPUT
Message[302]: Register in operand not in bank 0.  Ensure that bank bits are correct.
0034   0086           00082                 MOVWF   TRISB
0035   1683 1703      00083                 BANKSEL ANSELH
0037   3000           00084                 MOVLW H'000'                            ; DISABLE ADC INPUTS BANK B
Message[302]: Register in operand not in bank 0.  Ensure that bank bits are correct.
0038   0089           00085                 MOVWF ANSELH                            
0039   1683 1303      00086                 BANKSEL WPUB                            ; DISABLE ALL WEAK PULL UPS PORT B
003B   3000           00087                 MOVLW   H'00'
Message[302]: Register in operand not in bank 0.  Ensure that bank bits are correct.
003C   0095           00088                 MOVWF   WPUB
003D   1683 1303      00089                 BANKSEL IOCB
003F   3001           00090                 MOVLW H'01'
Message[302]: Register in operand not in bank 0.  Ensure that bank bits are correct.
0040   0096           00091                 MOVWF IOCB
                      00092                 
                      00093 
                      00094 ;*** PORT C SETUP **** PORT B RB0 IS USED AS EDGE TRIGGERED INPUT
0041   1283 1303      00095                 BANKSEL PORTC
0043   0187           00096                 CLRF    PORTC                           ; CLEAR PORTC
0044   1683 1303      00097                 BANKSEL TRISC
0046   3000           00098                 MOVLW   H'000'                          ;SET PORT C AS OUTPUT
Message[302]: Register in operand not in bank 0.  Ensure that bank bits are correct.
0047   0087           00099                 MOVWF   TRISC
                      00100                                                 ;END OF SETUP ROUTINE
                      00101 ;*** SET INTCON REG: ****
0048   1283 1303      00102                 BANKSEL INTCON
004A   3088           00103                 MOVLW H'88'
004B   008B           00104                 MOVWF INTCON                            ; INIT PEIE GIE AND RBIE
004C   0008           00105                 RETURN
                      00025                 LIST      p=16f883                      ; list directive to define processor
                      00026                 errorlevel -302,-207,-305,-206,-203     ;suppress "not in bank 0" message,  Found label 
                            after column 1,
                      00027                                                         ;Using default destination of 1 (file),  Found c
                            all to macro in column 1
MPASM 5.86                    1FLOP7FLIP.ASM   9-25-2024  13:27:34         PAGE  4


LOC  OBJECT CODE     LINE SOURCE TEXT
  VALUE

                      00028 
                      00029                 #include "p16f883.inc"
                      00782         LIST
                      00783 
                      00784 ;==========================================================================
                      00785 ; Build date : Oct 24 2019
                      00786 ;  MPASM PIC16F883 processor include
                      00787 ; 
                      00788 ;  (c) Copyright 1999-2019 Microchip Technology, All rights reserved
                      00789 ;==========================================================================
                      00790 
Message[310]: Superseding current maximum RAM and RAM map.
                      01562         LIST
                      00030 
                      00031 ; CONFIG1
                      00032 ; __config 0xF8E7
2007   20D1           00033  __CONFIG _CONFIG1, _FOSC_XT & _WDTE_OFF & _PWRTE_OFF & _MCLRE_OFF & _CP_OFF & _CPD_OFF & _BOREN_OFF & _
                            IESO_OFF & _FCMEN_OFF & _LVP_OFF
                      00034 ; CONFIG2
                      00035 ; __config 0xFFFF
2008   3FFF           00036  __CONFIG _CONFIG2, _BOR4V_BOR40V & _WRT_OFF
                      00037 ;******************************************             
                      00038 ;Define Constants
                      00039 ;******************************************
                      00040 
                      00041 #Define         BAUD            D'100'                          ;Desired Baud Rate in Kbps for I2C
                      00042 #Define         FOSC            D'16000'                        ;Oscillator Clock in KHz This must be fi
                            lled
                      00043  
                      00044 ;******************************************             
                      00045 ;Define Variable Registers
                      00046 ;******************************************
                      00047 
  00000020            00048         COUNT1  EQU     0x20
  00000021            00049         COUNT2  EQU     0x21
  00000022            00050         COUNT3  EQU     0x22
  00000023            00051         COUNT4  EQU     0x23
  00000024            00052         COUNT5  EQU     0x24
  00000025            00053         STEP    EQU     0x25
  00000026            00054         LEG_1   EQU     0x26
                      00055                 
                      00056 ;******************************************             
                      00057 ;Interupt Vectors
                      00058 ;******************************************
                      00059                 ORG H'000'                                      
0000   2???           00060                 GOTO SETUP                                      ;RESET CONDITION GOTO SETUP
                      00061                 ORG H'004'
0004   2???           00062                 GOTO INTER
                      00063 
                      00064 ;******************************************
                      00065 ;SETUP ROUTINE
                      00066 ;******************************************
0005                  00067 SETUP
MPASM 5.86                    1FLOP7FLIP.ASM   9-25-2024  13:27:34         PAGE  5


LOC  OBJECT CODE     LINE SOURCE TEXT
  VALUE

0005   2???           00068         CALL START                ; CALL SETUP CODE FROM INCLUDE FILE
0006   2???           00069         GOTO RUN
0007                  00070 RUN
0007   1283 1303      00071         BANKSEL PORTC     
0009   3031           00072             MOVLW H'31'           ; CONTINOUS LOOP THAT WRITES 1 TO THE DISPLAY
000A   0087           00073             MOVWF PORTC
000B   2???           00074             GOTO RUN
                      00075         
000C                  00076 SEVEN
000C   1283 1303      00077         BANKSEL PORTC        
000E   3037           00078             MOVLW H'37'         ; WRITES A SEVEN TO THE OUTPUT
000F   0087           00079             MOVWF PORTC
0010   30DF           00080             MOVLW H'DF'
0011   0091           00081             MOVWF TMR2          ; NESTED LOOP WITH A SIMPLE LOOP FOR 2 SECOND DELAY
0012                  00082 LOOP2
0012   0181           00083             CLRF TMR0
0013                  00084 LOOP
0013   0000           00085             NOP
0014   0000           00086             NOP
0015   0000           00087             NOP
0016   0000           00088             NOP
0017   0000           00089             NOP
0018   0000           00090             NOP
0019   0000           00091             NOP
001A   0000           00092             NOP
001B   0000           00093             NOP
001C   0000           00094             NOP
001D   0000           00095             NOP
001E   0000           00096             NOP
001F   0000           00097             NOP
0020   0000           00098             NOP
0021   0000           00099             NOP
0022   0000           00100             NOP
0023   0000           00101             NOP
0024   0000           00102             NOP
0025   0000           00103             NOP
0026   0000           00104             NOP
0027   0000           00105             NOP
0028   0000           00106             NOP
0029   0000           00107             NOP
002A   0000           00108             NOP
002B   0000           00109             NOP
002C   0000           00110             NOP
002D   0000           00111             NOP
002E   0000           00112             NOP
002F   0000           00113             NOP
0030   0000           00114             NOP
0031   0000           00115             NOP
0032   0000           00116             NOP
0033   0000           00117             NOP
0034   0B81           00118             DECFSZ TMR0
0035   2???           00119             GOTO LOOP
0036   0B91           00120             DECFSZ TMR2
MPASM 5.86                    1FLOP7FLIP.ASM   9-25-2024  13:27:34         PAGE  6


LOC  OBJECT CODE     LINE SOURCE TEXT
  VALUE

0037   2???           00121             GOTO LOOP2
0038   30FC           00122             MOVLW H'FC'
0039   0081           00123             MOVWF TMR0
003A                  00124 LOOP3
003A   0000           00125             NOP
003B   0000           00126             NOP
003C   0000           00127             NOP
003D   0000           00128             NOP
003E   0000           00129             NOP
003F   0000           00130             NOP
0040   0B81           00131             DECFSZ TMR0
0041   2???           00132             GOTO LOOP3
0042   100B           00133             BCF INTCON,0
0043   0009           00134             RETFIE
                      00135             
                      00136         
0044                  00137 INTER
0044   1283 1303      00138         BANKSEL INTCON
0046   180B           00139             BTFSC INTCON, 0
0047   2???           00140             GOTO SEVEN
0048   0009           00141             RETFIE
                      00142         
Warning[205]: Found directive in column 1. (END)
20D1 3FFF             00143 END
MPASM 5.86                    1FLOP7FLIP.ASM   9-25-2024  13:27:34         PAGE  7


SYMBOL TABLE
  LABEL                             VALUE 

ABDEN                             00000000
ABDOVF                            00000007
ACKDT                             00000005
ACKEN                             00000004
ACKSTAT                           00000006
ADCON0                            0000001F
ADCON1                            0000009F
ADCS0                             00000006
ADCS1                             00000007
ADDEN                             00000003
ADFM                              00000007
ADIE                              00000006
ADIF                              00000006
ADON                              00000000
ADRESH                            0000001E
ADRESL                            0000009E
ANS0                              00000000
ANS1                              00000001
ANS10                             00000002
ANS11                             00000003
ANS12                             00000004
ANS13                             00000005
ANS2                              00000002
ANS3                              00000003
ANS4                              00000004
ANS8                              00000000
ANS9                              00000001
ANSEL                             00000188
ANSELH                            00000189
BAUD                              D'100'
BAUDCTL                           00000187
BCLIE                             00000003
BCLIF                             00000003
BF                                00000000
BRG0                              00000000
BRG1                              00000001
BRG10                             00000002
BRG11                             00000003
BRG12                             00000004
BRG13                             00000005
BRG14                             00000006
BRG15                             00000007
BRG16                             00000003
BRG2                              00000002
BRG3                              00000003
BRG4                              00000004
BRG5                              00000005
BRG6                              00000006
BRG7                              00000007
BRG8                              00000000
BRG9                              00000001
BRGH                              00000002
C                                 00000000
MPASM 5.86                    1FLOP7FLIP.ASM   9-25-2024  13:27:34         PAGE  8


SYMBOL TABLE
  LABEL                             VALUE 

C1CH0                             00000000
C1CH1                             00000001
C1IE                              00000005
C1IF                              00000005
C1OE                              00000005
C1ON                              00000007
C1OUT                             00000006
C1POL                             00000004
C1R                               00000002
C1RSEL                            00000005
C1SEN                             00000005
C2CH0                             00000000
C2CH1                             00000001
C2IE                              00000006
C2IF                              00000006
C2OE                              00000005
C2ON                              00000007
C2OUT                             00000006
C2POL                             00000004
C2R                               00000002
C2REN                             00000004
C2RSEL                            00000004
C2SYNC                            00000000
CCP1CON                           00000017
CCP1IE                            00000002
CCP1IF                            00000002
CCP1M0                            00000000
CCP1M1                            00000001
CCP1M2                            00000002
CCP1M3                            00000003
CCP1X                             00000005
CCP1Y                             00000004
CCP2CON                           0000001D
CCP2IE                            00000000
CCP2IF                            00000000
CCP2M0                            00000000
CCP2M1                            00000001
CCP2M2                            00000002
CCP2M3                            00000003
CCP2X                             00000005
CCP2Y                             00000004
CCPR1                             00000015
CCPR1H                            00000016
CCPR1L                            00000015
CCPR2                             0000001B
CCPR2H                            0000001C
CCPR2L                            0000001B
CHS0                              00000002
CHS1                              00000003
CHS2                              00000004
CHS3                              00000005
CKE                               00000006
CKP                               00000004
MPASM 5.86                    1FLOP7FLIP.ASM   9-25-2024  13:27:34         PAGE  9


SYMBOL TABLE
  LABEL                             VALUE 

CM1CON0                           00000107
CM2CON0                           00000108
CM2CON1                           00000109
COUNT1                            00000020
COUNT2                            00000021
COUNT3                            00000022
COUNT4                            00000023
COUNT5                            00000024
CREN                              00000004
CSRC                              00000007
D                                 00000005
DATA_ADDRESS                      00000005
DC                                00000001
DC1B0                             00000004
DC1B1                             00000005
DC2B0                             00000004
DC2B1                             00000005
D_A                               00000005
D_NOT_A                           00000005
ECCPAS                            0000009C
ECCPAS0                           00000004
ECCPAS1                           00000005
ECCPAS2                           00000006
ECCPASE                           00000007
EEADR                             0000010D
EEADRH                            0000010F
EECON1                            0000018C
EECON2                            0000018D
EEDAT                             0000010C
EEDATA                            0000010C
EEDATH                            0000010E
EEIE                              00000004
EEIF                              00000004
EEPGD                             00000007
F                                 00000001
FERR                              00000002
FOSC                              D'16000'
FSR                               00000004
FVREN                             00000000
GCEN                              00000007
GIE                               00000007
GO                                00000001
GO_DONE                           00000001
GO_NOT_DONE                       00000001
HTS                               00000002
I2C_DATA                          00000005
I2C_READ                          00000002
I2C_START                         00000003
I2C_STOP                          00000004
INDF                              00000000
INTCON                            0000000B
INTE                              00000004
INTEDG                            00000006
MPASM 5.86                    1FLOP7FLIP.ASM   9-25-2024  13:27:34         PAGE 10


SYMBOL TABLE
  LABEL                             VALUE 

INTER                             00000044
INTF                              00000001
IOCB                              00000096
IOCB0                             00000000
IOCB1                             00000001
IOCB2                             00000002
IOCB3                             00000003
IOCB4                             00000004
IOCB5                             00000005
IOCB6                             00000006
IOCB7                             00000007
IRCF0                             00000004
IRCF1                             00000005
IRCF2                             00000006
IRP                               00000007
LEG_1                             00000026
LOOP                              00000013
LOOP2                             00000012
LOOP3                             0000003A
LTS                               00000001
MC1OUT                            00000007
MC2OUT                            00000006
MSK                               00000093
MSK0                              00000000
MSK1                              00000001
MSK2                              00000002
MSK3                              00000003
MSK4                              00000004
MSK5                              00000005
MSK6                              00000006
MSK7                              00000007
NOT_A                             00000005
NOT_ADDRESS                       00000005
NOT_BO                            00000000
NOT_BOR                           00000000
NOT_DONE                          00000001
NOT_PD                            00000003
NOT_POR                           00000001
NOT_RBPU                          00000007
NOT_RC8                           00000006
NOT_T1SYNC                        00000002
NOT_TO                            00000004
NOT_TX8                           00000006
NOT_W                             00000002
NOT_WRITE                         00000002
OERR                              00000001
OPTION_REG                        00000081
OSCCON                            0000008F
OSCTUNE                           00000090
OSFIE                             00000007
OSFIF                             00000007
OSTS                              00000003
P                                 00000004
MPASM 5.86                    1FLOP7FLIP.ASM   9-25-2024  13:27:34         PAGE 11


SYMBOL TABLE
  LABEL                             VALUE 

P1M0                              00000006
P1M1                              00000007
PCL                               00000002
PCLATH                            0000000A
PCON                              0000008E
PDC0                              00000000
PDC1                              00000001
PDC2                              00000002
PDC3                              00000003
PDC4                              00000004
PDC5                              00000005
PDC6                              00000006
PEIE                              00000006
PEN                               00000002
PIE1                              0000008C
PIE2                              0000008D
PIR1                              0000000C
PIR2                              0000000D
PORTA                             00000005
PORTB                             00000006
PORTC                             00000007
PORTE                             00000009
PR2                               00000092
PRSEN                             00000007
PS0                               00000000
PS1                               00000001
PS2                               00000002
PSA                               00000003
PSSAC0                            00000002
PSSAC1                            00000003
PSSBD0                            00000000
PSSBD1                            00000001
PSTRCON                           0000009D
PULSR                             00000002
PULSS                             00000003
PWM1CON                           0000009B
R                                 00000002
RA0                               00000000
RA1                               00000001
RA2                               00000002
RA3                               00000003
RA4                               00000004
RA5                               00000005
RA6                               00000006
RA7                               00000007
RB0                               00000000
RB1                               00000001
RB2                               00000002
RB3                               00000003
RB4                               00000004
RB5                               00000005
RB6                               00000006
RB7                               00000007
MPASM 5.86                    1FLOP7FLIP.ASM   9-25-2024  13:27:34         PAGE 12


SYMBOL TABLE
  LABEL                             VALUE 

RBIE                              00000003
RBIF                              00000000
RC0                               00000000
RC1                               00000001
RC2                               00000002
RC3                               00000003
RC4                               00000004
RC5                               00000005
RC6                               00000006
RC7                               00000007
RC8_9                             00000006
RC9                               00000006
RCD8                              00000000
RCEN                              00000003
RCIDL                             00000006
RCIE                              00000005
RCIF                              00000005
RCREG                             0000001A
RCSTA                             00000018
RD                                00000000
RE3                               00000003
READ_WRITE                        00000002
RP0                               00000005
RP1                               00000006
RSEN                              00000001
RUN                               00000007
RX9                               00000006
RX9D                              00000000
R_NOT_W                           00000002
R_W                               00000002
S                                 00000003
SBOREN                            00000004
SCKP                              00000004
SCS                               00000000
SEN                               00000000
SENDB                             00000003
SETUP                             00000005
SEVEN                             0000000C
SMP                               00000007
SPBRG                             00000099
SPBRGH                            0000009A
SPEN                              00000007
SR0                               00000006
SR1                               00000007
SRCON                             00000185
SREN                              00000005
SSPADD                            00000093
SSPBUF                            00000013
SSPCON                            00000014
SSPCON2                           00000091
SSPEN                             00000005
SSPIE                             00000003
SSPIF                             00000003
MPASM 5.86                    1FLOP7FLIP.ASM   9-25-2024  13:27:34         PAGE 13


SYMBOL TABLE
  LABEL                             VALUE 

SSPM0                             00000000
SSPM1                             00000001
SSPM2                             00000002
SSPM3                             00000003
SSPMSK                            00000093
SSPOV                             00000006
SSPSTAT                           00000094
START                             00000000
STATUS                            00000003
STEP                              00000025
STRA                              00000000
STRB                              00000001
STRC                              00000002
STRD                              00000003
STRSYNC                           00000004
SWDTEN                            00000000
SYNC                              00000004
T0CS                              00000005
T0IE                              00000005
T0IF                              00000002
T0SE                              00000004
T1CKPS0                           00000004
T1CKPS1                           00000005
T1CON                             00000010
T1GINV                            00000007
T1GIV                             00000007
T1GSS                             00000001
T1INSYNC                          00000002
T1OSCEN                           00000003
T1SYNC                            00000002
T2CKPS0                           00000000
T2CKPS1                           00000001
T2CON                             00000012
TMR0                              00000001
TMR0IE                            00000005
TMR0IF                            00000002
TMR1                              0000000E
TMR1CS                            00000001
TMR1GE                            00000006
TMR1H                             0000000F
TMR1IE                            00000000
TMR1IF                            00000000
TMR1L                             0000000E
TMR1ON                            00000000
TMR2                              00000011
TMR2IE                            00000001
TMR2IF                            00000001
TMR2ON                            00000002
TOUTPS0                           00000003
TOUTPS1                           00000004
TOUTPS2                           00000005
TOUTPS3                           00000006
TRISA                             00000085
MPASM 5.86                    1FLOP7FLIP.ASM   9-25-2024  13:27:34         PAGE 14


SYMBOL TABLE
  LABEL                             VALUE 

TRISA0                            00000000
TRISA1                            00000001
TRISA2                            00000002
TRISA3                            00000003
TRISA4                            00000004
TRISA5                            00000005
TRISA6                            00000006
TRISA7                            00000007
TRISB                             00000086
TRISB0                            00000000
TRISB1                            00000001
TRISB2                            00000002
TRISB3                            00000003
TRISB4                            00000004
TRISB5                            00000005
TRISB6                            00000006
TRISB7                            00000007
TRISC                             00000087
TRISC0                            00000000
TRISC1                            00000001
TRISC2                            00000002
TRISC3                            00000003
TRISC4                            00000004
TRISC5                            00000005
TRISC6                            00000006
TRISC7                            00000007
TRISE                             00000089
TRISE3                            00000003
TRMT                              00000001
TUN0                              00000000
TUN1                              00000001
TUN2                              00000002
TUN3                              00000003
TUN4                              00000004
TX8_9                             00000006
TX9                               00000006
TX9D                              00000000
TXD8                              00000000
TXEN                              00000005
TXIE                              00000004
TXIF                              00000004
TXREG                             00000019
TXSTA                             00000098
UA                                00000001
ULPWUE                            00000005
ULPWUIE                           00000002
ULPWUIF                           00000002
VCFG0                             00000004
VCFG1                             00000005
VR0                               00000000
VR1                               00000001
VR2                               00000002
VR3                               00000003
MPASM 5.86                    1FLOP7FLIP.ASM   9-25-2024  13:27:34         PAGE 15


SYMBOL TABLE
  LABEL                             VALUE 

VRCON                             00000097
VREN                              00000007
VROE                              00000006
VRR                               00000005
VRSS                              00000004
W                                 00000000
WCOL                              00000007
WDTCON                            00000105
WDTPS0                            00000001
WDTPS1                            00000002
WDTPS2                            00000003
WDTPS3                            00000004
WPUB                              00000095
WPUB0                             00000000
WPUB1                             00000001
WPUB2                             00000002
WPUB3                             00000003
WPUB4                             00000004
WPUB5                             00000005
WPUB6                             00000006
WPUB7                             00000007
WR                                00000001
WREN                              00000002
WRERR                             00000003
WUE                               00000001
Z                                 00000002
_BOR21V                           00003EFF
_BOR40V                           00003FFF
_BOR4V_BOR21V                     00003EFF
_BOR4V_BOR40V                     00003FFF
_BOREN_NSLEEP                     00003EFF
_BOREN_OFF                        00003CFF
_BOREN_ON                         00003FFF
_BOREN_SBODEN                     00003DFF
_BOR_NSLEEP                       00003EFF
_BOR_OFF                          00003CFF
_BOR_ON                           00003FFF
_BOR_SBODEN                       00003DFF
_CONFIG1                          00002007
_CONFIG2                          00002008
_CPD_OFF                          00003FFF
_CPD_ON                           00003F7F
_CP_OFF                           00003FFF
_CP_ON                            00003FBF
_DEBUG_OFF                        00003FFF
_DEBUG_ON                         00001FFF
_DEVID1                           00002006
_EC_OSC                           00003FFB
_EXTRC                            00003FFF
_EXTRCIO                          00003FFE
_EXTRC_OSC_CLKOUT                 00003FFF
_EXTRC_OSC_NOCLKOUT               00003FFE
_FCMEN_OFF                        000037FF
MPASM 5.86                    1FLOP7FLIP.ASM   9-25-2024  13:27:34         PAGE 16


SYMBOL TABLE
  LABEL                             VALUE 

_FCMEN_ON                         00003FFF
_FOSC_EC                          00003FFB
_FOSC_EXTRC_CLKOUT                00003FFF
_FOSC_EXTRC_NOCLKOUT              00003FFE
_FOSC_HS                          00003FFA
_FOSC_INTRC_CLKOUT                00003FFD
_FOSC_INTRC_NOCLKOUT              00003FFC
_FOSC_LP                          00003FF8
_FOSC_XT                          00003FF9
_HS_OSC                           00003FFA
_IDLOC0                           00002000
_IDLOC1                           00002001
_IDLOC2                           00002002
_IDLOC3                           00002003
_IESO_OFF                         00003BFF
_IESO_ON                          00003FFF
_INTOSC                           00003FFD
_INTOSCIO                         00003FFC
_INTRC_OSC_CLKOUT                 00003FFD
_INTRC_OSC_NOCLKOUT               00003FFC
_LP_OSC                           00003FF8
_LVP_OFF                          00002FFF
_LVP_ON                           00003FFF
_MCLRE_OFF                        00003FDF
_MCLRE_ON                         00003FFF
_PWRTE_OFF                        00003FFF
_PWRTE_ON                         00003FEF
_WDTE_OFF                         00003FF7
_WDTE_ON                          00003FFF
_WDT_OFF                          00003FF7
_WDT_ON                           00003FFF
_WRT_1FOURTH                      00003BFF
_WRT_256                          00003DFF
_WRT_HALF                         000039FF
_WRT_OFF                          00003FFF
_XT_OSC                           00003FF9
__16F883                          00000001

Errors   :     0
Warnings :     2 reported,     7 suppressed
Messages :    15 reported,     3 suppressed

