MPASM 5.86                        SERIAL.ASM   10-21-2024  11:14:34         PAGE  1


LOC  OBJECT CODE     LINE SOURCE TEXT
  VALUE

                      00001 ;***************************************************************************
                      00002 ;
                      00003 ;           Filename: Serial.asm
                      00004 ;           Date: 09/30/2024
                      00005 ;           File Version: 1
                      00006 ;           Author: Owen Fujii
                      00007 ;           Company: Idaho State University
                      00008 ;           Description: A program for asynchronous communication via EUSART
                      00009 ;                       External connection through Visual Studio
                      00010 ;
                      00011 ;*************************************************************************
                      00012         
                      00013 ;*************************************************************************
                      00014 ; 
                      00015 ;           Revision History:
                      00016 ;   
                      00017 ;           Modified as listed
                      00018 ;           Started 10/10/2024- 10/18/2024
                      00019 ;
                      00020 ;*************************************************************************
                      00021 ;
                      00022 ;       Recieving Bytes: Byte 1: $ / Start character
                      00023 ;                        Byte 2: PW for Servo
                      00024 ;                        Byte 3: ADC Select
                      00025 ;       Transmission Bytes
                      00026 ;                        Byte 1: $ / Start character
                      00027 ;                        Byte 2: MSBs of ADC Converstion
                      00028 ;                        Byte 3: LSBs of ADC Converstion
                      00029 ;*************************************************************************
                      00030         ;Basic Setup File for the PIC16F883
                      00031 
                      00032                 #INCLUDE <p16f883.inc>                  ; processor specific variable definitions
                      00001         LIST
                      00002 
                      00003 ;==========================================================================
                      00004 ; Build date : Oct 24 2019
                      00005 ;  MPASM PIC16F883 processor include
                      00006 ; 
                      00007 ;  (c) Copyright 1999-2019 Microchip Technology, All rights reserved
                      00008 ;==========================================================================
                      00009 
                      00781         LIST
                      00033                 #INCLUDE <SerialSetup.inc>
                      00001 ;***************************************************************************
                      00002 ;
                      00003 ;           Filename: Setup.inc
                      00004 ;           Date: 09/24/2024
                      00005 ;           File Version: 1
                      00006 ;           Author: Owen Fujii
                      00007 ;           Company: Idaho State University
                      00008 ;           Description: A collection of registry setups and subroutines
                      00009 ;
                      00010 ;*************************************************************************
MPASM 5.86                        SERIAL.ASM   10-21-2024  11:14:34         PAGE  2


LOC  OBJECT CODE     LINE SOURCE TEXT
  VALUE

                      00011         
                      00012 ;*************************************************************************
                      00013 ; 
                      00014 ;           Revision History:
                      00015 ;   1: Inc file to contain generic registry setups 
                      00016 ;
                      00017 ;       2: Removed GPR setup and added code reference 
                      00018 ;           Modified as listed
                      00019 ;           Started 09/24/2024 -Current version implemented 10/7/2024
                      00020 ;
                      00021 ;*************************************************************************
                      00022         
                      00023         
                      00024 START_CODE CODE
                      00025 
0000                  00026 START
                      00027 
                      00028                 
                      00029 ;*** SET OPTION_REG: ****
0000   1683 1303      00030                 BANKSEL OPTION_REG
0002   30F4           00031                 MOVLW H'F4'                             ; INITIALIZE SET OF RBPU INTEDG T0SE 
Message[302]: Register in operand not in bank 0.  Ensure that bank bits are correct.
0003   0081           00032                 MOVWF OPTION_REG
                      00033 ;*** SET INTCON REG: ****
0004   1283 1303      00034                 BANKSEL INTCON
0006   3000           00035                 MOVLW H'00'
0007   008B           00036                 MOVWF INTCON                            ; INIT PEIE
                      00037 ;*** SET PIE1 REG: *****
0008   1683 1303      00038                 BANKSEL PIE1
000A   3000           00039                 MOVLW H'00'                             ; INIT PIE1 CLEAR
Message[302]: Register in operand not in bank 0.  Ensure that bank bits are correct.
000B   008C           00040                 MOVWF PIE1
                      00041 ;***** SET PIE2 REG: *****
000C   1683 1303      00042                 BANKSEL PIE2
000E   3000           00043                 MOVLW H'00'                             ; INIT OSFIE CLEAR OTHERS
Message[302]: Register in operand not in bank 0.  Ensure that bank bits are correct.
000F   008D           00044                 MOVWF PIE2
                      00045 ;*** SET CCP1CON REG: **
0010   1283 1303      00046                 BANKSEL CCP1CON
0012   3000           00047                 MOVLW   H'000'                          ;DISABLE PWM & CCP
0013   0097           00048                 MOVWF   CCP1CON
0014   1283 1303      00049                 BANKSEL CCP2CON
0016   019D           00050                 CLRF CCP2CON
0017   1283 1703      00051                 BANKSEL CM2CON1
0019   3000           00052                 MOVLW   H'000'
Message[302]: Register in operand not in bank 0.  Ensure that bank bits are correct.
001A   0089           00053                 MOVWF   CM2CON1
                      00054 
                      00055 ;*** TIMER 1 SETUP *****
001B   1283 1303      00056                 BANKSEL T1CON
001D   3000           00057                 MOVLW   H'000'                          ;
001E   0090           00058                 MOVWF   T1CON                           ;DISABLE TIMER 1
                      00059 
MPASM 5.86                        SERIAL.ASM   10-21-2024  11:14:34         PAGE  3


LOC  OBJECT CODE     LINE SOURCE TEXT
  VALUE

                      00060 ;*** TIMER 2 SETUP *****
                      00061 
001F   1283 1303      00062                 BANKSEL T2CON
0021   0192           00063                 CLRF    T2CON                           ;DISABLE TIMER 2, 1:1 POST SCALE, PRESCALER 1
0022   3000           00064                 MOVLW   H'000'                          ;SET PR2 FOR FULL COUNT 
0023   1683 1303      00065                 BANKSEL PR2                             ;
Message[302]: Register in operand not in bank 0.  Ensure that bank bits are correct.
0025   0092           00066                 MOVWF   PR2                             ;PR2 IS SETS OUTPUT OF PWM HIGH WHEN = TMR2
                      00067  
                      00068 ;*** PORT A SETUP **** PORT B RB0 IS USED AS EDGE TRIGGERED INPUT
                      00069 
0026   1683 1303      00070                 BANKSEL ADCON1
Message[302]: Register in operand not in bank 0.  Ensure that bank bits are correct.
0028   139F           00071                 BCF     ADCON1,7
Message[302]: Register in operand not in bank 0.  Ensure that bank bits are correct.
0029   169F           00072                 BSF     ADCON1,5
Message[302]: Register in operand not in bank 0.  Ensure that bank bits are correct.
002A   171F           00073                 BSF     ADCON1,6
002B   1283 1303      00074                 BANKSEL PORTA
002D   0185           00075                 CLRF    PORTA                           ; CLEAR PORTA
002E   1683 1303      00076                 BANKSEL TRISA
0030   30FC           00077                 MOVLW   H'FC'                           ;SET PORT A INPUT EXEPT RA0
Message[302]: Register in operand not in bank 0.  Ensure that bank bits are correct.
0031   0085           00078                 MOVWF   TRISA
                      00079                 
                      00080 ;*** PORT B SETUP **** PORT B RB0 IS USED AS EDGE TRIGGERED INPUT
0032   1283 1303      00081                 BANKSEL PORTB
0034   0186           00082                 CLRF    PORTB                           ; CLEAR PORTB 
0035   1683 1303      00083                 BANKSEL TRISB
0037   30FF           00084                 MOVLW   H'FF'                           ;SET PORT B AS INPUT
Message[302]: Register in operand not in bank 0.  Ensure that bank bits are correct.
0038   0086           00085                 MOVWF   TRISB
0039   1683 1703      00086                 BANKSEL ANSELH
003B   3014           00087                 MOVLW H'14'                            ; DISABLE ADC INPUTS BANK B
Message[302]: Register in operand not in bank 0.  Ensure that bank bits are correct.
003C   0089           00088                 MOVWF ANSELH                            
003D   1683 1303      00089                 BANKSEL WPUB                            ; DISABLE ALL WEAK PULL UPS PORT B
003F   3000           00090                 MOVLW   H'00'
Message[302]: Register in operand not in bank 0.  Ensure that bank bits are correct.
0040   0095           00091                 MOVWF   WPUB
                      00092                 
                      00093 
                      00094 ;*** PORT C SETUP **** PORT B RB0 IS USED AS EDGE TRIGGERED INPUT
0041   1283 1303      00095                 BANKSEL PORTC
0043   0187           00096                 CLRF    PORTC                           ; CLEAR PORTC
0044   1683 1303      00097                 BANKSEL TRISC
0046   3000           00098                 MOVLW   H'00'                           ;SET PORT C AS OUTPUT
Message[302]: Register in operand not in bank 0.  Ensure that bank bits are correct.
0047   0087           00099                 MOVWF   TRISC
0048   0008           00100                 RETURN
                      00034                 #INCLUDE <SerialPOPout.inc>
                      00001 ;***************************************************************************
                      00002 ;
MPASM 5.86                        SERIAL.ASM   10-21-2024  11:14:34         PAGE  4


LOC  OBJECT CODE     LINE SOURCE TEXT
  VALUE

                      00003 ;           Filename: POPout.inc
                      00004 ;           Date: 09/24/2024
                      00005 ;           File Version: 1
                      00006 ;           Author: Owen Fujii
                      00007 ;           Company: Idaho State University
                      00008 ;           Description: A sub routine for restoring working and status
                      00009 ;
                      00010 ;*************************************************************************
                      00011         
                      00012 ;*************************************************************************
                      00013 ; 
                      00014 ;           Revision History:
                      00015 ;   
                      00016 ;           Modified as listed
                      00017 ;           Started 09/25/2024 - Finished 09/25/2024
                      00018 ;
                      00019 ;*************************************************************************
                      00020         
                      00021 POPOUT_CODE CODE
                      00022  
0000                  00023 POPOUT
Message[305]: Using default destination of 1 (file).
0000   08A1           00024             MOVF H'21'
0001   0083           00025             MOVWF STATUS
Message[305]: Using default destination of 1 (file).
0002   08A0           00026             MOVF H'20'
0003   0008           00027             RETURN
                      00035                 #INCLUDE <SerialPUSHin.inc>
                      00001 ;***************************************************************************
                      00002 ;
                      00003 ;           Filename: PUSHin.inc
                      00004 ;           Date: 09/24/2024
                      00005 ;           File Version: 1
                      00006 ;           Author: Owen Fujii
                      00007 ;           Company: Idaho State University
                      00008 ;           Description: A Sub routine for saving status and working 
                      00009 ;
                      00010 ;*************************************************************************
                      00011         
                      00012 ;*************************************************************************
                      00013 ; 
                      00014 ;           Revision History:
                      00015 ;   
                      00016 ;           Modified as listed
                      00017 ;           Started 09/25/2024 - Finished 09/25/2024
                      00018 ;           Modified 09/26/24
                      00019 ;               CHANGED ORDER OF MOVWF FOR CORRECT STORAGE
                      00020 ;
                      00021 ;*************************************************************************
                      00022 PUSHIN_CODE CODE
                      00023 
0000                  00024 PUSHIN
0000   00A0           00025                 MOVWF H'20'
MPASM 5.86                        SERIAL.ASM   10-21-2024  11:14:34         PAGE  5


LOC  OBJECT CODE     LINE SOURCE TEXT
  VALUE

0001   0803           00026                 MOVF STATUS,0      ; ROUTINE FOR RESTORING WORKING AND STATUS
0002   00A1           00027                 MOVWF H'21'     
0003   0008           00028                 RETURN
                      00036                 #INCLUDE <AN12ADC.INC>
                      00001 ;***************************************************************************
                      00002 ;
                      00003 ;           Filename: AN12.inc
                      00004 ;           Date: 09/24/2024
                      00005 ;           File Version: 1
                      00006 ;           Author: Owen Fujii
                      00007 ;           Company: Idaho State University
                      00008 ;           Description: A Sub routine for enabling an12   
                      00009 ;
                      00010 ;*************************************************************************
                      00011         
                      00012 ;*************************************************************************
                      00013 ; 
                      00014 ;           Revision History:
                      00015 ;   
                      00016 ;           Modified as listed
                      00017 ;           Started 10/14/2024 - Finished 10/14/2024
                      00018 ;         
                      00019 ;*************************************************************************
                      00020 
                      00021 AN12_CODE CODE  
                      00022         
0000                  00023 AN12
0000   1283           00024         BCF STATUS,RP0
0001   019F           00025         CLRF ADCON0             ; CONFIGURE ANALOG TO DIGITAL REGISTER
0002   30B0           00026         MOVLW H'B0'             ; USE FOSC/8 AND AN12 FOR INPUT
0003   009F           00027         MOVWF ADCON0
0004   1683 1303      00028         BANKSEL ADCON1
Message[302]: Register in operand not in bank 0.  Ensure that bank bits are correct.
0006   019F           00029         CLRF ADCON1
Message[302]: Register in operand not in bank 0.  Ensure that bank bits are correct.
0007   161F           00030         BSF ADCON1,4          ; ENABLE ADC INTERRUPT
0008   1283 1303      00031         BANKSEL ADCON0
000A   018C           00032         CLRF PIR1
000B   141F           00033         BSF ADCON0,0            ; ENABLE ADC
000C   149F           00034         BSF ADCON0,1
000D   0008           00035         RETURN
                      00037                 #INCLUDE <AN10ADC.INC>
                      00001 ;***************************************************************************
                      00002 ;
                      00003 ;           Filename: AN12.inc
                      00004 ;           Date: 09/24/2024
                      00005 ;           File Version: 1
                      00006 ;           Author: Owen Fujii
                      00007 ;           Company: Idaho State University
                      00008 ;           Description: A Sub routine for saving status and working 
                      00009 ;
                      00010 ;*************************************************************************
                      00011         
MPASM 5.86                        SERIAL.ASM   10-21-2024  11:14:34         PAGE  6


LOC  OBJECT CODE     LINE SOURCE TEXT
  VALUE

                      00012 ;*************************************************************************
                      00013 ; 
                      00014 ;           Revision History:
                      00015 ;   
                      00016 ;           Modified as listed
                      00017 ;           Started 09/25/2024 - Finished 09/25/2024
                      00018 ;           Modified 09/26/24
                      00019 ;               CHANGED ORDER OF MOVWF FOR CORRECT STORAGE
                      00020 ;
                      00021 ;*************************************************************************
                      00022 
                      00023 AN10_CODE CODE  
                      00024         
0000                  00025 AN10
                      00026 
0000   1283           00027         BCF STATUS,RP0
0001   019F           00028         CLRF ADCON0             ; CONFIGURE ANALOG TO DIGITAL REGISTER
0002   30A8           00029         MOVLW H'A8'             ; USE FOSC/8 AND AN12 FOR INPUT
0003   009F           00030         MOVWF ADCON0
0004   1683 1303      00031         BANKSEL ADCON1
Message[302]: Register in operand not in bank 0.  Ensure that bank bits are correct.
0006   019F           00032         CLRF ADCON1
Message[302]: Register in operand not in bank 0.  Ensure that bank bits are correct.
0007   170C           00033         BSF PIE1,6              ; ENABLE ADC INTERRUPT
0008   1283 1303      00034         BANKSEL ADCON0
000A   018C           00035         CLRF PIR1
000B   141F           00036         BSF ADCON0,0            ; ENABLE ADC
000C   149F           00037         BSF ADCON0,1
000D   0008           00038         RETURN
                      00038                 LIST      p=16f883                      ; list directive to define processor
                      00039                 errorlevel -302,-207,-305,-206,-203     ;suppress "not in bank 0" message,  Found label 
                            after column 1,
                      00040                                                         ;Using default destination of 1 (file),  Found c
                            all to macro in column 1
                      00041 
                      00042                 #include "p16f883.inc"
                      00782         LIST
                      00783 
                      00784 ;==========================================================================
                      00785 ; Build date : Oct 24 2019
                      00786 ;  MPASM PIC16F883 processor include
                      00787 ; 
                      00788 ;  (c) Copyright 1999-2019 Microchip Technology, All rights reserved
                      00789 ;==========================================================================
                      00790 
Message[310]: Superseding current maximum RAM and RAM map.
                      01562         LIST
                      00043 
                      00044 ; CONFIG1
                      00045 ; __config 0xF8E7
2007   20D1           00046  __CONFIG _CONFIG1, _FOSC_XT & _WDTE_OFF & _PWRTE_OFF & _MCLRE_OFF & _CP_OFF & _CPD_OFF & _BOREN_OFF & _
                            IESO_OFF & _FCMEN_OFF & _LVP_OFF
                      00047 ; CONFIG2
MPASM 5.86                        SERIAL.ASM   10-21-2024  11:14:34         PAGE  7


LOC  OBJECT CODE     LINE SOURCE TEXT
  VALUE

                      00048 ; __config 0xFFFF
2008   3FFF           00049  __CONFIG _CONFIG2, _BOR4V_BOR40V & _WRT_OFF
                      00050 ;******************************************             
                      00051 ;Define Constants
                      00052 ;******************************************
                      00053 
                      00054 #Define         BAUD            D'100'                          ;Desired Baud Rate in Kbps for I2C
                      00055 #Define         FOSC            D'16000'                        ;Oscillator Clock in KHz This must be fi
                            lled
                      00056  
  00000022            00057             STORESTART      EQU H'22'
  00000023            00058             STORE           EQU H'23'
  00000024            00059             CHSTART         EQU H'24'
  00000025            00060             BUFFER          EQU H'25'
  00000026            00061             DUMMY           EQU H'26'
  00000027            00062             TXWAIT          EQU H'27'
  00000028            00063             WAITCNT         EQU H'28'
  00000029            00064             TEMP            EQU H'29'
  00000030            00065             BYTHREE         EQU H'30'
  00000031            00066             ENAN12          EQU H'31'
  00000032            00067             ENAN10          EQU H'32'
                      00068             
                      00069        
                      00070  ; GPR 20 and 21 are used for interrupt save
                      00071  
                      00072                 ORG H'000'                                      
0000   2???           00073                 GOTO SETUP                                      ;RESET CONDITION GOTO SETUP
                      00074                 ORG H'004'
0004   2???           00075                 GOTO INTER
                      00076         
0005                  00077 SETUP
0005   2???           00078         CALL START
0006   1683 1703      00079         BANKSEL BAUDCTL
0008   0187           00080         CLRF BAUDCTL        ; SET BAUDRATE
0009   1487           00081         BSF BAUDCTL,1
000A   1683 1303      00082         BANKSEL SPBRG
000C   3019           00083         MOVLW H'19'
000D   0099           00084         MOVWF SPBRG
000E   1683 1303      00085         BANKSEL PIE1
0010   3023           00086         MOVLW H'23'
0011   008C           00087         MOVWF PIE1          ; ENABLE RECIEVE INTERRUPT
0012   3004           00088         MOVLW H'04'
0013   0098           00089         MOVWF TXSTA
0014   1283 1303      00090         BANKSEL RCSTA
0016   01A5           00091         CLRF BUFFER         ; CLEAR GPRS
0017   01A6           00092         CLRF DUMMY
0018   01A3           00093         CLRF STORE
0019   01A3           00094         CLRF STORE
001A   01A4           00095         CLRF CHSTART
001B   01B1           00096         CLRF ENAN12
001C   01B2           00097         CLRF ENAN10
001D   3032           00098         MOVLW H'32' 
001E   00A3           00099         MOVWF STORE
MPASM 5.86                        SERIAL.ASM   10-21-2024  11:14:34         PAGE  8


LOC  OBJECT CODE     LINE SOURCE TEXT
  VALUE

001F   3024           00100         MOVLW H'24'         ; STORE $ CHR
0020   00A4           00101         MOVWF CHSTART
0021   3001           00102         MOVLW H'01'
0022   00B1           00103         MOVWF ENAN12
0023   3002           00104         MOVLW H'02'
0024   00B2           00105         MOVWF ENAN10
0025   1683 1303      00106         BANKSEL PR2
0027   3020           00107         MOVLW H'20'         ; SET MIN PULSEWIDTH
0028   0092           00108         MOVWF PR2
0029   2???           00109         CALL TMRSTART       ; START TMR2
002A   1283 1303      00110         BANKSEL RCSTA       ; INIT 
002C   019A           00111         CLRF RCREG
002D   3080           00112         MOVLW H'80'         ; SET RECIEVE AS ACTIVE WITH A 9600 BAUD RATE
002E   0098           00113         MOVWF RCSTA
002F   1618           00114         BSF RCSTA,CREN
0030   1283 1303      00115         BANKSEL INTCON
0032   178B           00116         BSF INTCON,7
0033   170B           00117         BSF INTCON,6
0034   2???           00118         GOTO MAIN
                      00119                 
0035                  00120 MAIN
0035   1283 1303      00121         BANKSEL PORTA
0037   1898           00122         BTFSC RCSTA,1   ; POLL OVERRUN ERROR
0038   2???           00123         CALL AUTORESET
0039   1D25           00124         BTFSS BUFFER,2
003A   2???           00125         GOTO MAIN
003B   0185           00126         CLRF PORTA
003C   0822           00127         MOVF STORESTART,0
003D   1103           00128         BCF STATUS,Z
003E   0224           00129         SUBWF CHSTART,0 ; SEE IF FIRST TRANSMISSION IF VALID
003F   1903           00130         BTFSC STATUS,Z
0040   2???           00131         CALL UPDATEPW   
0041   0830           00132         MOVF BYTHREE,0
0042   1103           00133         BCF STATUS,Z
0043   0231           00134         SUBWF ENAN12,0  ; SEE IF ADC HAS BEEN REQUESTED
0044   1903           00135         BTFSC STATUS,Z  
0045   1427           00136         BSF TXWAIT,0    ; SET TRANSMISSION FLAG
0046   0830           00137         MOVF BYTHREE,0
0047   1103           00138         BCF STATUS,Z
0048   0232           00139         SUBWF ENAN10,0
0049   1903           00140         BTFSC STATUS,Z
004A   14A7           00141         BSF TXWAIT,1
004B   2???           00142         GOTO MAIN
                      00143         
004C                  00144 AUTORESET
004C   1283 1303      00145         BANKSEL RCSTA
004E   1218           00146         BCF RCSTA,4     ; CLEAR CREN TO CLEAR OERR
004F   01A5           00147         CLRF BUFFER
0050   019E           00148         CLRF ADRESH
0051   1683           00149         BSF STATUS,RP0
0052   019E           00150         CLRF ADRESL
0053   1283           00151         BCF STATUS,RP0
0054   1618           00152         BSF RCSTA,4
MPASM 5.86                        SERIAL.ASM   10-21-2024  11:14:34         PAGE  9


LOC  OBJECT CODE     LINE SOURCE TEXT
  VALUE

0055   0008           00153         RETURN
                      00154         
                      00155                 
0056                  00156 UPDATEPW
0056   1283           00157         BCF STATUS,RP0      
0057   018B           00158         CLRF INTCON
0058   1112           00159         BCF T2CON,2     ; DISABLE TMR2
0059   0823           00160         MOVF STORE,0
005A   1683 1303      00161         BANKSEL PR2     ; LOAD IN NEW 
005C   0092           00162         MOVWF PR2
005D   1283           00163         BCF STATUS,RP0
005E   01A2           00164         CLRF STORESTART
005F   01A5           00165         CLRF BUFFER
0060   01A3           00166         CLRF STORE
0061   1512           00167         BSF T2CON,2
0062   178B           00168         BSF INTCON,7
0063   170B           00169         BSF INTCON,6
0064   0008           00170         RETURN
                      00171                 
0065                  00172 TMRSTART                        
0065   1283 1303      00173         BANKSEL TMR2
0067   0191           00174         CLRF TMR2       ; CLEAR TMR2
0068   3002           00175         MOVLW H'02'     ; CONFIGURE TMR2
0069   0092           00176         MOVWF T2CON
006A   1512           00177         BSF T2CON,2     ; ENABLE TMR2
006B   1407           00178         BSF PORTC,0     ; SET OUTPUT HIGH
006C   0008           00179         RETURN
                      00180                 
006D                  00181 PS                 ; ERROR IS HERE. EVERYTHING ELSE WORKS
006D   1283 1303      00182         BANKSEL T2CON
006F   018B           00183         CLRF INTCON
0070   1112           00184         BCF T2CON,2         ; DISABLE TMR2  
0071   1007           00185         BCF PORTC,0
0072   108C           00186         BCF PIR1,1          
0073   0190           00187         CLRF T1CON          ; SET T1CON 
0074   30B1           00188         MOVLW H'B1'         ; OFFSET TMR1 FOR A COUNT OF 20K FOR ROLLOVER
0075   008F           00189         MOVWF TMR1H
0076   30E3           00190         MOVLW H'E3'
0077   008E           00191         MOVWF TMR1L
0078   1410           00192         BSF T1CON,0  
0079   1827           00193         BTFSC TXWAIT,0      ; CHECK IF AN OUTPUT TRANSMISSION
007A   2???           00194         CALL ADCRESTART     ; HAS BEEN REQUESTED
007B   18A7           00195         BTFSC TXWAIT,1
007C   2???           00196         CALL ADCRESTART
007D   0008           00197         RETURN
                      00198         
007E                  00199 ADCRESTART
007E   1283           00200         BCF STATUS,RP0
007F   1827           00201         BTFSC TXWAIT,0
0080   2???           00202         CALL AN12           ; INIT ANALOG AND START CONVERT
0081   18A7           00203         BTFSC TXWAIT,1
0082   2???           00204         CALL AN10
0083   1405           00205         BSF PORTA,0
MPASM 5.86                        SERIAL.ASM   10-21-2024  11:14:34         PAGE 10


LOC  OBJECT CODE     LINE SOURCE TEXT
  VALUE

0084   0000           00206         NOP
0085   0000           00207         NOP
0086   0000           00208         NOP
0087   0000           00209         NOP
0088   0000           00210         NOP
0089   0000           00211         NOP
008A   189F           00212         BTFSC ADCON0,1      ; POLL THE GO/DONE
008B   2???           00213         GOTO $-1
008C   2???           00214         CALL TXADCSTART     ; START TRANSMISSION
008D   01B0           00215         CLRF BYTHREE
008E   01A7           00216         CLRF TXWAIT         ; ACKNOWLEDGE TRANSMIT IS DONE
008F   0008           00217         RETURN
                      00218         
0090                  00219 RESTART
0090   1283 1303      00220         BANKSEL T1CON
0092   018B           00221         CLRF INTCON
0093   1010           00222         BCF T1CON,0         ; DISABLE TMR1
0094   100C           00223         BCF PIR1,0          ; CLEAR INT FLAG
0095   2???           00224         CALL TMRSTART
0096   178B           00225         BSF INTCON,7
0097   170B           00226         BSF INTCON,6
0098   0008           00227         RETURN
                      00228         
0099                  00229 INTER
0099   1283           00230         BCF STATUS,RP0
009A   2???           00231         CALL PUSHIN
009B   018B           00232         CLRF INTCON
009C   1A8C           00233         BTFSC PIR1,5        ; DATA HAS BEEN RECIEVED
009D   2???           00234         CALL RECIEVE
009E   188C           00235         BTFSC PIR1,1        ; TMR2 HAS ELAPSED
009F   2???           00236         CALL PS
00A0   180C           00237         BTFSC PIR1,0        ; TMR1 HAS ELAPSED
00A1   2???           00238         CALL RESTART
00A2   1283           00239         BCF STATUS,RP0
00A3   178B           00240         BSF INTCON,7
00A4   170B           00241         BSF INTCON,6
00A5   2???           00242         CALL POPOUT
00A6   0009           00243         RETFIE
                      00244                 
00A7                  00245 RECIEVE 
00A7   1283           00246         BCF STATUS,RP0
00A8   01A9           00247         CLRF TEMP
00A9   081A           00248         MOVF RCREG,0        ; READ INCOMING BYTE
00AA   00A9           00249         MOVWF TEMP          ; STORE IN GPR
00AB   1405           00250         BSF PORTA,0
00AC   18A5           00251         BTFSC BUFFER,1
00AD   2???           00252         GOTO BYTETWO        
00AE   1825           00253         BTFSC BUFFER,0
00AF   2???           00254         GOTO BYTEONE
00B0   01A5           00255         CLRF BUFFER         
00B1   0829           00256         MOVF TEMP,0
00B2   00A2           00257         MOVWF STORESTART
00B3   1425           00258         BSF BUFFER,0        ; ONE BYTE HAS BEEN RECIEVED
MPASM 5.86                        SERIAL.ASM   10-21-2024  11:14:34         PAGE 11


LOC  OBJECT CODE     LINE SOURCE TEXT
  VALUE

00B4   1005           00259         BCF PORTA,0
00B5   0008           00260         RETURN
                      00261         
00B6                  00262 BYTEONE
00B6   0829           00263         MOVF TEMP,0
00B7   00A3           00264         MOVWF STORE
00B8   14A5           00265         BSF BUFFER,1        ; TWO BYTES HAVE BEEN RECIEVED
00B9   1005           00266         BCF PORTA,0
00BA   0008           00267         RETURN
                      00268         
00BB                  00269 BYTETWO
00BB   0829           00270         MOVF TEMP,0
00BC   00B0           00271         MOVWF BYTHREE
00BD   1525           00272         BSF BUFFER,2        ; THREE BYTES HAVE BEEN RECIEVED
00BE   1005           00273         BCF PORTA,0
00BF   0008           00274         RETURN
                      00275         
00C0                  00276 TXADCSTART
00C0   1283 1303      00277         BANKSEL ADCON0
00C2   0185           00278         CLRF PORTA
00C3   1683           00279         BSF STATUS,RP0
00C4   1698           00280         BSF TXSTA,5         ; ENABLE TRANSMISSION
00C5   1283           00281         BCF STATUS,RP0
00C6   0824           00282         MOVF CHSTART,0      ; MOVE START CHARACTER
00C7   0099           00283         MOVWF TXREG         
00C8   081E           00284         MOVF ADRESH,0       ; DOUBLE STACK TRANSMISION
00C9   0099           00285         MOVWF TXREG
00CA   1683           00286         BSF STATUS,RP0
00CB                  00287 STAY    
00CB   1C98           00288         BTFSS TXSTA,1       ; WAIT FOR PRIOR BITS TO CLEAR
00CC   2???           00289         GOTO STAY
00CD   081E           00290         MOVF ADRESL,0       ; LOAD LSBS OF CONVERSION
00CE   1283           00291         BCF STATUS,RP0
00CF   1405           00292         BSF PORTA,0
00D0   0099           00293         MOVWF TXREG         
00D1   1683           00294         BSF STATUS,RP0
00D2                  00295 HOLD
00D2   1C98           00296         BTFSS TXSTA,1
00D3   2???           00297         GOTO HOLD           ; WAIT FOR TRANSMISSION TO FINISH
00D4   1298           00298         BCF TXSTA,5         ; DISABLE TRANSMIT
00D5   019E           00299         CLRF ADRESL
00D6   1283           00300         BCF STATUS,RP0
00D7   019E           00301         CLRF ADRESH         ; CLEAR REGISTERS
00D8   1005           00302         BCF PORTA,0
00D9   130C           00303         BCF PIR1,6
00DA   101F           00304         BCF ADCON0,0
00DB   109F           00305         BCF ADCON0,1
00DC   0008           00306         RETURN
                      00307         
Warning[205]: Found directive in column 1. (END)
20D1 3FFF             00308 END
MPASM 5.86                        SERIAL.ASM   10-21-2024  11:14:34         PAGE 12


SYMBOL TABLE
  LABEL                             VALUE 

ABDEN                             00000000
ABDOVF                            00000007
ACKDT                             00000005
ACKEN                             00000004
ACKSTAT                           00000006
ADCON0                            0000001F
ADCON1                            0000009F
ADCRESTART                        0000007E
ADCS0                             00000006
ADCS1                             00000007
ADDEN                             00000003
ADFM                              00000007
ADIE                              00000006
ADIF                              00000006
ADON                              00000000
ADRESH                            0000001E
ADRESL                            0000009E
AN10                              00000000
AN12                              00000000
ANS0                              00000000
ANS1                              00000001
ANS10                             00000002
ANS11                             00000003
ANS12                             00000004
ANS13                             00000005
ANS2                              00000002
ANS3                              00000003
ANS4                              00000004
ANS8                              00000000
ANS9                              00000001
ANSEL                             00000188
ANSELH                            00000189
AUTORESET                         0000004C
BAUD                              D'100'
BAUDCTL                           00000187
BCLIE                             00000003
BCLIF                             00000003
BF                                00000000
BRG0                              00000000
BRG1                              00000001
BRG10                             00000002
BRG11                             00000003
BRG12                             00000004
BRG13                             00000005
BRG14                             00000006
BRG15                             00000007
BRG16                             00000003
BRG2                              00000002
BRG3                              00000003
BRG4                              00000004
BRG5                              00000005
BRG6                              00000006
BRG7                              00000007
MPASM 5.86                        SERIAL.ASM   10-21-2024  11:14:34         PAGE 13


SYMBOL TABLE
  LABEL                             VALUE 

BRG8                              00000000
BRG9                              00000001
BRGH                              00000002
BUFFER                            00000025
BYTEONE                           000000B6
BYTETWO                           000000BB
BYTHREE                           00000030
C                                 00000000
C1CH0                             00000000
C1CH1                             00000001
C1IE                              00000005
C1IF                              00000005
C1OE                              00000005
C1ON                              00000007
C1OUT                             00000006
C1POL                             00000004
C1R                               00000002
C1RSEL                            00000005
C1SEN                             00000005
C2CH0                             00000000
C2CH1                             00000001
C2IE                              00000006
C2IF                              00000006
C2OE                              00000005
C2ON                              00000007
C2OUT                             00000006
C2POL                             00000004
C2R                               00000002
C2REN                             00000004
C2RSEL                            00000004
C2SYNC                            00000000
CCP1CON                           00000017
CCP1IE                            00000002
CCP1IF                            00000002
CCP1M0                            00000000
CCP1M1                            00000001
CCP1M2                            00000002
CCP1M3                            00000003
CCP1X                             00000005
CCP1Y                             00000004
CCP2CON                           0000001D
CCP2IE                            00000000
CCP2IF                            00000000
CCP2M0                            00000000
CCP2M1                            00000001
CCP2M2                            00000002
CCP2M3                            00000003
CCP2X                             00000005
CCP2Y                             00000004
CCPR1                             00000015
CCPR1H                            00000016
CCPR1L                            00000015
CCPR2                             0000001B
MPASM 5.86                        SERIAL.ASM   10-21-2024  11:14:34         PAGE 14


SYMBOL TABLE
  LABEL                             VALUE 

CCPR2H                            0000001C
CCPR2L                            0000001B
CHS0                              00000002
CHS1                              00000003
CHS2                              00000004
CHS3                              00000005
CHSTART                           00000024
CKE                               00000006
CKP                               00000004
CM1CON0                           00000107
CM2CON0                           00000108
CM2CON1                           00000109
CREN                              00000004
CSRC                              00000007
D                                 00000005
DATA_ADDRESS                      00000005
DC                                00000001
DC1B0                             00000004
DC1B1                             00000005
DC2B0                             00000004
DC2B1                             00000005
DUMMY                             00000026
D_A                               00000005
D_NOT_A                           00000005
ECCPAS                            0000009C
ECCPAS0                           00000004
ECCPAS1                           00000005
ECCPAS2                           00000006
ECCPASE                           00000007
EEADR                             0000010D
EEADRH                            0000010F
EECON1                            0000018C
EECON2                            0000018D
EEDAT                             0000010C
EEDATA                            0000010C
EEDATH                            0000010E
EEIE                              00000004
EEIF                              00000004
EEPGD                             00000007
ENAN10                            00000032
ENAN12                            00000031
F                                 00000001
FERR                              00000002
FOSC                              D'16000'
FSR                               00000004
FVREN                             00000000
GCEN                              00000007
GIE                               00000007
GO                                00000001
GO_DONE                           00000001
GO_NOT_DONE                       00000001
HOLD                              000000D2
HTS                               00000002
MPASM 5.86                        SERIAL.ASM   10-21-2024  11:14:34         PAGE 15


SYMBOL TABLE
  LABEL                             VALUE 

I2C_DATA                          00000005
I2C_READ                          00000002
I2C_START                         00000003
I2C_STOP                          00000004
INDF                              00000000
INTCON                            0000000B
INTE                              00000004
INTEDG                            00000006
INTER                             00000099
INTF                              00000001
IOCB                              00000096
IOCB0                             00000000
IOCB1                             00000001
IOCB2                             00000002
IOCB3                             00000003
IOCB4                             00000004
IOCB5                             00000005
IOCB6                             00000006
IOCB7                             00000007
IRCF0                             00000004
IRCF1                             00000005
IRCF2                             00000006
IRP                               00000007
LTS                               00000001
MAIN                              00000035
MC1OUT                            00000007
MC2OUT                            00000006
MSK                               00000093
MSK0                              00000000
MSK1                              00000001
MSK2                              00000002
MSK3                              00000003
MSK4                              00000004
MSK5                              00000005
MSK6                              00000006
MSK7                              00000007
NOT_A                             00000005
NOT_ADDRESS                       00000005
NOT_BO                            00000000
NOT_BOR                           00000000
NOT_DONE                          00000001
NOT_PD                            00000003
NOT_POR                           00000001
NOT_RBPU                          00000007
NOT_RC8                           00000006
NOT_T1SYNC                        00000002
NOT_TO                            00000004
NOT_TX8                           00000006
NOT_W                             00000002
NOT_WRITE                         00000002
OERR                              00000001
OPTION_REG                        00000081
OSCCON                            0000008F
MPASM 5.86                        SERIAL.ASM   10-21-2024  11:14:34         PAGE 16


SYMBOL TABLE
  LABEL                             VALUE 

OSCTUNE                           00000090
OSFIE                             00000007
OSFIF                             00000007
OSTS                              00000003
P                                 00000004
P1M0                              00000006
P1M1                              00000007
PCL                               00000002
PCLATH                            0000000A
PCON                              0000008E
PDC0                              00000000
PDC1                              00000001
PDC2                              00000002
PDC3                              00000003
PDC4                              00000004
PDC5                              00000005
PDC6                              00000006
PEIE                              00000006
PEN                               00000002
PIE1                              0000008C
PIE2                              0000008D
PIR1                              0000000C
PIR2                              0000000D
POPOUT                            00000000
PORTA                             00000005
PORTB                             00000006
PORTC                             00000007
PORTE                             00000009
PR2                               00000092
PRSEN                             00000007
PS                                0000006D
PS0                               00000000
PS1                               00000001
PS2                               00000002
PSA                               00000003
PSSAC0                            00000002
PSSAC1                            00000003
PSSBD0                            00000000
PSSBD1                            00000001
PSTRCON                           0000009D
PULSR                             00000002
PULSS                             00000003
PUSHIN                            00000000
PWM1CON                           0000009B
R                                 00000002
RA0                               00000000
RA1                               00000001
RA2                               00000002
RA3                               00000003
RA4                               00000004
RA5                               00000005
RA6                               00000006
RA7                               00000007
MPASM 5.86                        SERIAL.ASM   10-21-2024  11:14:34         PAGE 17


SYMBOL TABLE
  LABEL                             VALUE 

RB0                               00000000
RB1                               00000001
RB2                               00000002
RB3                               00000003
RB4                               00000004
RB5                               00000005
RB6                               00000006
RB7                               00000007
RBIE                              00000003
RBIF                              00000000
RC0                               00000000
RC1                               00000001
RC2                               00000002
RC3                               00000003
RC4                               00000004
RC5                               00000005
RC6                               00000006
RC7                               00000007
RC8_9                             00000006
RC9                               00000006
RCD8                              00000000
RCEN                              00000003
RCIDL                             00000006
RCIE                              00000005
RCIF                              00000005
RCREG                             0000001A
RCSTA                             00000018
RD                                00000000
RE3                               00000003
READ_WRITE                        00000002
RECIEVE                           000000A7
RESTART                           00000090
RP0                               00000005
RP1                               00000006
RSEN                              00000001
RX9                               00000006
RX9D                              00000000
R_NOT_W                           00000002
R_W                               00000002
S                                 00000003
SBOREN                            00000004
SCKP                              00000004
SCS                               00000000
SEN                               00000000
SENDB                             00000003
SETUP                             00000005
SMP                               00000007
SPBRG                             00000099
SPBRGH                            0000009A
SPEN                              00000007
SR0                               00000006
SR1                               00000007
SRCON                             00000185
MPASM 5.86                        SERIAL.ASM   10-21-2024  11:14:34         PAGE 18


SYMBOL TABLE
  LABEL                             VALUE 

SREN                              00000005
SSPADD                            00000093
SSPBUF                            00000013
SSPCON                            00000014
SSPCON2                           00000091
SSPEN                             00000005
SSPIE                             00000003
SSPIF                             00000003
SSPM0                             00000000
SSPM1                             00000001
SSPM2                             00000002
SSPM3                             00000003
SSPMSK                            00000093
SSPOV                             00000006
SSPSTAT                           00000094
START                             00000000
STATUS                            00000003
STAY                              000000CB
STORE                             00000023
STORESTART                        00000022
STRA                              00000000
STRB                              00000001
STRC                              00000002
STRD                              00000003
STRSYNC                           00000004
SWDTEN                            00000000
SYNC                              00000004
T0CS                              00000005
T0IE                              00000005
T0IF                              00000002
T0SE                              00000004
T1CKPS0                           00000004
T1CKPS1                           00000005
T1CON                             00000010
T1GINV                            00000007
T1GIV                             00000007
T1GSS                             00000001
T1INSYNC                          00000002
T1OSCEN                           00000003
T1SYNC                            00000002
T2CKPS0                           00000000
T2CKPS1                           00000001
T2CON                             00000012
TEMP                              00000029
TMR0                              00000001
TMR0IE                            00000005
TMR0IF                            00000002
TMR1                              0000000E
TMR1CS                            00000001
TMR1GE                            00000006
TMR1H                             0000000F
TMR1IE                            00000000
TMR1IF                            00000000
MPASM 5.86                        SERIAL.ASM   10-21-2024  11:14:34         PAGE 19


SYMBOL TABLE
  LABEL                             VALUE 

TMR1L                             0000000E
TMR1ON                            00000000
TMR2                              00000011
TMR2IE                            00000001
TMR2IF                            00000001
TMR2ON                            00000002
TMRSTART                          00000065
TOUTPS0                           00000003
TOUTPS1                           00000004
TOUTPS2                           00000005
TOUTPS3                           00000006
TRISA                             00000085
TRISA0                            00000000
TRISA1                            00000001
TRISA2                            00000002
TRISA3                            00000003
TRISA4                            00000004
TRISA5                            00000005
TRISA6                            00000006
TRISA7                            00000007
TRISB                             00000086
TRISB0                            00000000
TRISB1                            00000001
TRISB2                            00000002
TRISB3                            00000003
TRISB4                            00000004
TRISB5                            00000005
TRISB6                            00000006
TRISB7                            00000007
TRISC                             00000087
TRISC0                            00000000
TRISC1                            00000001
TRISC2                            00000002
TRISC3                            00000003
TRISC4                            00000004
TRISC5                            00000005
TRISC6                            00000006
TRISC7                            00000007
TRISE                             00000089
TRISE3                            00000003
TRMT                              00000001
TUN0                              00000000
TUN1                              00000001
TUN2                              00000002
TUN3                              00000003
TUN4                              00000004
TX8_9                             00000006
TX9                               00000006
TX9D                              00000000
TXADCSTART                        000000C0
TXD8                              00000000
TXEN                              00000005
TXIE                              00000004
MPASM 5.86                        SERIAL.ASM   10-21-2024  11:14:34         PAGE 20


SYMBOL TABLE
  LABEL                             VALUE 

TXIF                              00000004
TXREG                             00000019
TXSTA                             00000098
TXWAIT                            00000027
UA                                00000001
ULPWUE                            00000005
ULPWUIE                           00000002
ULPWUIF                           00000002
UPDATEPW                          00000056
VCFG0                             00000004
VCFG1                             00000005
VR0                               00000000
VR1                               00000001
VR2                               00000002
VR3                               00000003
VRCON                             00000097
VREN                              00000007
VROE                              00000006
VRR                               00000005
VRSS                              00000004
W                                 00000000
WAITCNT                           00000028
WCOL                              00000007
WDTCON                            00000105
WDTPS0                            00000001
WDTPS1                            00000002
WDTPS2                            00000003
WDTPS3                            00000004
WPUB                              00000095
WPUB0                             00000000
WPUB1                             00000001
WPUB2                             00000002
WPUB3                             00000003
WPUB4                             00000004
WPUB5                             00000005
WPUB6                             00000006
WPUB7                             00000007
WR                                00000001
WREN                              00000002
WRERR                             00000003
WUE                               00000001
Z                                 00000002
_.org_1_008B                      0000008B
_BOR21V                           00003EFF
_BOR40V                           00003FFF
_BOR4V_BOR21V                     00003EFF
_BOR4V_BOR40V                     00003FFF
_BOREN_NSLEEP                     00003EFF
_BOREN_OFF                        00003CFF
_BOREN_ON                         00003FFF
_BOREN_SBODEN                     00003DFF
_BOR_NSLEEP                       00003EFF
_BOR_OFF                          00003CFF
MPASM 5.86                        SERIAL.ASM   10-21-2024  11:14:34         PAGE 21


SYMBOL TABLE
  LABEL                             VALUE 

_BOR_ON                           00003FFF
_BOR_SBODEN                       00003DFF
_CONFIG1                          00002007
_CONFIG2                          00002008
_CPD_OFF                          00003FFF
_CPD_ON                           00003F7F
_CP_OFF                           00003FFF
_CP_ON                            00003FBF
_DEBUG_OFF                        00003FFF
_DEBUG_ON                         00001FFF
_DEVID1                           00002006
_EC_OSC                           00003FFB
_EXTRC                            00003FFF
_EXTRCIO                          00003FFE
_EXTRC_OSC_CLKOUT                 00003FFF
_EXTRC_OSC_NOCLKOUT               00003FFE
_FCMEN_OFF                        000037FF
_FCMEN_ON                         00003FFF
_FOSC_EC                          00003FFB
_FOSC_EXTRC_CLKOUT                00003FFF
_FOSC_EXTRC_NOCLKOUT              00003FFE
_FOSC_HS                          00003FFA
_FOSC_INTRC_CLKOUT                00003FFD
_FOSC_INTRC_NOCLKOUT              00003FFC
_FOSC_LP                          00003FF8
_FOSC_XT                          00003FF9
_HS_OSC                           00003FFA
_IDLOC0                           00002000
_IDLOC1                           00002001
_IDLOC2                           00002002
_IDLOC3                           00002003
_IESO_OFF                         00003BFF
_IESO_ON                          00003FFF
_INTOSC                           00003FFD
_INTOSCIO                         00003FFC
_INTRC_OSC_CLKOUT                 00003FFD
_INTRC_OSC_NOCLKOUT               00003FFC
_LP_OSC                           00003FF8
_LVP_OFF                          00002FFF
_LVP_ON                           00003FFF
_MCLRE_OFF                        00003FDF
_MCLRE_ON                         00003FFF
_PWRTE_OFF                        00003FFF
_PWRTE_ON                         00003FEF
_WDTE_OFF                         00003FF7
_WDTE_ON                          00003FFF
_WDT_OFF                          00003FF7
_WDT_ON                           00003FFF
_WRT_1FOURTH                      00003BFF
_WRT_256                          00003DFF
_WRT_HALF                         000039FF
_WRT_OFF                          00003FFF
_XT_OSC                           00003FF9
MPASM 5.86                        SERIAL.ASM   10-21-2024  11:14:34         PAGE 22


SYMBOL TABLE
  LABEL                             VALUE 

__16F883                          00000001

Errors   :     0
Warnings :     1 reported,    11 suppressed
Messages :    20 reported,    14 suppressed

