MPASM 5.86               PORTB INTERRUPT.ASM   10-2-2024  12:37:35         PAGE  1


LOC  OBJECT CODE     LINE SOURCE TEXT
  VALUE

                      00001 ;***************************************************************************
                      00002 ;
                      00003 ;           Filename: PortB Interrupt.asm
                      00004 ;           Date: 09/24/2024
                      00005 ;           File Version: 1
                      00006 ;           Author: Owen Fujii
                      00007 ;           Company: Idaho State University
                      00008 ;           Description: A program utilizing Portb interrupt 
                      00009 ;
                      00010 ;*************************************************************************
                      00011         
                      00012 ;*************************************************************************
                      00013 ; 
                      00014 ;           Revision History:
                      00015 ;   
                      00016 ;           Modified as listed
                      00017 ;           Started 09/24/2024 - Finished 09/26/2024
                      00018 ;
                      00019 ;*************************************************************************
                      00020 
                      00021         ;Basic Setup File for the PIC16F883
                      00022 
                      00023                 #INCLUDE <p16f883.inc>                  ; processor specific variable definitions
                      00001         LIST
                      00002 
                      00003 ;==========================================================================
                      00004 ; Build date : Oct 24 2019
                      00005 ;  MPASM PIC16F883 processor include
                      00006 ; 
                      00007 ;  (c) Copyright 1999-2019 Microchip Technology, All rights reserved
                      00008 ;==========================================================================
                      00009 
                      00781         LIST
                      00024                 #INCLUDE <BSetup.inc.inc>
                      00001 ;***************************************************************************
                      00002 ;
                      00003 ;           Filename: BSetup.inc
                      00004 ;           Date: 09/24/2024
                      00005 ;           File Version: 1
                      00006 ;           Author: Owen Fujii
                      00007 ;           Company: Idaho State University
                      00008 ;           Description: A collection of registry setups and subroutines
                      00009 ;
                      00010 ;*************************************************************************
                      00011         
                      00012 ;*************************************************************************
                      00013 ; 
                      00014 ;           Revision History:
                      00015 ;   1: Inc file to contain generic registry setups 
                      00016 ;           Modified as listed
                      00017 ;           Started 09/24/2024 
                      00018 ;   2: Moved INTCON TO END
                      00019 ;
MPASM 5.86               PORTB INTERRUPT.ASM   10-2-2024  12:37:35         PAGE  2


LOC  OBJECT CODE     LINE SOURCE TEXT
  VALUE

                      00020 ;*************************************************************************
                      00021         
                      00022         
                      00023 
                      00024 
                      00025 START_CODE   CODE
                      00026 
0000                  00027 START
                      00028  
                      00029                 
                      00030 ;*** SET OPTION_REG: ****
0000   1683 1303      00031                 BANKSEL OPTION_REG
0002   30F4           00032                 MOVLW H'F4'                             ; INITIALIZE SET OF RBPU INTEDG T0SE 
Message[302]: Register in operand not in bank 0.  Ensure that bank bits are correct.
0003   0081           00033                 MOVWF OPTION_REG
                      00034 
                      00035 ;*** SET PIE1 REG: *****
0004   1683 1303      00036                 BANKSEL PIE1
0006   3000           00037                 MOVLW H'00'                             ; INIT PIE1 CLEAR
Message[302]: Register in operand not in bank 0.  Ensure that bank bits are correct.
0007   008C           00038                 MOVWF PIE1
                      00039 ;***** SET PIE2 REG: *****
0008   1683 1303      00040                 BANKSEL PIE2
000A   3000           00041                 MOVLW H'00'                             ; INIT OSFIE CLEAR OTHERS
Message[302]: Register in operand not in bank 0.  Ensure that bank bits are correct.
000B   008D           00042                 MOVWF PIE2
                      00043 ;*** SET CCP1CON REG: **
000C   1283 1303      00044                 BANKSEL CCP1CON
000E   3000           00045                 MOVLW   H'000'                          ;DISABLE PWM & CCP
000F   0097           00046                 MOVWF   CCP1CON
0010   1283 1303      00047                 BANKSEL CCP2CON
0012   019D           00048                 CLRF CCP2CON
0013   1283 1703      00049                 BANKSEL CM2CON1
0015   3000           00050                 MOVLW   H'000'
Message[302]: Register in operand not in bank 0.  Ensure that bank bits are correct.
0016   0089           00051                 MOVWF   CM2CON1
                      00052 
                      00053 ;*** TIMER 1 SETUP *****
0017   1283 1303      00054                 BANKSEL T1CON
0019   3000           00055                 MOVLW   H'000'                          ;
001A   0090           00056                 MOVWF   T1CON                           ;DISABLE TIMER 1
                      00057 
                      00058 ;*** TIMER 2 SETUP *****
                      00059 
001B   1283 1303      00060                 BANKSEL T2CON
001D   0192           00061                 CLRF    T2CON                           ;DISABLE TIMER 2, 1:1 POST SCALE, PRESCALER 1
001E   3000           00062                 MOVLW   H'000'                          ;SET PR2 FOR FULL COUNT 
001F   1683 1303      00063                 BANKSEL PR2                             ;
Message[302]: Register in operand not in bank 0.  Ensure that bank bits are correct.
0021   0092           00064                 MOVWF   PR2                             ;PR2 IS SETS OUTPUT OF PWM HIGH WHEN = TMR2
                      00065  
                      00066 ;*** PORT A SETUP **** PORT B RB0 IS USED AS EDGE TRIGGERED INPUT
                      00067 
MPASM 5.86               PORTB INTERRUPT.ASM   10-2-2024  12:37:35         PAGE  3


LOC  OBJECT CODE     LINE SOURCE TEXT
  VALUE

0022   1683 1303      00068                 BANKSEL ADCON1
Message[302]: Register in operand not in bank 0.  Ensure that bank bits are correct.
0024   139F           00069                 BCF     ADCON1,7
Message[302]: Register in operand not in bank 0.  Ensure that bank bits are correct.
0025   169F           00070                 BSF     ADCON1,5
Message[302]: Register in operand not in bank 0.  Ensure that bank bits are correct.
0026   171F           00071                 BSF     ADCON1,6
0027   1283 1303      00072                 BANKSEL PORTA
0029   0185           00073                 CLRF    PORTA                           ; CLEAR PORTA
002A   1683 1303      00074                 BANKSEL TRISA
002C   30FF           00075                 MOVLW   H'FF'                           ;SET PORT A INPUT EXEPT RA0
Message[302]: Register in operand not in bank 0.  Ensure that bank bits are correct.
002D   0085           00076                 MOVWF   TRISA
                      00077                 
                      00078 ;*** PORT B SETUP **** PORT B RB0 IS USED AS EDGE TRIGGERED INPUT
002E   1283 1303      00079                 BANKSEL PORTB
0030   0186           00080                 CLRF    PORTB                           ; CLEAR PORTB 
0031   1683 1303      00081                 BANKSEL TRISB
0033   30FF           00082                 MOVLW   H'FF'                           ;SET PORT B AS INPUT
Message[302]: Register in operand not in bank 0.  Ensure that bank bits are correct.
0034   0086           00083                 MOVWF   TRISB
0035   1683 1703      00084                 BANKSEL ANSELH
0037   3000           00085                 MOVLW H'000'                            ; DISABLE ADC INPUTS BANK B
Message[302]: Register in operand not in bank 0.  Ensure that bank bits are correct.
0038   0089           00086                 MOVWF ANSELH                            
0039   1683 1303      00087                 BANKSEL WPUB                            ; DISABLE ALL WEAK PULL UPS PORT B
003B   3000           00088                 MOVLW   H'00'
Message[302]: Register in operand not in bank 0.  Ensure that bank bits are correct.
003C   0095           00089                 MOVWF   WPUB
003D   1683 1303      00090                 BANKSEL IOCB
003F   3003           00091                 MOVLW H'03'
Message[302]: Register in operand not in bank 0.  Ensure that bank bits are correct.
0040   0096           00092                 MOVWF IOCB
                      00093                 
                      00094 
                      00095 ;*** PORT C SETUP **** PORT B RB0 IS USED AS EDGE TRIGGERED INPUT
0041   1283 1303      00096                 BANKSEL PORTC
0043   0187           00097                 CLRF    PORTC                           ; CLEAR PORTC
0044   1683 1303      00098                 BANKSEL TRISC
0046   3000           00099                 MOVLW   H'000'                          ;SET PORT C AS OUTPUT
Message[302]: Register in operand not in bank 0.  Ensure that bank bits are correct.
0047   0087           00100                 MOVWF   TRISC
                      00101                                                 ;END OF SETUP ROUTINE
                      00102 ;*** SET INTCON REG: ****
0048   1283 1303      00103                 BANKSEL INTCON
004A   3088           00104                 MOVLW H'88'
004B   008B           00105                 MOVWF INTCON                            ; INIT PEIE GIE AND RBIE
004C   0008           00106                 RETURN
                      00025                 #INCLUDE <POPout.inc>
                      00001 ;***************************************************************************
                      00002 ;
                      00003 ;           Filename: POPout.inc
                      00004 ;           Date: 09/24/2024
MPASM 5.86               PORTB INTERRUPT.ASM   10-2-2024  12:37:35         PAGE  4


LOC  OBJECT CODE     LINE SOURCE TEXT
  VALUE

                      00005 ;           File Version: 1
                      00006 ;           Author: Owen Fujii
                      00007 ;           Company: Idaho State University
                      00008 ;           Description: A sub routine for restoring working and status
                      00009 ;
                      00010 ;*************************************************************************
                      00011         
                      00012 ;*************************************************************************
                      00013 ; 
                      00014 ;           Revision History:
                      00015 ;   
                      00016 ;           Modified as listed
                      00017 ;           Started 09/25/2024 - Finished 09/25/2024
                      00018 ;
                      00019 ;*************************************************************************
                      00020         
                      00021 POPOUT_CODE CODE
                      00022 
0000                  00023 POPOUT
0000   0821           00024             MOVF H'21',0
0001   0083           00025             MOVWF STATUS
0002   0820           00026             MOVF H'20',0
0003   0008           00027             RETURN
                      00026                 #INCLUDE <PUSHin.inc>
                      00001 ;***************************************************************************
                      00002 ;
                      00003 ;           Filename: PUSHin.inc
                      00004 ;           Date: 09/24/2024
                      00005 ;           File Version: 1
                      00006 ;           Author: Owen Fujii
                      00007 ;           Company: Idaho State University
                      00008 ;           Description: A Sub routine for saving status and working 
                      00009 ;
                      00010 ;*************************************************************************
                      00011         
                      00012 ;*************************************************************************
                      00013 ; 
                      00014 ;           Revision History:
                      00015 ;   
                      00016 ;           Modified as listed
                      00017 ;           Started 09/25/2024 - Finished 09/25/2024
                      00018 ;           Modified 09/26/24
                      00019 ;               CHANGED ORDER OF MOVWF FOR CORRECT STORAGE
                      00020 ;
                      00021 ;*************************************************************************
                      00022 PUSHIN_CODE CODE
                      00023 
0000                  00024 PUSHIN
0000   00A0           00025                 MOVWF H'20'
0001   0803           00026                 MOVF STATUS,0      ; ROUTINE FOR RESTORING WORKING AND STATUS
0002   00A1           00027                 MOVWF H'21'     
0003   0008           00028                 RETURN
                      00027                 LIST      p=16f883                      ; list directive to define processor
MPASM 5.86               PORTB INTERRUPT.ASM   10-2-2024  12:37:35         PAGE  5


LOC  OBJECT CODE     LINE SOURCE TEXT
  VALUE

                      00028                 errorlevel -302,-207,-305,-206,-203     ;suppress "not in bank 0" message,  Found label 
                            after column 1,
                      00029                                                         ;Using default destination of 1 (file),  Found c
                            all to macro in column 1
                      00030 
                      00031                 #include "p16f883.inc"
                      00782         LIST
                      00783 
                      00784 ;==========================================================================
                      00785 ; Build date : Oct 24 2019
                      00786 ;  MPASM PIC16F883 processor include
                      00787 ; 
                      00788 ;  (c) Copyright 1999-2019 Microchip Technology, All rights reserved
                      00789 ;==========================================================================
                      00790 
Message[310]: Superseding current maximum RAM and RAM map.
                      01562         LIST
                      00032 
                      00033 ; CONFIG1
                      00034 ; __config 0xF8E7
2007   20D1           00035  __CONFIG _CONFIG1, _FOSC_XT & _WDTE_OFF & _PWRTE_OFF & _MCLRE_OFF & _CP_OFF & _CPD_OFF & _BOREN_OFF & _
                            IESO_OFF & _FCMEN_OFF & _LVP_OFF
                      00036 ; CONFIG2
                      00037 ; __config 0xFFFF
2008   3FFF           00038  __CONFIG _CONFIG2, _BOR4V_BOR40V & _WRT_OFF
                      00039 ;******************************************             
                      00040 ;Define Constants
                      00041 ;******************************************
                      00042 
                      00043 #Define         BAUD            D'100'                          ;Desired Baud Rate in Kbps for I2C
                      00044 #Define         FOSC            D'16000'                        ;Oscillator Clock in KHz This must be fi
                            lled
                      00045  
                      00046 ;******************************************             
                      00047 ;Define Variable Registers
                      00048 ;******************************************
                      00049 
  00000020            00050         COUNT1  EQU     0x20
  00000021            00051         COUNT2  EQU     0x21
  00000022            00052         COUNT3  EQU     0x22
  00000023            00053         COUNT4  EQU     0x23
  00000024            00054         COUNT5  EQU     0x24
  00000025            00055         STEP    EQU     0x25
  00000026            00056         LEG_1   EQU     0x26
                      00057                 
                      00058 ;******************************************             
                      00059 ;Interupt Vectors
                      00060 ;******************************************
                      00061                 ORG H'000'                                      
0000   2???           00062                 GOTO SETUP                                      ;RESET CONDITION GOTO SETUP
                      00063                 ORG H'004'
0004   2???           00064                 GOTO INTER
                      00065 
MPASM 5.86               PORTB INTERRUPT.ASM   10-2-2024  12:37:35         PAGE  6


LOC  OBJECT CODE     LINE SOURCE TEXT
  VALUE

                      00066 ;******************************************
                      00067 ;SETUP ROUTINE
                      00068 ;******************************************
                      00069 
0005                  00070 SETUP
0005   2???           00071         CALL START                ; CALL SETUP CODE FROM INCLUDE FILE
0006   2???           00072         GOTO RUN
                      00073 
0007                  00074 RUN
                      00075         
0007   1283 1303      00076         BANKSEL PORTC     
0009   3031           00077             MOVLW H'31'           ; CONTINOUS LOOP THAT WRITES 1 TO THE DISPLAY
000A   0087           00078             MOVWF PORTC
000B   01A5           00079             CLRF H'25'
000C   2???           00080             GOTO RUN
                      00081             
000D                  00082 INTER
000D   1283 1303      00083         BANKSEL INTCON            
000F   2???           00084             CALL PUSHIN
0010   180B           00085             BTFSC INTCON, 0     ; CHECK RB INTERRUPT FLAG
0011   2???           00086             GOTO CHECKOUT
0012   100B           00087             BCF INTCON,0
0013   0009           00088             RETFIE
                      00089             
0014                  00090 CHECKOUT
0014   1283 1303      00091            BANKSEL PORTB
0016   018B           00092                 CLRF INTCON     ; CLEAR INTERRUPT ENABLE FOR CHECKING PORT
0017   1806           00093                 BTFSC PORTB,0   ; CHECK RB0
0018   2???           00094                 GOTO SEVEN
0019   1886           00095                 BTFSC PORTB,1   ; CHECK RB1
001A   2???           00096                 GOTO SIX
001B   3088           00097                 MOVLW H'88'
001C   008B           00098                 MOVWF INTCON
001D   08A1           00099                 MOVF H'21'      ; ROUTINE FOR RESTORING WORKING AND STATUS
001E   0083           00100                 MOVWF STATUS    
001F   08A0           00101                 MOVF H'20'
0020   0009           00102                 RETFIE
                      00103                 
0021                  00104 SEVEN
0021   1825           00105         BTFSC H'25',0
0022   2???           00106         CALL SAVESIX
0023   3037           00107         MOVLW H'37'            ; SET WORKING TO DISPLAY A 7 WHEN MOVED TO PORTC
0024   2???           00108         GOTO DELAY
                      00109         
0025                  00110 SAVESIX
0025   0801           00111         MOVF TMR0,0             ; SAVE COUNTING REGISTERS FOR CURRENT COUNT OF 6
0026   00A4           00112         MOVWF H'24'
0027   0811           00113         MOVF TMR2,0
0028   00A3           00114         MOVWF H'23'
0029   0822           00115         MOVF COUNT3,0
002A   00A6           00116         MOVWF H'26'
002B   3036           00117         MOVLW H'36'             ; STORE LAST DISPLAY STATE IN SEPERATE REGISTER
002C   00A7           00118         MOVWF H'27'
MPASM 5.86               PORTB INTERRUPT.ASM   10-2-2024  12:37:35         PAGE  7


LOC  OBJECT CODE     LINE SOURCE TEXT
  VALUE

002D   0008           00119         RETURN
                      00120         
002E                  00121 RECALLSIX
002E   018B           00122         CLRF INTCON
002F   1C07           00123         BTFSS PORTC,0
0030   2???           00124         GOTO SKIP
0031   1283 1303      00125         BANKSEL PORTC
0033   0824           00126         MOVF H'24',0
0034   0081           00127         MOVWF TMR0
0035   0823           00128         MOVF H'23',0
0036   0091           00129         MOVWF TMR2
0037   0826           00130         MOVF H'26',0
0038   00A2           00131         MOVWF COUNT3
0039   0827           00132         MOVF H'27',0
003A   0087           00133         MOVWF PORTC
003B   0008           00134         RETURN
003C                  00135 SKIP
003C   1683 1303      00136         BANKSEL IOCB
003E   0196           00137         CLRF IOCB
003F   3003           00138         MOVLW H'03'
0040   0096           00139         MOVWF IOCB
0041   0008           00140         RETURN
                      00141         
0042                  00142 SIX
0042   1683 1303      00143         BANKSEL IOCB
0044   0196           00144         CLRF IOCB
0045   3001           00145         MOVLW H'01'
0046   0096           00146         MOVWF IOCB
                      00147         
0047   1283 1303      00148         BANKSEL INTCON
0049   01A5           00149         CLRF H'25'
004A   1425           00150         BSF H'25',0
004B   3088           00151         MOVLW H'88'         ; RE-ENABLE INTERRUPTS AND RESTORE
004C   008B           00152         MOVWF INTCON 
004D   3036           00153         MOVLW H'36'            ; SET WORKING TO DISPLAY A 6 WHEN MOVED TO PORTC
004E   2???           00154         GOTO DELAY
                      00155         
                      00156         
004F                  00157 DELAY
004F   1283 1303      00158         BANKSEL PORTC        
0051   0087           00159             MOVWF PORTC
0052   30DF           00160             MOVLW H'DF'
0053   0091           00161             MOVWF TMR2          ; NESTED LOOP WITH A SIMPLE LOOP FOR 2 SECOND DELAY
0054                  00162 LOOP2
0054   0181           00163             CLRF TMR0
0055                  00164 LOOP
0055   0000           00165             NOP
0056   0000           00166             NOP
0057   0000           00167             NOP
0058   0000           00168             NOP
0059   0000           00169             NOP
005A   0000           00170             NOP
005B   0000           00171             NOP
MPASM 5.86               PORTB INTERRUPT.ASM   10-2-2024  12:37:35         PAGE  8


LOC  OBJECT CODE     LINE SOURCE TEXT
  VALUE

005C   0000           00172             NOP
005D   0000           00173             NOP
005E   0000           00174             NOP
005F   0000           00175             NOP
0060   0000           00176             NOP
0061   0000           00177             NOP
0062   0000           00178             NOP
0063   0000           00179             NOP
0064   0000           00180             NOP
0065   0000           00181             NOP
0066   0000           00182             NOP
0067   0000           00183             NOP
0068   0000           00184             NOP
0069   0000           00185             NOP
006A   0000           00186             NOP
006B   0000           00187             NOP
006C   0000           00188             NOP
006D   0000           00189             NOP
006E   0000           00190             NOP
006F   0000           00191             NOP
0070   0000           00192             NOP
0071   0000           00193             NOP
0072   0000           00194             NOP
0073   0000           00195             NOP
0074   0000           00196             NOP
0075   0000           00197             NOP
0076   0B81           00198             DECFSZ TMR0
0077   2???           00199             GOTO LOOP
0078   0B91           00200             DECFSZ TMR2
0079   2???           00201             GOTO LOOP2
007A   30FC           00202             MOVLW H'FC'
007B   00A2           00203             MOVWF COUNT3
007C                  00204 LOOP3
007C   0000           00205             NOP
007D   0000           00206             NOP
007E   0000           00207             NOP
007F   0000           00208             NOP
0080   0000           00209             NOP
0081   0000           00210             NOP
0082   0BA2           00211             DECFSZ COUNT3
0083   2???           00212             GOTO LOOP3
0084   1283 1303      00213             BANKSEL INTCON
0086   1825           00214             BTFSC H'25',0
0087   2???           00215             CALL RECALLSIX
0088   1283 1303      00216             BANKSEL INTCON
008A   3088           00217             MOVLW H'88'         ; RE-ENABLE INTERRUPTS AND RESTORE
008B   008B           00218             MOVWF INTCON 
008C   2???           00219             CALL POPOUT
008D   0009           00220             RETFIE
                      00221             
                      00222         
Warning[205]: Found directive in column 1. (END)
20D1 3FFF             00223 END
MPASM 5.86               PORTB INTERRUPT.ASM   10-2-2024  12:37:35         PAGE  9


SYMBOL TABLE
  LABEL                             VALUE 

ABDEN                             00000000
ABDOVF                            00000007
ACKDT                             00000005
ACKEN                             00000004
ACKSTAT                           00000006
ADCON0                            0000001F
ADCON1                            0000009F
ADCS0                             00000006
ADCS1                             00000007
ADDEN                             00000003
ADFM                              00000007
ADIE                              00000006
ADIF                              00000006
ADON                              00000000
ADRESH                            0000001E
ADRESL                            0000009E
ANS0                              00000000
ANS1                              00000001
ANS10                             00000002
ANS11                             00000003
ANS12                             00000004
ANS13                             00000005
ANS2                              00000002
ANS3                              00000003
ANS4                              00000004
ANS8                              00000000
ANS9                              00000001
ANSEL                             00000188
ANSELH                            00000189
BAUD                              D'100'
BAUDCTL                           00000187
BCLIE                             00000003
BCLIF                             00000003
BF                                00000000
BRG0                              00000000
BRG1                              00000001
BRG10                             00000002
BRG11                             00000003
BRG12                             00000004
BRG13                             00000005
BRG14                             00000006
BRG15                             00000007
BRG16                             00000003
BRG2                              00000002
BRG3                              00000003
BRG4                              00000004
BRG5                              00000005
BRG6                              00000006
BRG7                              00000007
BRG8                              00000000
BRG9                              00000001
BRGH                              00000002
C                                 00000000
MPASM 5.86               PORTB INTERRUPT.ASM   10-2-2024  12:37:35         PAGE 10


SYMBOL TABLE
  LABEL                             VALUE 

C1CH0                             00000000
C1CH1                             00000001
C1IE                              00000005
C1IF                              00000005
C1OE                              00000005
C1ON                              00000007
C1OUT                             00000006
C1POL                             00000004
C1R                               00000002
C1RSEL                            00000005
C1SEN                             00000005
C2CH0                             00000000
C2CH1                             00000001
C2IE                              00000006
C2IF                              00000006
C2OE                              00000005
C2ON                              00000007
C2OUT                             00000006
C2POL                             00000004
C2R                               00000002
C2REN                             00000004
C2RSEL                            00000004
C2SYNC                            00000000
CCP1CON                           00000017
CCP1IE                            00000002
CCP1IF                            00000002
CCP1M0                            00000000
CCP1M1                            00000001
CCP1M2                            00000002
CCP1M3                            00000003
CCP1X                             00000005
CCP1Y                             00000004
CCP2CON                           0000001D
CCP2IE                            00000000
CCP2IF                            00000000
CCP2M0                            00000000
CCP2M1                            00000001
CCP2M2                            00000002
CCP2M3                            00000003
CCP2X                             00000005
CCP2Y                             00000004
CCPR1                             00000015
CCPR1H                            00000016
CCPR1L                            00000015
CCPR2                             0000001B
CCPR2H                            0000001C
CCPR2L                            0000001B
CHECKOUT                          00000014
CHS0                              00000002
CHS1                              00000003
CHS2                              00000004
CHS3                              00000005
CKE                               00000006
MPASM 5.86               PORTB INTERRUPT.ASM   10-2-2024  12:37:35         PAGE 11


SYMBOL TABLE
  LABEL                             VALUE 

CKP                               00000004
CM1CON0                           00000107
CM2CON0                           00000108
CM2CON1                           00000109
COUNT1                            00000020
COUNT2                            00000021
COUNT3                            00000022
COUNT4                            00000023
COUNT5                            00000024
CREN                              00000004
CSRC                              00000007
D                                 00000005
DATA_ADDRESS                      00000005
DC                                00000001
DC1B0                             00000004
DC1B1                             00000005
DC2B0                             00000004
DC2B1                             00000005
DELAY                             0000004F
D_A                               00000005
D_NOT_A                           00000005
ECCPAS                            0000009C
ECCPAS0                           00000004
ECCPAS1                           00000005
ECCPAS2                           00000006
ECCPASE                           00000007
EEADR                             0000010D
EEADRH                            0000010F
EECON1                            0000018C
EECON2                            0000018D
EEDAT                             0000010C
EEDATA                            0000010C
EEDATH                            0000010E
EEIE                              00000004
EEIF                              00000004
EEPGD                             00000007
F                                 00000001
FERR                              00000002
FOSC                              D'16000'
FSR                               00000004
FVREN                             00000000
GCEN                              00000007
GIE                               00000007
GO                                00000001
GO_DONE                           00000001
GO_NOT_DONE                       00000001
HTS                               00000002
I2C_DATA                          00000005
I2C_READ                          00000002
I2C_START                         00000003
I2C_STOP                          00000004
INDF                              00000000
INTCON                            0000000B
MPASM 5.86               PORTB INTERRUPT.ASM   10-2-2024  12:37:35         PAGE 12


SYMBOL TABLE
  LABEL                             VALUE 

INTE                              00000004
INTEDG                            00000006
INTER                             0000000D
INTF                              00000001
IOCB                              00000096
IOCB0                             00000000
IOCB1                             00000001
IOCB2                             00000002
IOCB3                             00000003
IOCB4                             00000004
IOCB5                             00000005
IOCB6                             00000006
IOCB7                             00000007
IRCF0                             00000004
IRCF1                             00000005
IRCF2                             00000006
IRP                               00000007
LEG_1                             00000026
LOOP                              00000055
LOOP2                             00000054
LOOP3                             0000007C
LTS                               00000001
MC1OUT                            00000007
MC2OUT                            00000006
MSK                               00000093
MSK0                              00000000
MSK1                              00000001
MSK2                              00000002
MSK3                              00000003
MSK4                              00000004
MSK5                              00000005
MSK6                              00000006
MSK7                              00000007
NOT_A                             00000005
NOT_ADDRESS                       00000005
NOT_BO                            00000000
NOT_BOR                           00000000
NOT_DONE                          00000001
NOT_PD                            00000003
NOT_POR                           00000001
NOT_RBPU                          00000007
NOT_RC8                           00000006
NOT_T1SYNC                        00000002
NOT_TO                            00000004
NOT_TX8                           00000006
NOT_W                             00000002
NOT_WRITE                         00000002
OERR                              00000001
OPTION_REG                        00000081
OSCCON                            0000008F
OSCTUNE                           00000090
OSFIE                             00000007
OSFIF                             00000007
MPASM 5.86               PORTB INTERRUPT.ASM   10-2-2024  12:37:35         PAGE 13


SYMBOL TABLE
  LABEL                             VALUE 

OSTS                              00000003
P                                 00000004
P1M0                              00000006
P1M1                              00000007
PCL                               00000002
PCLATH                            0000000A
PCON                              0000008E
PDC0                              00000000
PDC1                              00000001
PDC2                              00000002
PDC3                              00000003
PDC4                              00000004
PDC5                              00000005
PDC6                              00000006
PEIE                              00000006
PEN                               00000002
PIE1                              0000008C
PIE2                              0000008D
PIR1                              0000000C
PIR2                              0000000D
POPOUT                            00000000
PORTA                             00000005
PORTB                             00000006
PORTC                             00000007
PORTE                             00000009
PR2                               00000092
PRSEN                             00000007
PS0                               00000000
PS1                               00000001
PS2                               00000002
PSA                               00000003
PSSAC0                            00000002
PSSAC1                            00000003
PSSBD0                            00000000
PSSBD1                            00000001
PSTRCON                           0000009D
PULSR                             00000002
PULSS                             00000003
PUSHIN                            00000000
PWM1CON                           0000009B
R                                 00000002
RA0                               00000000
RA1                               00000001
RA2                               00000002
RA3                               00000003
RA4                               00000004
RA5                               00000005
RA6                               00000006
RA7                               00000007
RB0                               00000000
RB1                               00000001
RB2                               00000002
RB3                               00000003
MPASM 5.86               PORTB INTERRUPT.ASM   10-2-2024  12:37:35         PAGE 14


SYMBOL TABLE
  LABEL                             VALUE 

RB4                               00000004
RB5                               00000005
RB6                               00000006
RB7                               00000007
RBIE                              00000003
RBIF                              00000000
RC0                               00000000
RC1                               00000001
RC2                               00000002
RC3                               00000003
RC4                               00000004
RC5                               00000005
RC6                               00000006
RC7                               00000007
RC8_9                             00000006
RC9                               00000006
RCD8                              00000000
RCEN                              00000003
RCIDL                             00000006
RCIE                              00000005
RCIF                              00000005
RCREG                             0000001A
RCSTA                             00000018
RD                                00000000
RE3                               00000003
READ_WRITE                        00000002
RECALLSIX                         0000002E
RP0                               00000005
RP1                               00000006
RSEN                              00000001
RUN                               00000007
RX9                               00000006
RX9D                              00000000
R_NOT_W                           00000002
R_W                               00000002
S                                 00000003
SAVESIX                           00000025
SBOREN                            00000004
SCKP                              00000004
SCS                               00000000
SEN                               00000000
SENDB                             00000003
SETUP                             00000005
SEVEN                             00000021
SIX                               00000042
SKIP                              0000003C
SMP                               00000007
SPBRG                             00000099
SPBRGH                            0000009A
SPEN                              00000007
SR0                               00000006
SR1                               00000007
SRCON                             00000185
MPASM 5.86               PORTB INTERRUPT.ASM   10-2-2024  12:37:35         PAGE 15


SYMBOL TABLE
  LABEL                             VALUE 

SREN                              00000005
SSPADD                            00000093
SSPBUF                            00000013
SSPCON                            00000014
SSPCON2                           00000091
SSPEN                             00000005
SSPIE                             00000003
SSPIF                             00000003
SSPM0                             00000000
SSPM1                             00000001
SSPM2                             00000002
SSPM3                             00000003
SSPMSK                            00000093
SSPOV                             00000006
SSPSTAT                           00000094
START                             00000000
STATUS                            00000003
STEP                              00000025
STRA                              00000000
STRB                              00000001
STRC                              00000002
STRD                              00000003
STRSYNC                           00000004
SWDTEN                            00000000
SYNC                              00000004
T0CS                              00000005
T0IE                              00000005
T0IF                              00000002
T0SE                              00000004
T1CKPS0                           00000004
T1CKPS1                           00000005
T1CON                             00000010
T1GINV                            00000007
T1GIV                             00000007
T1GSS                             00000001
T1INSYNC                          00000002
T1OSCEN                           00000003
T1SYNC                            00000002
T2CKPS0                           00000000
T2CKPS1                           00000001
T2CON                             00000012
TMR0                              00000001
TMR0IE                            00000005
TMR0IF                            00000002
TMR1                              0000000E
TMR1CS                            00000001
TMR1GE                            00000006
TMR1H                             0000000F
TMR1IE                            00000000
TMR1IF                            00000000
TMR1L                             0000000E
TMR1ON                            00000000
TMR2                              00000011
MPASM 5.86               PORTB INTERRUPT.ASM   10-2-2024  12:37:35         PAGE 16


SYMBOL TABLE
  LABEL                             VALUE 

TMR2IE                            00000001
TMR2IF                            00000001
TMR2ON                            00000002
TOUTPS0                           00000003
TOUTPS1                           00000004
TOUTPS2                           00000005
TOUTPS3                           00000006
TRISA                             00000085
TRISA0                            00000000
TRISA1                            00000001
TRISA2                            00000002
TRISA3                            00000003
TRISA4                            00000004
TRISA5                            00000005
TRISA6                            00000006
TRISA7                            00000007
TRISB                             00000086
TRISB0                            00000000
TRISB1                            00000001
TRISB2                            00000002
TRISB3                            00000003
TRISB4                            00000004
TRISB5                            00000005
TRISB6                            00000006
TRISB7                            00000007
TRISC                             00000087
TRISC0                            00000000
TRISC1                            00000001
TRISC2                            00000002
TRISC3                            00000003
TRISC4                            00000004
TRISC5                            00000005
TRISC6                            00000006
TRISC7                            00000007
TRISE                             00000089
TRISE3                            00000003
TRMT                              00000001
TUN0                              00000000
TUN1                              00000001
TUN2                              00000002
TUN3                              00000003
TUN4                              00000004
TX8_9                             00000006
TX9                               00000006
TX9D                              00000000
TXD8                              00000000
TXEN                              00000005
TXIE                              00000004
TXIF                              00000004
TXREG                             00000019
TXSTA                             00000098
UA                                00000001
ULPWUE                            00000005
MPASM 5.86               PORTB INTERRUPT.ASM   10-2-2024  12:37:35         PAGE 17


SYMBOL TABLE
  LABEL                             VALUE 

ULPWUIE                           00000002
ULPWUIF                           00000002
VCFG0                             00000004
VCFG1                             00000005
VR0                               00000000
VR1                               00000001
VR2                               00000002
VR3                               00000003
VRCON                             00000097
VREN                              00000007
VROE                              00000006
VRR                               00000005
VRSS                              00000004
W                                 00000000
WCOL                              00000007
WDTCON                            00000105
WDTPS0                            00000001
WDTPS1                            00000002
WDTPS2                            00000003
WDTPS3                            00000004
WPUB                              00000095
WPUB0                             00000000
WPUB1                             00000001
WPUB2                             00000002
WPUB3                             00000003
WPUB4                             00000004
WPUB5                             00000005
WPUB6                             00000006
WPUB7                             00000007
WR                                00000001
WREN                              00000002
WRERR                             00000003
WUE                               00000001
Z                                 00000002
_BOR21V                           00003EFF
_BOR40V                           00003FFF
_BOR4V_BOR21V                     00003EFF
_BOR4V_BOR40V                     00003FFF
_BOREN_NSLEEP                     00003EFF
_BOREN_OFF                        00003CFF
_BOREN_ON                         00003FFF
_BOREN_SBODEN                     00003DFF
_BOR_NSLEEP                       00003EFF
_BOR_OFF                          00003CFF
_BOR_ON                           00003FFF
_BOR_SBODEN                       00003DFF
_CONFIG1                          00002007
_CONFIG2                          00002008
_CPD_OFF                          00003FFF
_CPD_ON                           00003F7F
_CP_OFF                           00003FFF
_CP_ON                            00003FBF
_DEBUG_OFF                        00003FFF
MPASM 5.86               PORTB INTERRUPT.ASM   10-2-2024  12:37:35         PAGE 18


SYMBOL TABLE
  LABEL                             VALUE 

_DEBUG_ON                         00001FFF
_DEVID1                           00002006
_EC_OSC                           00003FFB
_EXTRC                            00003FFF
_EXTRCIO                          00003FFE
_EXTRC_OSC_CLKOUT                 00003FFF
_EXTRC_OSC_NOCLKOUT               00003FFE
_FCMEN_OFF                        000037FF
_FCMEN_ON                         00003FFF
_FOSC_EC                          00003FFB
_FOSC_EXTRC_CLKOUT                00003FFF
_FOSC_EXTRC_NOCLKOUT              00003FFE
_FOSC_HS                          00003FFA
_FOSC_INTRC_CLKOUT                00003FFD
_FOSC_INTRC_NOCLKOUT              00003FFC
_FOSC_LP                          00003FF8
_FOSC_XT                          00003FF9
_HS_OSC                           00003FFA
_IDLOC0                           00002000
_IDLOC1                           00002001
_IDLOC2                           00002002
_IDLOC3                           00002003
_IESO_OFF                         00003BFF
_IESO_ON                          00003FFF
_INTOSC                           00003FFD
_INTOSCIO                         00003FFC
_INTRC_OSC_CLKOUT                 00003FFD
_INTRC_OSC_NOCLKOUT               00003FFC
_LP_OSC                           00003FF8
_LVP_OFF                          00002FFF
_LVP_ON                           00003FFF
_MCLRE_OFF                        00003FDF
_MCLRE_ON                         00003FFF
_PWRTE_OFF                        00003FFF
_PWRTE_ON                         00003FEF
_WDTE_OFF                         00003FF7
_WDTE_ON                          00003FFF
_WDT_OFF                          00003FF7
_WDT_ON                           00003FFF
_WRT_1FOURTH                      00003BFF
_WRT_256                          00003DFF
_WRT_HALF                         000039FF
_WRT_OFF                          00003FFF
_XT_OSC                           00003FF9
__16F883                          00000001

Errors   :     0
Warnings :     1 reported,     7 suppressed
Messages :    15 reported,     9 suppressed

