Message[302] C:\USERS\JACKEL\MPLABXPROJECTS\I2CSLAVE.X\1788SETUP.INC 32 : Register in operand not in bank 0.  Ensure that bank bits are correct.
Message[302] C:\USERS\JACKEL\MPLABXPROJECTS\I2CSLAVE.X\1788SETUP.INC 40 : Register in operand not in bank 0.  Ensure that bank bits are correct.
Message[302] C:\USERS\JACKEL\MPLABXPROJECTS\I2CSLAVE.X\1788SETUP.INC 44 : Register in operand not in bank 0.  Ensure that bank bits are correct.
Message[302] C:\USERS\JACKEL\MPLABXPROJECTS\I2CSLAVE.X\1788SETUP.INC 48 : Register in operand not in bank 0.  Ensure that bank bits are correct.
Message[302] C:\USERS\JACKEL\MPLABXPROJECTS\I2CSLAVE.X\1788SETUP.INC 50 : Register in operand not in bank 0.  Ensure that bank bits are correct.
Message[302] C:\USERS\JACKEL\MPLABXPROJECTS\I2CSLAVE.X\1788SETUP.INC 53 : Register in operand not in bank 0.  Ensure that bank bits are correct.
Message[302] C:\USERS\JACKEL\MPLABXPROJECTS\I2CSLAVE.X\1788SETUP.INC 71 : Register in operand not in bank 0.  Ensure that bank bits are correct.
Message[302] C:\USERS\JACKEL\MPLABXPROJECTS\I2CSLAVE.X\1788SETUP.INC 72 : Register in operand not in bank 0.  Ensure that bank bits are correct.
Message[302] C:\USERS\JACKEL\MPLABXPROJECTS\I2CSLAVE.X\1788SETUP.INC 73 : Register in operand not in bank 0.  Ensure that bank bits are correct.
Message[302] C:\USERS\JACKEL\MPLABXPROJECTS\I2CSLAVE.X\1788SETUP.INC 78 : Register in operand not in bank 0.  Ensure that bank bits are correct.
Message[302] C:\USERS\JACKEL\MPLABXPROJECTS\I2CSLAVE.X\1788SETUP.INC 81 : Register in operand not in bank 0.  Ensure that bank bits are correct.
Message[302] C:\USERS\JACKEL\MPLABXPROJECTS\I2CSLAVE.X\1788SETUP.INC 88 : Register in operand not in bank 0.  Ensure that bank bits are correct.
Message[302] C:\USERS\JACKEL\MPLABXPROJECTS\I2CSLAVE.X\1788SETUP.INC 91 : Register in operand not in bank 0.  Ensure that bank bits are correct.
Message[302] C:\USERS\JACKEL\MPLABXPROJECTS\I2CSLAVE.X\1788SETUP.INC 94 : Register in operand not in bank 0.  Ensure that bank bits are correct.
Message[302] C:\USERS\JACKEL\MPLABXPROJECTS\I2CSLAVE.X\1788SETUP.INC 96 : Register in operand not in bank 0.  Ensure that bank bits are correct.
Message[302] C:\USERS\JACKEL\MPLABXPROJECTS\I2CSLAVE.X\1788SETUP.INC 98 : Register in operand not in bank 0.  Ensure that bank bits are correct.
Message[302] C:\USERS\JACKEL\MPLABXPROJECTS\I2CSLAVE.X\1788SETUP.INC 107 : Register in operand not in bank 0.  Ensure that bank bits are correct.
Message[302] C:\USERS\JACKEL\MPLABXPROJECTS\I2CSLAVE.X\1788SETUP.INC 110 : Register in operand not in bank 0.  Ensure that bank bits are correct.
Warning[207] C:\USERS\JACKEL\MPLABXPROJECTS\I2CSLAVE.X\I2CSLAVE.ASM 42 : Found label after column 1. (ANSELECT)
Warning[207] C:\USERS\JACKEL\MPLABXPROJECTS\I2CSLAVE.X\I2CSLAVE.ASM 43 : Found label after column 1. (TEMP)
Message[302] C:\USERS\JACKEL\MPLABXPROJECTS\I2CSLAVE.X\I2CSLAVE.ASM 103 : Register in operand not in bank 0.  Ensure that bank bits are correct.
Message[302] C:\USERS\JACKEL\MPLABXPROJECTS\I2CSLAVE.X\I2CSLAVE.ASM 105 : Register in operand not in bank 0.  Ensure that bank bits are correct.
Message[302] C:\USERS\JACKEL\MPLABXPROJECTS\I2CSLAVE.X\I2CSLAVE.ASM 110 : Register in operand not in bank 0.  Ensure that bank bits are correct.
Message[302] C:\USERS\JACKEL\MPLABXPROJECTS\I2CSLAVE.X\I2CSLAVE.ASM 113 : Register in operand not in bank 0.  Ensure that bank bits are correct.
Message[302] C:\USERS\JACKEL\MPLABXPROJECTS\I2CSLAVE.X\I2CSLAVE.ASM 115 : Register in operand not in bank 0.  Ensure that bank bits are correct.
Message[302] C:\USERS\JACKEL\MPLABXPROJECTS\I2CSLAVE.X\I2CSLAVE.ASM 117 : Register in operand not in bank 0.  Ensure that bank bits are correct.
Message[302] C:\USERS\JACKEL\MPLABXPROJECTS\I2CSLAVE.X\I2CSLAVE.ASM 118 : Register in operand not in bank 0.  Ensure that bank bits are correct.
Message[302] C:\USERS\JACKEL\MPLABXPROJECTS\I2CSLAVE.X\I2CSLAVE.ASM 119 : Register in operand not in bank 0.  Ensure that bank bits are correct.
Message[302] C:\USERS\JACKEL\MPLABXPROJECTS\I2CSLAVE.X\I2CSLAVE.ASM 127 : Register in operand not in bank 0.  Ensure that bank bits are correct.
Message[302] C:\USERS\JACKEL\MPLABXPROJECTS\I2CSLAVE.X\I2CSLAVE.ASM 128 : Register in operand not in bank 0.  Ensure that bank bits are correct.
Message[302] C:\USERS\JACKEL\MPLABXPROJECTS\I2CSLAVE.X\I2CSLAVE.ASM 129 : Register in operand not in bank 0.  Ensure that bank bits are correct.
Message[302] C:\USERS\JACKEL\MPLABXPROJECTS\I2CSLAVE.X\I2CSLAVE.ASM 130 : Register in operand not in bank 0.  Ensure that bank bits are correct.
Message[302] C:\USERS\JACKEL\MPLABXPROJECTS\I2CSLAVE.X\I2CSLAVE.ASM 133 : Register in operand not in bank 0.  Ensure that bank bits are correct.
Message[302] C:\USERS\JACKEL\MPLABXPROJECTS\I2CSLAVE.X\I2CSLAVE.ASM 135 : Register in operand not in bank 0.  Ensure that bank bits are correct.
Message[302] C:\USERS\JACKEL\MPLABXPROJECTS\I2CSLAVE.X\I2CSLAVE.ASM 136 : Register in operand not in bank 0.  Ensure that bank bits are correct.
Message[302] C:\USERS\JACKEL\MPLABXPROJECTS\I2CSLAVE.X\I2CSLAVE.ASM 137 : Register in operand not in bank 0.  Ensure that bank bits are correct.
Message[302] C:\USERS\JACKEL\MPLABXPROJECTS\I2CSLAVE.X\I2CSLAVE.ASM 139 : Register in operand not in bank 0.  Ensure that bank bits are correct.
Message[302] C:\USERS\JACKEL\MPLABXPROJECTS\I2CSLAVE.X\I2CSLAVE.ASM 140 : Register in operand not in bank 0.  Ensure that bank bits are correct.
Message[302] C:\USERS\JACKEL\MPLABXPROJECTS\I2CSLAVE.X\I2CSLAVE.ASM 144 : Register in operand not in bank 0.  Ensure that bank bits are correct.
Message[302] C:\USERS\JACKEL\MPLABXPROJECTS\I2CSLAVE.X\I2CSLAVE.ASM 178 : Register in operand not in bank 0.  Ensure that bank bits are correct.
Message[302] C:\USERS\JACKEL\MPLABXPROJECTS\I2CSLAVE.X\I2CSLAVE.ASM 184 : Register in operand not in bank 0.  Ensure that bank bits are correct.
Message[302] C:\USERS\JACKEL\MPLABXPROJECTS\I2CSLAVE.X\I2CSLAVE.ASM 204 : Register in operand not in bank 0.  Ensure that bank bits are correct.
Message[302] C:\USERS\JACKEL\MPLABXPROJECTS\I2CSLAVE.X\I2CSLAVE.ASM 215 : Register in operand not in bank 0.  Ensure that bank bits are correct.
Message[302] C:\USERS\JACKEL\MPLABXPROJECTS\I2CSLAVE.X\I2CSLAVE.ASM 220 : Register in operand not in bank 0.  Ensure that bank bits are correct.
Message[302] C:\USERS\JACKEL\MPLABXPROJECTS\I2CSLAVE.X\I2CSLAVE.ASM 227 : Register in operand not in bank 0.  Ensure that bank bits are correct.
Message[302] C:\USERS\JACKEL\MPLABXPROJECTS\I2CSLAVE.X\I2CSLAVE.ASM 234 : Register in operand not in bank 0.  Ensure that bank bits are correct.
Message[302] C:\USERS\JACKEL\MPLABXPROJECTS\I2CSLAVE.X\I2CSLAVE.ASM 245 : Register in operand not in bank 0.  Ensure that bank bits are correct.
Message[302] C:\USERS\JACKEL\MPLABXPROJECTS\I2CSLAVE.X\I2CSLAVE.ASM 250 : Register in operand not in bank 0.  Ensure that bank bits are correct.
Message[302] C:\USERS\JACKEL\MPLABXPROJECTS\I2CSLAVE.X\I2CSLAVE.ASM 257 : Register in operand not in bank 0.  Ensure that bank bits are correct.
Message[302] C:\USERS\JACKEL\MPLABXPROJECTS\I2CSLAVE.X\I2CSLAVE.ASM 264 : Register in operand not in bank 0.  Ensure that bank bits are correct.
Message[302] C:\USERS\JACKEL\MPLABXPROJECTS\I2CSLAVE.X\I2CSLAVE.ASM 275 : Register in operand not in bank 0.  Ensure that bank bits are correct.
Message[302] C:\USERS\JACKEL\MPLABXPROJECTS\I2CSLAVE.X\I2CSLAVE.ASM 280 : Register in operand not in bank 0.  Ensure that bank bits are correct.
Message[302] C:\USERS\JACKEL\MPLABXPROJECTS\I2CSLAVE.X\I2CSLAVE.ASM 287 : Register in operand not in bank 0.  Ensure that bank bits are correct.
Warning[205] C:\USERS\JACKEL\MPLABXPROJECTS\I2CSLAVE.X\I2CSLAVE.ASM 290 : Found directive in column 1. (END)
