MPASM 5.86                     883KEYPAD.ASM   9-9-2024  20:05:17         PAGE  1


LOC  OBJECT CODE     LINE SOURCE TEXT
  VALUE

                      00001 ;873ABasic.asm
                      00002         ;SEPTEMBER 8, 2024
                      00003         ;OWEN FUJII
                      00004         ;Basic Setup File for the PIC16F883
                      00005 
                      00006                 #INCLUDE <p16f883.inc>                  ; processor specific variable definitions
                      00001         LIST
                      00002 
                      00003 ;==========================================================================
                      00004 ; Build date : Oct 24 2019
                      00005 ;  MPASM PIC16F883 processor include
                      00006 ; 
                      00007 ;  (c) Copyright 1999-2019 Microchip Technology, All rights reserved
                      00008 ;==========================================================================
                      00009 
                      00781         LIST
                      00007                 LIST      p=16f883                      ; list directive to define processor
                      00008                 errorlevel -302,-207,-305,-206,-203     ;suppress "not in bank 0" message,  Found label 
                            after column 1,
                      00009                                                         ;Using default destination of 1 (file),  Found c
                            all to macro in column 1
                      00010 
                      00011                 #include "p16f883.inc"
                      00782         LIST
                      00783 
                      00784 ;==========================================================================
                      00785 ; Build date : Oct 24 2019
                      00786 ;  MPASM PIC16F883 processor include
                      00787 ; 
                      00788 ;  (c) Copyright 1999-2019 Microchip Technology, All rights reserved
                      00789 ;==========================================================================
                      00790 
Message[310]: Superseding current maximum RAM and RAM map.
                      01562         LIST
                      00012 
                      00013 ; CONFIG1
                      00014 ; __config 0xF8E7
2007   20D1           00015  __CONFIG _CONFIG1, _FOSC_XT & _WDTE_OFF & _PWRTE_OFF & _MCLRE_OFF & _CP_OFF & _CPD_OFF & _BOREN_OFF & _
                            IESO_OFF & _FCMEN_OFF & _LVP_OFF
                      00016 ; CONFIG2
                      00017 ; __config 0xFFFF
2008   3FFF           00018  __CONFIG _CONFIG2, _BOR4V_BOR40V & _WRT_OFF
                      00019 ;******************************************             
                      00020 ;Define Constants
                      00021 ;******************************************
                      00022 
                      00023 #Define         BAUD            D'100'                          ;Desired Baud Rate in Kbps for I2C
                      00024 #Define         FOSC            D'16000'                        ;Oscillator Clock in KHz This must be fi
                            lled
                      00025 
                      00026 ;******************************************             
                      00027 ;Define Variable Registers
                      00028 ;******************************************
MPASM 5.86                     883KEYPAD.ASM   9-9-2024  20:05:17         PAGE  2


LOC  OBJECT CODE     LINE SOURCE TEXT
  VALUE

                      00029 
  00000020            00030         COUNT1  EQU     0x20
  00000021            00031         COUNT2  EQU     0x21
  00000022            00032         COUNT3  EQU     0x22
  00000023            00033         COUNT4  EQU     0x23
  00000024            00034         COUNT5  EQU     0x24
  00000025            00035         STEP    EQU     0x25
  00000026            00036         LEG_1   EQU     0x26
                      00037                 
                      00038 ;******************************************             
                      00039 ;Interupt Vectors
                      00040 ;******************************************
                      00041                 ORG H'000'                                      
0000   2???           00042                 GOTO SETUP                                      ;RESET CONDITION GOTO SETUP
                      00043 
                      00044 ;******************************************
                      00045 ;SETUP ROUTINE
                      00046 ;******************************************
0001                  00047 SETUP
                      00048 ;*** SFR SETUP **********
                      00049  
                      00050                 
                      00051 ;*** SET OPTION_REG: ****
0001   1683 1303      00052                 BANKSEL OPTION_REG
0003   1001           00053                 BCF             OPTION_REG, PS0         ;\\
0004   1081           00054                 BCF             OPTION_REG, PS1         ; >>PRESCALER RATIO SET 1:1
0005   1101           00055                 BCF             OPTION_REG, PS2         ;//
0006   1181           00056                 BCF             OPTION_REG, PSA         ;PRESCALER ASSIGNED TO WDT 
0007   1601           00057                 BSF             OPTION_REG, T0SE        ;TMR0 EDGE SET RISING
0008   1281           00058                 BCF             OPTION_REG, T0CS        ;TMR0 CLOCK SOURCE SET TO INTERNAL
0009   1701           00059                 BSF             OPTION_REG, INTEDG      ;RB0/INT SET TO RISING EDGE
000A   1781           00060                 BSF             OPTION_REG, 7           ;PORTB PULLUP DISABLED
                      00061 ;*** SET INTCON REG: ****
000B   1283 1303      00062                 BANKSEL INTCON
000D   118B           00063                 BCF             INTCON, RBIE            ;DISABLE PORT B CHANGE INTERUPT 
000E   120B           00064                 BCF             INTCON, INTE            ;DISABLE RB0/INT EXTERNAL INTERUPT
000F   128B           00065                 BCF             INTCON, TMR0IE          ;DISABLE TMR0 INTERUPT (ENABLED IN MAIN PROGRAM)
0010   170B           00066                 BSF             INTCON, PEIE            ;ENABLE PERIPHERAL INTERUPTS
0011   138B           00067                 BCF             INTCON, GIE             ;ENABLE ALL UNMASKED INTERUPTS
                      00068 ;*** SET PIE1 REG: *****
0012   1683 1303      00069                 BANKSEL PIE1
0014   100C           00070                 BCF             PIE1, TMR1IE            ;DISABLE TMR1 INTERUPT
0015   108C           00071                 BCF             PIE1, TMR2IE            ;DISABLE TMR2 INTERUPT POR PWM
0016   110C           00072                 BCF             PIE1, CCP1IE            ;DISABLE CCP1 INTERUPT
0017   118C           00073                 BCF             PIE1, SSPIE             ;DISABLE SSP INTERUPT
0018   120C           00074                 BCF             PIE1, TXIE              ;DISABLE USART TRANSMIT INTERUPT
0019   128C           00075                 BCF             PIE1, RCIE              ;DISABLE USART RECIEVE INTERUPT
001A   130C           00076                 BCF             PIE1, ADIE              ;DISABLE A/D INTERUPT
001B   138C           00077                 BCF             PIE1, 7                 ;DISABLE PSP INTERUPT
                      00078 ;***** SET PIE2 REG: *****
001C   1683 1303      00079                 BANKSEL PIE2
001E   138D           00080                 BCF             PIE2, OSFIE              ; SET OSCILLATOR PANIC
001F   130D           00081                 BCF             PIE2, C2IE               ; DISABLE
MPASM 5.86                     883KEYPAD.ASM   9-9-2024  20:05:17         PAGE  3


LOC  OBJECT CODE     LINE SOURCE TEXT
  VALUE

0020   128D           00082                 BCF             PIE2, C1IE
0021   120D           00083                 BCF             PIE2, EEIE
0022   118D           00084                 BCF             PIE2, BCLIE
0023   110D           00085                 BCF             PIE2, ULPWUIE
0024   108D           00086                 BCF             PIE2, 1
0025   100D           00087                 BCF             PIE2, CCP2IE
                      00088 ;**** SET PIR2 BITS *****
0026   1283 1303      00089                 BANKSEL PIR2
0028   138D           00090                 BCF             PIR2, OSFIF             ; ENABLE INTERNAL CLOCK FAILSAFE ***** DISABLE L
                            ATER
0029   130D           00091                 BCF             PIR2, C2IF              ; DISABLE C2 INTERRUPT FLAG
002A   128D           00092                 BCF             PIR2, C1IF              ; DISBLE C1 INTERRUPT FLAG
002B   120D           00093                 BCF             PIR2, EEIF              ; DISABLE EE WRITE INTERRUPT FLAG
002C   118D           00094                 BCF             PIR2, BCLIF             ; DISABLE BUS COLLISION INTERRUPT FLAG
002D   110D           00095                 BCF             PIR2, ULPWUIF           ; ULTRA LOW POWER WAKEUP INTERRUPT DIABLE
002E   108D           00096                 BCF             PIR2, 1                 ; BIT NOT USED
002F   100D           00097                 BCF             PIR2, CCP2IF            ; CCP2 INTERUPT FLAD DISABLED
                      00098 ;*** SET CCP1CON REG: **
0030   1283 1303      00099                 BANKSEL CCP1CON
0032   3000           00100                 MOVLW   H'000'                          ;DISABLE PWM & CCP
0033   0097           00101                 MOVWF   CCP1CON
0034   1283 1703      00102                 BANKSEL CM2CON1
0036   3000           00103                 MOVLW   H'000'
0037   0089           00104                 MOVWF   CM2CON1
                      00105 
                      00106 ;*** TIMER 1 SETUP *****
0038   1283 1303      00107                 BANKSEL T1CON
003A   3000           00108                 MOVLW   H'000'                          ;
003B   0090           00109                 MOVWF   T1CON                           ;DISABLE TIMER 1
                      00110 
                      00111 ;*** TIMER 2 SETUP *****
                      00112 
003C   1283 1303      00113                 BANKSEL T2CON
003E   0192           00114                 CLRF    T2CON                           ;DISABLE TIMER 2, 1:1 POST SCALE, PRESCALER 1
003F   3000           00115                 MOVLW   H'000'                          ;SET PR2 FOR FULL COUNT 
0040   1683 1303      00116                 BANKSEL PR2                             ;
0042   0092           00117                 MOVWF   PR2                             ;PR2 IS SETS OUTPUT OF PWM HIGH WHEN = TMR2
                      00118  
                      00119 ;*** PORT A SETUP **** PORT B RB0 IS USED AS EDGE TRIGGERED INPUT
                      00120 
0043   1683 1303      00121                 BANKSEL ADCON1
0045   139F           00122                 BCF     ADCON1,7
0046   169F           00123                 BSF     ADCON1,5
0047   171F           00124                 BSF     ADCON1,6
0048   1283 1303      00125                 BANKSEL PORTA
004A   0185           00126                 CLRF    PORTA                           ; CLEAR PORTA
004B   1683 1303      00127                 BANKSEL TRISA
004D   30FF           00128                 MOVLW   H'FF'                           ;SET PORT A AS INPUT
004E   0085           00129                 MOVWF   TRISA
                      00130                 
                      00131 ;*** PORT B SETUP **** PORT B RB0 IS USED AS EDGE TRIGGERED INPUT
004F   1283 1303      00132                 BANKSEL PORTB
0051   0186           00133                 CLRF    PORTB                           ; CLEAR PORTB 
MPASM 5.86                     883KEYPAD.ASM   9-9-2024  20:05:17         PAGE  4


LOC  OBJECT CODE     LINE SOURCE TEXT
  VALUE

0052   1683 1303      00134                 BANKSEL TRISB
0054   30F0           00135                 MOVLW   H'F0'                           ;SET PORTB RB7-RB4 AS INPUT AND RB3-RB0 AS OUTPU
                            T
0055   0086           00136                 MOVWF   TRISB
0056   1683 1703      00137                 BANKSEL ANSELH
0058   3000           00138                 MOVLW H'000'                            ; DISABLE ADC INPUTS BANK B
0059   0089           00139                 MOVWF ANSELH                            
005A   1683 1303      00140                 BANKSEL WPUB                            ; DISABLE ALL WEAK PULL UPS PORT B
005C   3000           00141                 MOVLW   H'000'
005D   0095           00142                 MOVWF   WPUB
                      00143                 
                      00144 
                      00145 ;*** PORT C SETUP **** PORT B RB0 IS USED AS EDGE TRIGGERED INPUT
005E   1283 1303      00146                 BANKSEL PORTC
0060   0187           00147                 CLRF    PORTC                           ; CLEAR PORTC
0061   1683 1303      00148                 BANKSEL TRISC
0063   3000           00149                 MOVLW   H'000'                          ;SET PORT C AS OUTPUT
0064   0087           00150                 MOVWF   TRISC
0065   2???           00151                 GOTO    MAIN                            ;END OF SETUP ROUTINE
                      00152 
                      00153 ;******************************************
                      00154 ;Main Code
                      00155 ;******************************************
0066                  00156 MAIN    
0066   0000           00157                 NOP
0067   1283 1303      00158                 BANKSEL PORTC 
0069   3023           00159                 MOVLW H'23'                              ; MOVE LITERAL 'O' FOR DISPLAY IN HEX TO W
006A   0087           00160                 MOVWF PORTC                              ; MOVE W TO PORTC WITH 0 ADDRESS BIT 
006B   0103           00161                 CLRW                                     ; CLEAR W
006C   2???           00162                 GOTO RUN
006D                  00163 RUN 
006D   1283 1303      00164                 BANKSEL PORTB
006F   0186           00165                 CLRF PORTB
0070   1406           00166                 BSF PORTB,RB0                            ; SET RB0 TO TO A OUTPUT HIGH
0071   1A06           00167                 BTFSC PORTB,RB4                          ; CHECK INPUTS KEYPRESS OF FIRST ROW
0072   2???           00168                 GOTO SET0
0073   1A86           00169                 BTFSC PORTB,RB5
0074   2???           00170                 GOTO SET1
0075   1B06           00171                 BTFSC PORTB,RB6
0076   2???           00172                 GOTO SET2
0077   1B86           00173                 BTFSC PORTB,RB7
0078   2???           00174                 GOTO SET3                                ; FINISH CHECK OF M ASSOCIATED BITS
0079   1006           00175                 BCF PORTB,RB0                            ; CLEAR RB0 AS A HIGH
                      00176                 
                      00177                 
007A   1486           00178                 BSF PORTB,RB1                            ; SET RB1 TO A OUTPUT HIGH
007B   1A06           00179                 BTFSC PORTB,RB4                          ; CHECK INPUTS KEYPRESS OF SECOND ROW
007C   2???           00180                 GOTO SET4
007D   1A86           00181                 BTFSC PORTB,RB5
007E   2???           00182                 GOTO SET5
007F   1B06           00183                 BTFSC PORTB,RB6
0080   2???           00184                 GOTO SET6
0081   1B86           00185                 BTFSC PORTB,RB7
MPASM 5.86                     883KEYPAD.ASM   9-9-2024  20:05:17         PAGE  5


LOC  OBJECT CODE     LINE SOURCE TEXT
  VALUE

0082   2???           00186                 GOTO SET7                               ; FINISH CHECK OF L ASSOCIATED BITS   
0083   1086           00187                 BCF PORTB,RB1                           ; CLEAR PIN RB1 AS AN OUTPUT HIGH
                      00188                 
0084   1506           00189                 BSF PORTB,RB2                           ; SET RB2 AS AN OUTPUT HIGH
0085   1A06           00190                 BTFSC PORTB,RB4                         ; CHECK INPUTS FOR KEYPRESS OF THIRD ROW
0086   2???           00191                 GOTO SET8
0087   1A86           00192                 BTFSC PORTB,RB5
0088   2???           00193                 GOTO SET9
0089   1B06           00194                 BTFSC PORTB,RB6
008A   2???           00195                 GOTO SETA
008B   1B86           00196                 BTFSC PORTB,RB7
008C   2???           00197                 GOTO SETB                               ; FINISH CHECK OF K ASSOCIATED BITS
008D   1106           00198                 BCF PORTB,RB2                           ; CLEAR RB2 OF OUTPUT HIGH
                      00199                 
008E   1586           00200                 BSF PORTB, RB3
008F   1A06           00201                 BTFSC PORTB,RB4
0090   2???           00202                 GOTO SET34
0091   1A86           00203                 BTFSC PORTB,RB5
0092   2???           00204                 GOTO SETD
0093   1B06           00205                 BTFSC PORTB,RB6
0094   2???           00206                 GOTO SETE
0095   1B86           00207                 BTFSC PORTB,RB7
0096   2???           00208                 GOTO SETF                              ; FINISH CHECK OF J ASSOCIATED BITS
0097   1186           00209                 BCF PORTB, RB3
0098   2???           00210                 GOTO MAIN
                      00211 
                      00212                 
                      00213                 
0099                  00214 SET0
0099   0103           00215                 CLRW
009A   3030           00216                 MOVLW H'30'
009B   1283 1303      00217                 BANKSEL PORTC 
009D   0087           00218                 MOVWF PORTC
009E   2???           00219                 GOTO RUN
                      00220                 
009F                  00221 SET1
009F   0103           00222                 CLRW
00A0   3031           00223                 MOVLW H'31'
00A1   1283 1303      00224                 BANKSEL PORTC 
00A3   0087           00225                 MOVWF PORTC
00A4   2???           00226                 GOTO RUN
                      00227                 
00A5                  00228 SET2
00A5   0103           00229                 CLRW
00A6   3032           00230                 MOVLW H'32'
00A7   1283 1303      00231                 BANKSEL PORTC 
00A9   0087           00232                 MOVWF PORTC
00AA   2???           00233                 GOTO RUN
                      00234                 
00AB                  00235 SET3
00AB   0103           00236                 CLRW
00AC   3033           00237                 MOVLW H'33'
00AD   1283 1303      00238                 BANKSEL PORTC 
MPASM 5.86                     883KEYPAD.ASM   9-9-2024  20:05:17         PAGE  6


LOC  OBJECT CODE     LINE SOURCE TEXT
  VALUE

00AF   0087           00239                 MOVWF PORTC
00B0   2???           00240                 GOTO RUN
                      00241 
00B1                  00242 SET4
00B1   0103           00243                 CLRW
00B2   3034           00244                 MOVLW H'34'
00B3   1283 1303      00245                 BANKSEL PORTC 
00B5   0087           00246                 MOVWF PORTC
00B6   2???           00247                 GOTO RUN
                      00248 
00B7                  00249 SET5
00B7   0103           00250                 CLRW
00B8   3035           00251                 MOVLW H'35'
00B9   1283 1303      00252                 BANKSEL PORTC 
00BB   0087           00253                 MOVWF PORTC
00BC   2???           00254                 GOTO RUN
                      00255                 
00BD                  00256 SET6
00BD   0103           00257                 CLRW
00BE   3036           00258                 MOVLW H'36'
00BF   1283 1303      00259                 BANKSEL PORTC 
00C1   0087           00260                 MOVWF PORTC
00C2   2???           00261                 GOTO RUN
                      00262                 
00C3                  00263 SET7
00C3   0103           00264                 CLRW
00C4   3037           00265                 MOVLW H'37'
00C5   1283 1303      00266                 BANKSEL PORTC 
00C7   0087           00267                 MOVWF PORTC
00C8   2???           00268                 GOTO RUN
                      00269                 
00C9                  00270 SET8
00C9   0103           00271                 CLRW
00CA   3038           00272                 MOVLW H'38'
00CB   1283 1303      00273                 BANKSEL PORTC 
00CD   0087           00274                 MOVWF PORTC
00CE   2???           00275                 GOTO RUN
                      00276                 
00CF                  00277 SET9
00CF   0103           00278                 CLRW
00D0   3039           00279                 MOVLW H'39'
00D1   1283 1303      00280                 BANKSEL PORTC 
00D3   0087           00281                 MOVWF PORTC
00D4   2???           00282                 GOTO RUN
                      00283                 
00D5                  00284 SETA
00D5   0103           00285                 CLRW
00D6   3041           00286                 MOVLW H'41'
00D7   1283 1303      00287                 BANKSEL PORTC 
00D9   0087           00288                 MOVWF PORTC
00DA   2???           00289                 GOTO RUN
                      00290                 
00DB                  00291 SETB
MPASM 5.86                     883KEYPAD.ASM   9-9-2024  20:05:17         PAGE  7


LOC  OBJECT CODE     LINE SOURCE TEXT
  VALUE

00DB   0103           00292                 CLRW
00DC   3042           00293                 MOVLW H'42'
00DD   1283 1303      00294                 BANKSEL PORTC 
00DF   0087           00295                 MOVWF PORTC
00E0   2???           00296                 GOTO RUN
                      00297                 
00E1                  00298 SET34
00E1   0103           00299                 CLRW
00E2   3043           00300                 MOVLW H'43'
00E3   1283 1303      00301                 BANKSEL PORTC 
00E5   0087           00302                 MOVWF PORTC
00E6   2???           00303                 GOTO RUN
                      00304                 
00E7                  00305 SETD
00E7   0103           00306                 CLRW
00E8   3044           00307                 MOVLW H'44'
00E9   1283 1303      00308                 BANKSEL PORTC 
00EB   0087           00309                 MOVWF PORTC
00EC   2???           00310                 GOTO RUN
                      00311 
00ED                  00312 SETE
00ED   0103           00313                 CLRW
00EE   3045           00314                 MOVLW H'45'
00EF   1283 1303      00315                 BANKSEL PORTC 
00F1   0087           00316                 MOVWF PORTC
00F2   2???           00317                 GOTO RUN
                      00318 
00F3                  00319 SETF
00F3   0103           00320                 CLRW
00F4   3046           00321                 MOVLW H'46'
00F5   1283 1303      00322                 BANKSEL PORTC 
00F7   0087           00323                 MOVWF PORTC
00F8   2???           00324                 GOTO RUN
                      00325                 
Warning[205]: Found directive in column 1. (END)
20D1 3FFF             00326 END
MPASM 5.86                     883KEYPAD.ASM   9-9-2024  20:05:17         PAGE  8


SYMBOL TABLE
  LABEL                             VALUE 

ABDEN                             00000000
ABDOVF                            00000007
ACKDT                             00000005
ACKEN                             00000004
ACKSTAT                           00000006
ADCON0                            0000001F
ADCON1                            0000009F
ADCS0                             00000006
ADCS1                             00000007
ADDEN                             00000003
ADFM                              00000007
ADIE                              00000006
ADIF                              00000006
ADON                              00000000
ADRESH                            0000001E
ADRESL                            0000009E
ANS0                              00000000
ANS1                              00000001
ANS10                             00000002
ANS11                             00000003
ANS12                             00000004
ANS13                             00000005
ANS2                              00000002
ANS3                              00000003
ANS4                              00000004
ANS8                              00000000
ANS9                              00000001
ANSEL                             00000188
ANSELH                            00000189
BAUD                              D'100'
BAUDCTL                           00000187
BCLIE                             00000003
BCLIF                             00000003
BF                                00000000
BRG0                              00000000
BRG1                              00000001
BRG10                             00000002
BRG11                             00000003
BRG12                             00000004
BRG13                             00000005
BRG14                             00000006
BRG15                             00000007
BRG16                             00000003
BRG2                              00000002
BRG3                              00000003
BRG4                              00000004
BRG5                              00000005
BRG6                              00000006
BRG7                              00000007
BRG8                              00000000
BRG9                              00000001
BRGH                              00000002
C                                 00000000
MPASM 5.86                     883KEYPAD.ASM   9-9-2024  20:05:17         PAGE  9


SYMBOL TABLE
  LABEL                             VALUE 

C1CH0                             00000000
C1CH1                             00000001
C1IE                              00000005
C1IF                              00000005
C1OE                              00000005
C1ON                              00000007
C1OUT                             00000006
C1POL                             00000004
C1R                               00000002
C1RSEL                            00000005
C1SEN                             00000005
C2CH0                             00000000
C2CH1                             00000001
C2IE                              00000006
C2IF                              00000006
C2OE                              00000005
C2ON                              00000007
C2OUT                             00000006
C2POL                             00000004
C2R                               00000002
C2REN                             00000004
C2RSEL                            00000004
C2SYNC                            00000000
CCP1CON                           00000017
CCP1IE                            00000002
CCP1IF                            00000002
CCP1M0                            00000000
CCP1M1                            00000001
CCP1M2                            00000002
CCP1M3                            00000003
CCP1X                             00000005
CCP1Y                             00000004
CCP2CON                           0000001D
CCP2IE                            00000000
CCP2IF                            00000000
CCP2M0                            00000000
CCP2M1                            00000001
CCP2M2                            00000002
CCP2M3                            00000003
CCP2X                             00000005
CCP2Y                             00000004
CCPR1                             00000015
CCPR1H                            00000016
CCPR1L                            00000015
CCPR2                             0000001B
CCPR2H                            0000001C
CCPR2L                            0000001B
CHS0                              00000002
CHS1                              00000003
CHS2                              00000004
CHS3                              00000005
CKE                               00000006
CKP                               00000004
MPASM 5.86                     883KEYPAD.ASM   9-9-2024  20:05:17         PAGE 10


SYMBOL TABLE
  LABEL                             VALUE 

CM1CON0                           00000107
CM2CON0                           00000108
CM2CON1                           00000109
COUNT1                            00000020
COUNT2                            00000021
COUNT3                            00000022
COUNT4                            00000023
COUNT5                            00000024
CREN                              00000004
CSRC                              00000007
D                                 00000005
DATA_ADDRESS                      00000005
DC                                00000001
DC1B0                             00000004
DC1B1                             00000005
DC2B0                             00000004
DC2B1                             00000005
D_A                               00000005
D_NOT_A                           00000005
ECCPAS                            0000009C
ECCPAS0                           00000004
ECCPAS1                           00000005
ECCPAS2                           00000006
ECCPASE                           00000007
EEADR                             0000010D
EEADRH                            0000010F
EECON1                            0000018C
EECON2                            0000018D
EEDAT                             0000010C
EEDATA                            0000010C
EEDATH                            0000010E
EEIE                              00000004
EEIF                              00000004
EEPGD                             00000007
F                                 00000001
FERR                              00000002
FOSC                              D'16000'
FSR                               00000004
FVREN                             00000000
GCEN                              00000007
GIE                               00000007
GO                                00000001
GO_DONE                           00000001
GO_NOT_DONE                       00000001
HTS                               00000002
I2C_DATA                          00000005
I2C_READ                          00000002
I2C_START                         00000003
I2C_STOP                          00000004
INDF                              00000000
INTCON                            0000000B
INTE                              00000004
INTEDG                            00000006
MPASM 5.86                     883KEYPAD.ASM   9-9-2024  20:05:17         PAGE 11


SYMBOL TABLE
  LABEL                             VALUE 

INTF                              00000001
IOCB                              00000096
IOCB0                             00000000
IOCB1                             00000001
IOCB2                             00000002
IOCB3                             00000003
IOCB4                             00000004
IOCB5                             00000005
IOCB6                             00000006
IOCB7                             00000007
IRCF0                             00000004
IRCF1                             00000005
IRCF2                             00000006
IRP                               00000007
LEG_1                             00000026
LTS                               00000001
MAIN                              00000066
MC1OUT                            00000007
MC2OUT                            00000006
MSK                               00000093
MSK0                              00000000
MSK1                              00000001
MSK2                              00000002
MSK3                              00000003
MSK4                              00000004
MSK5                              00000005
MSK6                              00000006
MSK7                              00000007
NOT_A                             00000005
NOT_ADDRESS                       00000005
NOT_BO                            00000000
NOT_BOR                           00000000
NOT_DONE                          00000001
NOT_PD                            00000003
NOT_POR                           00000001
NOT_RBPU                          00000007
NOT_RC8                           00000006
NOT_T1SYNC                        00000002
NOT_TO                            00000004
NOT_TX8                           00000006
NOT_W                             00000002
NOT_WRITE                         00000002
OERR                              00000001
OPTION_REG                        00000081
OSCCON                            0000008F
OSCTUNE                           00000090
OSFIE                             00000007
OSFIF                             00000007
OSTS                              00000003
P                                 00000004
P1M0                              00000006
P1M1                              00000007
PCL                               00000002
MPASM 5.86                     883KEYPAD.ASM   9-9-2024  20:05:17         PAGE 12


SYMBOL TABLE
  LABEL                             VALUE 

PCLATH                            0000000A
PCON                              0000008E
PDC0                              00000000
PDC1                              00000001
PDC2                              00000002
PDC3                              00000003
PDC4                              00000004
PDC5                              00000005
PDC6                              00000006
PEIE                              00000006
PEN                               00000002
PIE1                              0000008C
PIE2                              0000008D
PIR1                              0000000C
PIR2                              0000000D
PORTA                             00000005
PORTB                             00000006
PORTC                             00000007
PORTE                             00000009
PR2                               00000092
PRSEN                             00000007
PS0                               00000000
PS1                               00000001
PS2                               00000002
PSA                               00000003
PSSAC0                            00000002
PSSAC1                            00000003
PSSBD0                            00000000
PSSBD1                            00000001
PSTRCON                           0000009D
PULSR                             00000002
PULSS                             00000003
PWM1CON                           0000009B
R                                 00000002
RA0                               00000000
RA1                               00000001
RA2                               00000002
RA3                               00000003
RA4                               00000004
RA5                               00000005
RA6                               00000006
RA7                               00000007
RB0                               00000000
RB1                               00000001
RB2                               00000002
RB3                               00000003
RB4                               00000004
RB5                               00000005
RB6                               00000006
RB7                               00000007
RBIE                              00000003
RBIF                              00000000
RC0                               00000000
MPASM 5.86                     883KEYPAD.ASM   9-9-2024  20:05:17         PAGE 13


SYMBOL TABLE
  LABEL                             VALUE 

RC1                               00000001
RC2                               00000002
RC3                               00000003
RC4                               00000004
RC5                               00000005
RC6                               00000006
RC7                               00000007
RC8_9                             00000006
RC9                               00000006
RCD8                              00000000
RCEN                              00000003
RCIDL                             00000006
RCIE                              00000005
RCIF                              00000005
RCREG                             0000001A
RCSTA                             00000018
RD                                00000000
RE3                               00000003
READ_WRITE                        00000002
RP0                               00000005
RP1                               00000006
RSEN                              00000001
RUN                               0000006D
RX9                               00000006
RX9D                              00000000
R_NOT_W                           00000002
R_W                               00000002
S                                 00000003
SBOREN                            00000004
SCKP                              00000004
SCS                               00000000
SEN                               00000000
SENDB                             00000003
SET0                              00000099
SET1                              0000009F
SET2                              000000A5
SET3                              000000AB
SET34                             000000E1
SET4                              000000B1
SET5                              000000B7
SET6                              000000BD
SET7                              000000C3
SET8                              000000C9
SET9                              000000CF
SETA                              000000D5
SETB                              000000DB
SETD                              000000E7
SETE                              000000ED
SETF                              000000F3
SETUP                             00000001
SMP                               00000007
SPBRG                             00000099
SPBRGH                            0000009A
MPASM 5.86                     883KEYPAD.ASM   9-9-2024  20:05:17         PAGE 14


SYMBOL TABLE
  LABEL                             VALUE 

SPEN                              00000007
SR0                               00000006
SR1                               00000007
SRCON                             00000185
SREN                              00000005
SSPADD                            00000093
SSPBUF                            00000013
SSPCON                            00000014
SSPCON2                           00000091
SSPEN                             00000005
SSPIE                             00000003
SSPIF                             00000003
SSPM0                             00000000
SSPM1                             00000001
SSPM2                             00000002
SSPM3                             00000003
SSPMSK                            00000093
SSPOV                             00000006
SSPSTAT                           00000094
STATUS                            00000003
STEP                              00000025
STRA                              00000000
STRB                              00000001
STRC                              00000002
STRD                              00000003
STRSYNC                           00000004
SWDTEN                            00000000
SYNC                              00000004
T0CS                              00000005
T0IE                              00000005
T0IF                              00000002
T0SE                              00000004
T1CKPS0                           00000004
T1CKPS1                           00000005
T1CON                             00000010
T1GINV                            00000007
T1GIV                             00000007
T1GSS                             00000001
T1INSYNC                          00000002
T1OSCEN                           00000003
T1SYNC                            00000002
T2CKPS0                           00000000
T2CKPS1                           00000001
T2CON                             00000012
TMR0                              00000001
TMR0IE                            00000005
TMR0IF                            00000002
TMR1                              0000000E
TMR1CS                            00000001
TMR1GE                            00000006
TMR1H                             0000000F
TMR1IE                            00000000
TMR1IF                            00000000
MPASM 5.86                     883KEYPAD.ASM   9-9-2024  20:05:17         PAGE 15


SYMBOL TABLE
  LABEL                             VALUE 

TMR1L                             0000000E
TMR1ON                            00000000
TMR2                              00000011
TMR2IE                            00000001
TMR2IF                            00000001
TMR2ON                            00000002
TOUTPS0                           00000003
TOUTPS1                           00000004
TOUTPS2                           00000005
TOUTPS3                           00000006
TRISA                             00000085
TRISA0                            00000000
TRISA1                            00000001
TRISA2                            00000002
TRISA3                            00000003
TRISA4                            00000004
TRISA5                            00000005
TRISA6                            00000006
TRISA7                            00000007
TRISB                             00000086
TRISB0                            00000000
TRISB1                            00000001
TRISB2                            00000002
TRISB3                            00000003
TRISB4                            00000004
TRISB5                            00000005
TRISB6                            00000006
TRISB7                            00000007
TRISC                             00000087
TRISC0                            00000000
TRISC1                            00000001
TRISC2                            00000002
TRISC3                            00000003
TRISC4                            00000004
TRISC5                            00000005
TRISC6                            00000006
TRISC7                            00000007
TRISE                             00000089
TRISE3                            00000003
TRMT                              00000001
TUN0                              00000000
TUN1                              00000001
TUN2                              00000002
TUN3                              00000003
TUN4                              00000004
TX8_9                             00000006
TX9                               00000006
TX9D                              00000000
TXD8                              00000000
TXEN                              00000005
TXIE                              00000004
TXIF                              00000004
TXREG                             00000019
MPASM 5.86                     883KEYPAD.ASM   9-9-2024  20:05:17         PAGE 16


SYMBOL TABLE
  LABEL                             VALUE 

TXSTA                             00000098
UA                                00000001
ULPWUE                            00000005
ULPWUIE                           00000002
ULPWUIF                           00000002
VCFG0                             00000004
VCFG1                             00000005
VR0                               00000000
VR1                               00000001
VR2                               00000002
VR3                               00000003
VRCON                             00000097
VREN                              00000007
VROE                              00000006
VRR                               00000005
VRSS                              00000004
W                                 00000000
WCOL                              00000007
WDTCON                            00000105
WDTPS0                            00000001
WDTPS1                            00000002
WDTPS2                            00000003
WDTPS3                            00000004
WPUB                              00000095
WPUB0                             00000000
WPUB1                             00000001
WPUB2                             00000002
WPUB3                             00000003
WPUB4                             00000004
WPUB5                             00000005
WPUB6                             00000006
WPUB7                             00000007
WR                                00000001
WREN                              00000002
WRERR                             00000003
WUE                               00000001
Z                                 00000002
_BOR21V                           00003EFF
_BOR40V                           00003FFF
_BOR4V_BOR21V                     00003EFF
_BOR4V_BOR40V                     00003FFF
_BOREN_NSLEEP                     00003EFF
_BOREN_OFF                        00003CFF
_BOREN_ON                         00003FFF
_BOREN_SBODEN                     00003DFF
_BOR_NSLEEP                       00003EFF
_BOR_OFF                          00003CFF
_BOR_ON                           00003FFF
_BOR_SBODEN                       00003DFF
_CONFIG1                          00002007
_CONFIG2                          00002008
_CPD_OFF                          00003FFF
_CPD_ON                           00003F7F
MPASM 5.86                     883KEYPAD.ASM   9-9-2024  20:05:17         PAGE 17


SYMBOL TABLE
  LABEL                             VALUE 

_CP_OFF                           00003FFF
_CP_ON                            00003FBF
_DEBUG_OFF                        00003FFF
_DEBUG_ON                         00001FFF
_DEVID1                           00002006
_EC_OSC                           00003FFB
_EXTRC                            00003FFF
_EXTRCIO                          00003FFE
_EXTRC_OSC_CLKOUT                 00003FFF
_EXTRC_OSC_NOCLKOUT               00003FFE
_FCMEN_OFF                        000037FF
_FCMEN_ON                         00003FFF
_FOSC_EC                          00003FFB
_FOSC_EXTRC_CLKOUT                00003FFF
_FOSC_EXTRC_NOCLKOUT              00003FFE
_FOSC_HS                          00003FFA
_FOSC_INTRC_CLKOUT                00003FFD
_FOSC_INTRC_NOCLKOUT              00003FFC
_FOSC_LP                          00003FF8
_FOSC_XT                          00003FF9
_HS_OSC                           00003FFA
_IDLOC0                           00002000
_IDLOC1                           00002001
_IDLOC2                           00002002
_IDLOC3                           00002003
_IESO_OFF                         00003BFF
_IESO_ON                          00003FFF
_INTOSC                           00003FFD
_INTOSCIO                         00003FFC
_INTRC_OSC_CLKOUT                 00003FFD
_INTRC_OSC_NOCLKOUT               00003FFC
_LP_OSC                           00003FF8
_LVP_OFF                          00002FFF
_LVP_ON                           00003FFF
_MCLRE_OFF                        00003FDF
_MCLRE_ON                         00003FFF
_PWRTE_OFF                        00003FFF
_PWRTE_ON                         00003FEF
_WDTE_OFF                         00003FF7
_WDTE_ON                          00003FFF
_WDT_OFF                          00003FF7
_WDT_ON                           00003FFF
_WRT_1FOURTH                      00003BFF
_WRT_256                          00003DFF
_WRT_HALF                         000039FF
_WRT_OFF                          00003FFF
_XT_OSC                           00003FF9
__16F883                          00000001

Errors   :     0
Warnings :     1 reported,     7 suppressed
Messages :     1 reported,    34 suppressed

