MPASM 5.86               DELAY FLIP FLOP.ASM   9-16-2024  14:12:29         PAGE  1


LOC  OBJECT CODE     LINE SOURCE TEXT
  VALUE

                      00001         ;Delay Flip Flop.asm
                      00002         ;September 12, 2024
                      00003         ;Owen Fujii
                      00004         ;Basic Setup File for the PIC16F883
                      00005 
                      00006                 #INCLUDE <p16f883.inc>                  ; processor specific variable definitions
                      00001         LIST
                      00002 
                      00003 ;==========================================================================
                      00004 ; Build date : Oct 24 2019
                      00005 ;  MPASM PIC16F883 processor include
                      00006 ; 
                      00007 ;  (c) Copyright 1999-2019 Microchip Technology, All rights reserved
                      00008 ;==========================================================================
                      00009 
                      00781         LIST
                      00007                 LIST      p=16f883                      ; list directive to define processor
                      00008                 errorlevel -302,-207,-305,-206,-203     ;suppress "not in bank 0" message,  Found label 
                            after column 1,
                      00009                                                         ;Using default destination of 1 (file),  Found c
                            all to macro in column 1
                      00010 
                      00011                 #include "p16f883.inc"
                      00782         LIST
                      00783 
                      00784 ;==========================================================================
                      00785 ; Build date : Oct 24 2019
                      00786 ;  MPASM PIC16F883 processor include
                      00787 ; 
                      00788 ;  (c) Copyright 1999-2019 Microchip Technology, All rights reserved
                      00789 ;==========================================================================
                      00790 
Message[310]: Superseding current maximum RAM and RAM map.
                      01562         LIST
                      00012 
                      00013 ; CONFIG1
                      00014 ; __config 0xF8E7
2007   20D1           00015  __CONFIG _CONFIG1, _FOSC_XT & _WDTE_OFF & _PWRTE_OFF & _MCLRE_OFF & _CP_OFF & _CPD_OFF & _BOREN_OFF & _
                            IESO_OFF & _FCMEN_OFF & _LVP_OFF
                      00016 ; CONFIG2
                      00017 ; __config 0xFFFF
2008   3FFF           00018  __CONFIG _CONFIG2, _BOR4V_BOR40V & _WRT_OFF
                      00019 ;******************************************             
                      00020 ;Define Constants
                      00021 ;******************************************
                      00022 
                      00023 #Define         BAUD            D'100'                          ;Desired Baud Rate in Kbps for I2C
                      00024 #Define         FOSC            D'16000'                        ;Oscillator Clock in KHz This must be fi
                            lled
                      00025 
                      00026 ;******************************************             
                      00027 ;Define Variable Registers
                      00028 ;******************************************
MPASM 5.86               DELAY FLIP FLOP.ASM   9-16-2024  14:12:29         PAGE  2


LOC  OBJECT CODE     LINE SOURCE TEXT
  VALUE

                      00029 
  00000020            00030         COUNT1  EQU     0x20
  00000021            00031         COUNT2  EQU     0x21
  00000022            00032         COUNT3  EQU     0x22
  00000023            00033         COUNT4  EQU     0x23
  00000024            00034         COUNT5  EQU     0x24
  00000025            00035         STEP    EQU     0x25
  00000026            00036         LEG_1   EQU     0x26
                      00037                 
                      00038 ;******************************************             
                      00039 ;Interupt Vectors
                      00040 ;******************************************
                      00041                 ORG H'000'                                      
0000   2???           00042                 GOTO SETUP                                      ;RESET CONDITION GOTO SETUP
                      00043 
                      00044 ;******************************************
                      00045 ;SETUP ROUTINE
                      00046 ;******************************************
0001                  00047 SETUP
                      00048 ;*** SFR SETUP **********
                      00049  
                      00050                 
                      00051 ;*** SET OPTION_REG: ****
0001   1683 1303      00052                 BANKSEL OPTION_REG
0003   30F0           00053                 MOVLW H'F0'                             ; INITIALIZE SET OF RBPU INTEDG T0SE 
0004   0081           00054                 MOVWF OPTION_REG
                      00055 ;*** SET INTCON REG: ****
0005   1283 1303      00056                 BANKSEL INTCON
0007   3040           00057                 MOVLW H'40'
0008   008B           00058                 MOVWF INTCON                            ; INIT PEIE
                      00059 ;*** SET PIE1 REG: *****
0009   1683 1303      00060                 BANKSEL PIE1
000B   3000           00061                 MOVLW H'00'                             ; INIT PIE1 CLEAR
000C   008C           00062                 MOVWF PIE1
                      00063 ;***** SET PIE2 REG: *****
000D   1683 1303      00064                 BANKSEL PIE2
000F   3080           00065                 MOVLW H'80'                             ; INIT OSFIE CLEAR OTHERS
0010   008D           00066                 MOVWF PIE2
                      00067 ;*** SET CCP1CON REG: **
0011   1283 1303      00068                 BANKSEL CCP1CON
0013   3000           00069                 MOVLW   H'000'                          ;DISABLE PWM & CCP
0014   0097           00070                 MOVWF   CCP1CON
0015   1283 1703      00071                 BANKSEL CM2CON1
0017   3000           00072                 MOVLW   H'000'
0018   0089           00073                 MOVWF   CM2CON1
                      00074 
                      00075 ;*** TIMER 1 SETUP *****
0019   1283 1303      00076                 BANKSEL T1CON
001B   3000           00077                 MOVLW   H'000'                          ;
001C   0090           00078                 MOVWF   T1CON                           ;DISABLE TIMER 1
                      00079 
                      00080 ;*** TIMER 2 SETUP *****
                      00081 
MPASM 5.86               DELAY FLIP FLOP.ASM   9-16-2024  14:12:29         PAGE  3


LOC  OBJECT CODE     LINE SOURCE TEXT
  VALUE

001D   1283 1303      00082                 BANKSEL T2CON
001F   0192           00083                 CLRF    T2CON                           ;DISABLE TIMER 2, 1:1 POST SCALE, PRESCALER 1
0020   3000           00084                 MOVLW   H'000'                          ;SET PR2 FOR FULL COUNT 
0021   1683 1303      00085                 BANKSEL PR2                             ;
0023   0092           00086                 MOVWF   PR2                             ;PR2 IS SETS OUTPUT OF PWM HIGH WHEN = TMR2
                      00087  
                      00088 ;*** PORT A SETUP **** PORT B RB0 IS USED AS EDGE TRIGGERED INPUT
                      00089 
0024   1683 1303      00090                 BANKSEL ADCON1
0026   139F           00091                 BCF     ADCON1,7
0027   169F           00092                 BSF     ADCON1,5
0028   171F           00093                 BSF     ADCON1,6
0029   1283 1303      00094                 BANKSEL PORTA
002B   0185           00095                 CLRF    PORTA                           ; CLEAR PORTA
002C   1683 1303      00096                 BANKSEL TRISA
002E   30FF           00097                 MOVLW   H'FF'                           ;SET PORT A AS INPUT
002F   0085           00098                 MOVWF   TRISA
                      00099                 
                      00100 ;*** PORT B SETUP **** PORT B RB0 IS USED AS EDGE TRIGGERED INPUT
0030   1283 1303      00101                 BANKSEL PORTB
0032   0186           00102                 CLRF    PORTB                           ; CLEAR PORTB 
0033   1683 1303      00103                 BANKSEL TRISB
0035   3000           00104                 MOVLW   H'000'                          ;SET PORT B AS OUTPUT
0036   0086           00105                 MOVWF   TRISB
0037   1683 1703      00106                 BANKSEL ANSELH
0039   3000           00107                 MOVLW H'000'                            ; DISABLE ADC INPUTS BANK B
003A   0089           00108                 MOVWF ANSELH                            
003B   1683 1303      00109                 BANKSEL WPUB                            ; DISABLE ALL WEAK PULL UPS PORT B
003D   3000           00110                 MOVLW   H'00'
003E   0095           00111                 MOVWF   WPUB
                      00112                 
                      00113 
                      00114 ;*** PORT C SETUP **** PORT B RB0 IS USED AS EDGE TRIGGERED INPUT
003F   1283 1303      00115                 BANKSEL PORTC
0041   0187           00116                 CLRF    PORTC                           ; CLEAR PORTC
0042   1683 1303      00117                 BANKSEL TRISC
0044   3000           00118                 MOVLW   H'000'                          ;SET PORT C AS OUTPUT
0045   0087           00119                 MOVWF   TRISC
0046   2???           00120                 GOTO    MAIN                            ;END OF SETUP ROUTINE
                      00121 
                      00122 ;******************************************
                      00123 ;Main Code
                      00124 ;******************************************
0047                  00125 MAIN    
0047   1283           00126                 BCF STATUS,5                            ; REMOVE BANKSEL FOR DIRECT CONTROL OF THE STATU
                            S 
0048   1303           00127                 BCF STATUS,6                            ; REGISTRY FOR MORE ACCURATE TIMING.
0049   3035           00128                 MOVLW H'35'
004A   0086           00129                 MOVWF PORTB     
004B   30F4           00130                 MOVLW H'F4'                             ; REVERT TO F3 
004C   0091           00131                 MOVWF TMR2                              ;FIND REGISTER FOR COUNTING
004D                  00132 LOOP2
004D   0181           00133                 CLRF TMR0                              ;FIND INNER REGISTER FOR COUNTING  ; CLEAR THE IN
MPASM 5.86               DELAY FLIP FLOP.ASM   9-16-2024  14:12:29         PAGE  4


LOC  OBJECT CODE     LINE SOURCE TEXT
  VALUE

                            NER LOOP FOR 256 WITH LESS CODE
004E                  00134 LOOP1
004E   0000           00135                 NOP                                    ; NOPS FOR ACHEIVING THE REQUIRED COUNT OF 32 FOR
                             INNER LOOP
004F   0000           00136                 NOP
0050   0000           00137                 NOP
0051   0000           00138                 NOP
0052   0000           00139                 NOP
0053   0B81           00140                 DECFSZ TMR0                            ; LOOP ONE COUNTER
0054   2???           00141                 GOTO LOOP1
0055   0B91           00142                 DECFSZ TMR2                            ;OUTER LOOP COUNTER
0056   2???           00143                 GOTO LOOP2
0057   3057           00144                 MOVLW H'57'
0058   0081           00145                 MOVWF TMR0                                 ; LOOP 3 REGISTER
0059                  00146 LOOP3
0059   0000           00147                 NOP
005A   0000           00148                 NOP
005B   0000           00149                 NOP
005C   0000           00150                 NOP
005D   0B81           00151                 DECFSZ TMR0                                    ;LOOP 3 COUNTER
005E   2???           00152                 GOTO LOOP3
005F   0000           00153                 NOP
                      00154                 
                      00155                 ;NOPS TO COVER FOR STATUS CLEARS IN BEGINING. CAN BE USED TO DIAL IN TIME.
0060   3030           00156                 MOVLW H'30'
0061   0086           00157                 MOVWF PORTB     
0062   0091           00158                 MOVWF TMR2                           ;FIND
0063   30F4           00159                 MOVLW H'F4'                          ; REDUCED FROM 'F4' TO CURRENT
0064   0091           00160                 MOVWF TMR2                           ;FIND REGISTER FOR COUNTING
0065                  00161 LOOP21
0065   0181           00162                 CLRF  TMR0                              ;FIND INNER REGISTER FOR COUNTING
0066                  00163 LOOP11
0066   0000           00164                 NOP
0067   0000           00165                 NOP
0068   0000           00166                 NOP
0069   0000           00167                 NOP
006A   0000           00168                 NOP
006B   0B81           00169                 DECFSZ TMR0                                      ; LOOP ONE COUNTER
006C   2???           00170                 GOTO LOOP11
006D   0B91           00171                 DECFSZ TMR2                                     ;OUTER LOOP COUNTER
006E   2???           00172                 GOTO LOOP21
006F   3057           00173                 MOVLW H'57'                         ; REVERT TO EA
0070   0081           00174                 MOVWF TMR0                                        ; LOOP 3 REGISTER
0071                  00175 LOOP31
0071   0000           00176                 NOP
0072   0000           00177                 NOP
0073   0000           00178                 NOP
0074   0000           00179                 NOP 
0075   0B81           00180                 DECFSZ TMR0                                          ;LOOP 3 COUNTER
0076   2???           00181                 GOTO LOOP31
                      00182                 ;NOP
                      00183                 ;NOP
0077   2???           00184                 GOTO MAIN
MPASM 5.86               DELAY FLIP FLOP.ASM   9-16-2024  14:12:29         PAGE  5


LOC  OBJECT CODE     LINE SOURCE TEXT
  VALUE

Warning[205]: Found directive in column 1. (END)
20D1 3FFF             00185 END
MPASM 5.86               DELAY FLIP FLOP.ASM   9-16-2024  14:12:29         PAGE  6


SYMBOL TABLE
  LABEL                             VALUE 

ABDEN                             00000000
ABDOVF                            00000007
ACKDT                             00000005
ACKEN                             00000004
ACKSTAT                           00000006
ADCON0                            0000001F
ADCON1                            0000009F
ADCS0                             00000006
ADCS1                             00000007
ADDEN                             00000003
ADFM                              00000007
ADIE                              00000006
ADIF                              00000006
ADON                              00000000
ADRESH                            0000001E
ADRESL                            0000009E
ANS0                              00000000
ANS1                              00000001
ANS10                             00000002
ANS11                             00000003
ANS12                             00000004
ANS13                             00000005
ANS2                              00000002
ANS3                              00000003
ANS4                              00000004
ANS8                              00000000
ANS9                              00000001
ANSEL                             00000188
ANSELH                            00000189
BAUD                              D'100'
BAUDCTL                           00000187
BCLIE                             00000003
BCLIF                             00000003
BF                                00000000
BRG0                              00000000
BRG1                              00000001
BRG10                             00000002
BRG11                             00000003
BRG12                             00000004
BRG13                             00000005
BRG14                             00000006
BRG15                             00000007
BRG16                             00000003
BRG2                              00000002
BRG3                              00000003
BRG4                              00000004
BRG5                              00000005
BRG6                              00000006
BRG7                              00000007
BRG8                              00000000
BRG9                              00000001
BRGH                              00000002
C                                 00000000
MPASM 5.86               DELAY FLIP FLOP.ASM   9-16-2024  14:12:29         PAGE  7


SYMBOL TABLE
  LABEL                             VALUE 

C1CH0                             00000000
C1CH1                             00000001
C1IE                              00000005
C1IF                              00000005
C1OE                              00000005
C1ON                              00000007
C1OUT                             00000006
C1POL                             00000004
C1R                               00000002
C1RSEL                            00000005
C1SEN                             00000005
C2CH0                             00000000
C2CH1                             00000001
C2IE                              00000006
C2IF                              00000006
C2OE                              00000005
C2ON                              00000007
C2OUT                             00000006
C2POL                             00000004
C2R                               00000002
C2REN                             00000004
C2RSEL                            00000004
C2SYNC                            00000000
CCP1CON                           00000017
CCP1IE                            00000002
CCP1IF                            00000002
CCP1M0                            00000000
CCP1M1                            00000001
CCP1M2                            00000002
CCP1M3                            00000003
CCP1X                             00000005
CCP1Y                             00000004
CCP2CON                           0000001D
CCP2IE                            00000000
CCP2IF                            00000000
CCP2M0                            00000000
CCP2M1                            00000001
CCP2M2                            00000002
CCP2M3                            00000003
CCP2X                             00000005
CCP2Y                             00000004
CCPR1                             00000015
CCPR1H                            00000016
CCPR1L                            00000015
CCPR2                             0000001B
CCPR2H                            0000001C
CCPR2L                            0000001B
CHS0                              00000002
CHS1                              00000003
CHS2                              00000004
CHS3                              00000005
CKE                               00000006
CKP                               00000004
MPASM 5.86               DELAY FLIP FLOP.ASM   9-16-2024  14:12:29         PAGE  8


SYMBOL TABLE
  LABEL                             VALUE 

CM1CON0                           00000107
CM2CON0                           00000108
CM2CON1                           00000109
COUNT1                            00000020
COUNT2                            00000021
COUNT3                            00000022
COUNT4                            00000023
COUNT5                            00000024
CREN                              00000004
CSRC                              00000007
D                                 00000005
DATA_ADDRESS                      00000005
DC                                00000001
DC1B0                             00000004
DC1B1                             00000005
DC2B0                             00000004
DC2B1                             00000005
D_A                               00000005
D_NOT_A                           00000005
ECCPAS                            0000009C
ECCPAS0                           00000004
ECCPAS1                           00000005
ECCPAS2                           00000006
ECCPASE                           00000007
EEADR                             0000010D
EEADRH                            0000010F
EECON1                            0000018C
EECON2                            0000018D
EEDAT                             0000010C
EEDATA                            0000010C
EEDATH                            0000010E
EEIE                              00000004
EEIF                              00000004
EEPGD                             00000007
F                                 00000001
FERR                              00000002
FOSC                              D'16000'
FSR                               00000004
FVREN                             00000000
GCEN                              00000007
GIE                               00000007
GO                                00000001
GO_DONE                           00000001
GO_NOT_DONE                       00000001
HTS                               00000002
I2C_DATA                          00000005
I2C_READ                          00000002
I2C_START                         00000003
I2C_STOP                          00000004
INDF                              00000000
INTCON                            0000000B
INTE                              00000004
INTEDG                            00000006
MPASM 5.86               DELAY FLIP FLOP.ASM   9-16-2024  14:12:29         PAGE  9


SYMBOL TABLE
  LABEL                             VALUE 

INTF                              00000001
IOCB                              00000096
IOCB0                             00000000
IOCB1                             00000001
IOCB2                             00000002
IOCB3                             00000003
IOCB4                             00000004
IOCB5                             00000005
IOCB6                             00000006
IOCB7                             00000007
IRCF0                             00000004
IRCF1                             00000005
IRCF2                             00000006
IRP                               00000007
LEG_1                             00000026
LOOP1                             0000004E
LOOP11                            00000066
LOOP2                             0000004D
LOOP21                            00000065
LOOP3                             00000059
LOOP31                            00000071
LTS                               00000001
MAIN                              00000047
MC1OUT                            00000007
MC2OUT                            00000006
MSK                               00000093
MSK0                              00000000
MSK1                              00000001
MSK2                              00000002
MSK3                              00000003
MSK4                              00000004
MSK5                              00000005
MSK6                              00000006
MSK7                              00000007
NOT_A                             00000005
NOT_ADDRESS                       00000005
NOT_BO                            00000000
NOT_BOR                           00000000
NOT_DONE                          00000001
NOT_PD                            00000003
NOT_POR                           00000001
NOT_RBPU                          00000007
NOT_RC8                           00000006
NOT_T1SYNC                        00000002
NOT_TO                            00000004
NOT_TX8                           00000006
NOT_W                             00000002
NOT_WRITE                         00000002
OERR                              00000001
OPTION_REG                        00000081
OSCCON                            0000008F
OSCTUNE                           00000090
OSFIE                             00000007
MPASM 5.86               DELAY FLIP FLOP.ASM   9-16-2024  14:12:29         PAGE 10


SYMBOL TABLE
  LABEL                             VALUE 

OSFIF                             00000007
OSTS                              00000003
P                                 00000004
P1M0                              00000006
P1M1                              00000007
PCL                               00000002
PCLATH                            0000000A
PCON                              0000008E
PDC0                              00000000
PDC1                              00000001
PDC2                              00000002
PDC3                              00000003
PDC4                              00000004
PDC5                              00000005
PDC6                              00000006
PEIE                              00000006
PEN                               00000002
PIE1                              0000008C
PIE2                              0000008D
PIR1                              0000000C
PIR2                              0000000D
PORTA                             00000005
PORTB                             00000006
PORTC                             00000007
PORTE                             00000009
PR2                               00000092
PRSEN                             00000007
PS0                               00000000
PS1                               00000001
PS2                               00000002
PSA                               00000003
PSSAC0                            00000002
PSSAC1                            00000003
PSSBD0                            00000000
PSSBD1                            00000001
PSTRCON                           0000009D
PULSR                             00000002
PULSS                             00000003
PWM1CON                           0000009B
R                                 00000002
RA0                               00000000
RA1                               00000001
RA2                               00000002
RA3                               00000003
RA4                               00000004
RA5                               00000005
RA6                               00000006
RA7                               00000007
RB0                               00000000
RB1                               00000001
RB2                               00000002
RB3                               00000003
RB4                               00000004
MPASM 5.86               DELAY FLIP FLOP.ASM   9-16-2024  14:12:29         PAGE 11


SYMBOL TABLE
  LABEL                             VALUE 

RB5                               00000005
RB6                               00000006
RB7                               00000007
RBIE                              00000003
RBIF                              00000000
RC0                               00000000
RC1                               00000001
RC2                               00000002
RC3                               00000003
RC4                               00000004
RC5                               00000005
RC6                               00000006
RC7                               00000007
RC8_9                             00000006
RC9                               00000006
RCD8                              00000000
RCEN                              00000003
RCIDL                             00000006
RCIE                              00000005
RCIF                              00000005
RCREG                             0000001A
RCSTA                             00000018
RD                                00000000
RE3                               00000003
READ_WRITE                        00000002
RP0                               00000005
RP1                               00000006
RSEN                              00000001
RX9                               00000006
RX9D                              00000000
R_NOT_W                           00000002
R_W                               00000002
S                                 00000003
SBOREN                            00000004
SCKP                              00000004
SCS                               00000000
SEN                               00000000
SENDB                             00000003
SETUP                             00000001
SMP                               00000007
SPBRG                             00000099
SPBRGH                            0000009A
SPEN                              00000007
SR0                               00000006
SR1                               00000007
SRCON                             00000185
SREN                              00000005
SSPADD                            00000093
SSPBUF                            00000013
SSPCON                            00000014
SSPCON2                           00000091
SSPEN                             00000005
SSPIE                             00000003
MPASM 5.86               DELAY FLIP FLOP.ASM   9-16-2024  14:12:29         PAGE 12


SYMBOL TABLE
  LABEL                             VALUE 

SSPIF                             00000003
SSPM0                             00000000
SSPM1                             00000001
SSPM2                             00000002
SSPM3                             00000003
SSPMSK                            00000093
SSPOV                             00000006
SSPSTAT                           00000094
STATUS                            00000003
STEP                              00000025
STRA                              00000000
STRB                              00000001
STRC                              00000002
STRD                              00000003
STRSYNC                           00000004
SWDTEN                            00000000
SYNC                              00000004
T0CS                              00000005
T0IE                              00000005
T0IF                              00000002
T0SE                              00000004
T1CKPS0                           00000004
T1CKPS1                           00000005
T1CON                             00000010
T1GINV                            00000007
T1GIV                             00000007
T1GSS                             00000001
T1INSYNC                          00000002
T1OSCEN                           00000003
T1SYNC                            00000002
T2CKPS0                           00000000
T2CKPS1                           00000001
T2CON                             00000012
TMR0                              00000001
TMR0IE                            00000005
TMR0IF                            00000002
TMR1                              0000000E
TMR1CS                            00000001
TMR1GE                            00000006
TMR1H                             0000000F
TMR1IE                            00000000
TMR1IF                            00000000
TMR1L                             0000000E
TMR1ON                            00000000
TMR2                              00000011
TMR2IE                            00000001
TMR2IF                            00000001
TMR2ON                            00000002
TOUTPS0                           00000003
TOUTPS1                           00000004
TOUTPS2                           00000005
TOUTPS3                           00000006
TRISA                             00000085
MPASM 5.86               DELAY FLIP FLOP.ASM   9-16-2024  14:12:29         PAGE 13


SYMBOL TABLE
  LABEL                             VALUE 

TRISA0                            00000000
TRISA1                            00000001
TRISA2                            00000002
TRISA3                            00000003
TRISA4                            00000004
TRISA5                            00000005
TRISA6                            00000006
TRISA7                            00000007
TRISB                             00000086
TRISB0                            00000000
TRISB1                            00000001
TRISB2                            00000002
TRISB3                            00000003
TRISB4                            00000004
TRISB5                            00000005
TRISB6                            00000006
TRISB7                            00000007
TRISC                             00000087
TRISC0                            00000000
TRISC1                            00000001
TRISC2                            00000002
TRISC3                            00000003
TRISC4                            00000004
TRISC5                            00000005
TRISC6                            00000006
TRISC7                            00000007
TRISE                             00000089
TRISE3                            00000003
TRMT                              00000001
TUN0                              00000000
TUN1                              00000001
TUN2                              00000002
TUN3                              00000003
TUN4                              00000004
TX8_9                             00000006
TX9                               00000006
TX9D                              00000000
TXD8                              00000000
TXEN                              00000005
TXIE                              00000004
TXIF                              00000004
TXREG                             00000019
TXSTA                             00000098
UA                                00000001
ULPWUE                            00000005
ULPWUIE                           00000002
ULPWUIF                           00000002
VCFG0                             00000004
VCFG1                             00000005
VR0                               00000000
VR1                               00000001
VR2                               00000002
VR3                               00000003
MPASM 5.86               DELAY FLIP FLOP.ASM   9-16-2024  14:12:29         PAGE 14


SYMBOL TABLE
  LABEL                             VALUE 

VRCON                             00000097
VREN                              00000007
VROE                              00000006
VRR                               00000005
VRSS                              00000004
W                                 00000000
WCOL                              00000007
WDTCON                            00000105
WDTPS0                            00000001
WDTPS1                            00000002
WDTPS2                            00000003
WDTPS3                            00000004
WPUB                              00000095
WPUB0                             00000000
WPUB1                             00000001
WPUB2                             00000002
WPUB3                             00000003
WPUB4                             00000004
WPUB5                             00000005
WPUB6                             00000006
WPUB7                             00000007
WR                                00000001
WREN                              00000002
WRERR                             00000003
WUE                               00000001
Z                                 00000002
_BOR21V                           00003EFF
_BOR40V                           00003FFF
_BOR4V_BOR21V                     00003EFF
_BOR4V_BOR40V                     00003FFF
_BOREN_NSLEEP                     00003EFF
_BOREN_OFF                        00003CFF
_BOREN_ON                         00003FFF
_BOREN_SBODEN                     00003DFF
_BOR_NSLEEP                       00003EFF
_BOR_OFF                          00003CFF
_BOR_ON                           00003FFF
_BOR_SBODEN                       00003DFF
_CONFIG1                          00002007
_CONFIG2                          00002008
_CPD_OFF                          00003FFF
_CPD_ON                           00003F7F
_CP_OFF                           00003FFF
_CP_ON                            00003FBF
_DEBUG_OFF                        00003FFF
_DEBUG_ON                         00001FFF
_DEVID1                           00002006
_EC_OSC                           00003FFB
_EXTRC                            00003FFF
_EXTRCIO                          00003FFE
_EXTRC_OSC_CLKOUT                 00003FFF
_EXTRC_OSC_NOCLKOUT               00003FFE
_FCMEN_OFF                        000037FF
MPASM 5.86               DELAY FLIP FLOP.ASM   9-16-2024  14:12:29         PAGE 15


SYMBOL TABLE
  LABEL                             VALUE 

_FCMEN_ON                         00003FFF
_FOSC_EC                          00003FFB
_FOSC_EXTRC_CLKOUT                00003FFF
_FOSC_EXTRC_NOCLKOUT              00003FFE
_FOSC_HS                          00003FFA
_FOSC_INTRC_CLKOUT                00003FFD
_FOSC_INTRC_NOCLKOUT              00003FFC
_FOSC_LP                          00003FF8
_FOSC_XT                          00003FF9
_HS_OSC                           00003FFA
_IDLOC0                           00002000
_IDLOC1                           00002001
_IDLOC2                           00002002
_IDLOC3                           00002003
_IESO_OFF                         00003BFF
_IESO_ON                          00003FFF
_INTOSC                           00003FFD
_INTOSCIO                         00003FFC
_INTRC_OSC_CLKOUT                 00003FFD
_INTRC_OSC_NOCLKOUT               00003FFC
_LP_OSC                           00003FF8
_LVP_OFF                          00002FFF
_LVP_ON                           00003FFF
_MCLRE_OFF                        00003FDF
_MCLRE_ON                         00003FFF
_PWRTE_OFF                        00003FFF
_PWRTE_ON                         00003FEF
_WDTE_OFF                         00003FF7
_WDTE_ON                          00003FFF
_WDT_OFF                          00003FF7
_WDT_ON                           00003FFF
_WRT_1FOURTH                      00003BFF
_WRT_256                          00003DFF
_WRT_HALF                         000039FF
_WRT_OFF                          00003FFF
_XT_OSC                           00003FF9
__16F883                          00000001

Errors   :     0
Warnings :     1 reported,     7 suppressed
Messages :     1 reported,    19 suppressed

