MPASM 5.86                  TRAFFICLIGHT.ASM   10-2-2024  15:16:40         PAGE  1


LOC  OBJECT CODE     LINE SOURCE TEXT
  VALUE

                      00001 ;***************************************************************************
                      00002 ;
                      00003 ;           Filename: Traffic Light.asm
                      00004 ;           Date: 09/30/2024
                      00005 ;           File Version: 1
                      00006 ;           Author: Owen Fujii
                      00007 ;           Company: Idaho State University
                      00008 ;           Description: A program that simulates a traffic intersection 
                      00009 ;
                      00010 ;*************************************************************************
                      00011         
                      00012 ;*************************************************************************
                      00013 ; 
                      00014 ;           Revision History:
                      00015 ;   
                      00016 ;           Modified as listed
                      00017 ;           Started 09/30/2024 
                      00018 ;
                      00019 ;*************************************************************************
                      00020 
                      00021         ;Basic Setup File for the PIC16F883
                      00022 
                      00023                 #INCLUDE <p16f883.inc>                  ; processor specific variable definitions
                      00001         LIST
                      00002 
                      00003 ;==========================================================================
                      00004 ; Build date : Oct 24 2019
                      00005 ;  MPASM PIC16F883 processor include
                      00006 ; 
                      00007 ;  (c) Copyright 1999-2019 Microchip Technology, All rights reserved
                      00008 ;==========================================================================
                      00009 
                      00781         LIST
                      00024                 #INCLUDE <TrafficSetup.inc>
                      00001 ;***************************************************************************
                      00002 ;
                      00003 ;           Filename: Setup.inc
                      00004 ;           Date: 09/24/2024
                      00005 ;           File Version: 1
                      00006 ;           Author: Owen Fujii
                      00007 ;           Company: Idaho State University
                      00008 ;           Description: A collection of registry setups and subroutines
                      00009 ;
                      00010 ;*************************************************************************
                      00011         
                      00012 ;*************************************************************************
                      00013 ; 
                      00014 ;           Revision History:
                      00015 ;   1: Inc file to contain generic registry setups 
                      00016 ;           Modified as listed
                      00017 ;           Started 09/24/2024
                      00018 ;
                      00019 ;*************************************************************************
MPASM 5.86                  TRAFFICLIGHT.ASM   10-2-2024  15:16:40         PAGE  2


LOC  OBJECT CODE     LINE SOURCE TEXT
  VALUE

                      00020         
                      00021 START_CODE CODE
                      00022  
0000                  00023 START
                      00024                 
                      00025 ;*** SET OPTION_REG: ****
0000   1683 1303      00026                 BANKSEL OPTION_REG
0002   30F4           00027                 MOVLW H'F4'                             ; INITIALIZE SET OF RBPU INTEDG T0SE 
Message[302]: Register in operand not in bank 0.  Ensure that bank bits are correct.
0003   0081           00028                 MOVWF OPTION_REG
                      00029 ;*** SET INTCON REG: ****
0004   1283 1303      00030                 BANKSEL INTCON
0006   3000           00031                 MOVLW H'00'
0007   008B           00032                 MOVWF INTCON                            ; INIT PEIE
                      00033 ;*** SET PIE1 REG: *****
0008   1683 1303      00034                 BANKSEL PIE1
000A   3000           00035                 MOVLW H'00'                             ; INIT PIE1 CLEAR
Message[302]: Register in operand not in bank 0.  Ensure that bank bits are correct.
000B   008C           00036                 MOVWF PIE1
                      00037 ;***** SET PIE2 REG: *****
000C   1683 1303      00038                 BANKSEL PIE2
000E   3000           00039                 MOVLW H'00'                             ; INIT OSFIE CLEAR OTHERS
Message[302]: Register in operand not in bank 0.  Ensure that bank bits are correct.
000F   008D           00040                 MOVWF PIE2
                      00041 ;*** SET CCP1CON REG: **
0010   1283 1303      00042                 BANKSEL CCP1CON
0012   3000           00043                 MOVLW   H'000'                          ;DISABLE PWM & CCP
0013   0097           00044                 MOVWF   CCP1CON
0014   1283 1303      00045                 BANKSEL CCP2CON
0016   019D           00046                 CLRF CCP2CON
0017   1283 1703      00047                 BANKSEL CM2CON1
0019   3000           00048                 MOVLW   H'000'
Message[302]: Register in operand not in bank 0.  Ensure that bank bits are correct.
001A   0089           00049                 MOVWF   CM2CON1
                      00050 
                      00051 ;*** TIMER 1 SETUP *****
001B   1283 1303      00052                 BANKSEL T1CON
001D   3000           00053                 MOVLW   H'000'                          ;
001E   0090           00054                 MOVWF   T1CON                           ;DISABLE TIMER 1
                      00055 
                      00056 ;*** TIMER 2 SETUP *****
                      00057 
001F   1283 1303      00058                 BANKSEL T2CON
0021   0192           00059                 CLRF    T2CON                           ;DISABLE TIMER 2, 1:1 POST SCALE, PRESCALER 1
0022   3000           00060                 MOVLW   H'000'                          ;SET PR2 FOR FULL COUNT 
0023   1683 1303      00061                 BANKSEL PR2                             ;
Message[302]: Register in operand not in bank 0.  Ensure that bank bits are correct.
0025   0092           00062                 MOVWF   PR2                             ;PR2 IS SETS OUTPUT OF PWM HIGH WHEN = TMR2
                      00063  
                      00064 ;*** PORT A SETUP **** PORT B RB0 IS USED AS EDGE TRIGGERED INPUT
                      00065 
0026   1683 1303      00066                 BANKSEL ADCON1
Message[302]: Register in operand not in bank 0.  Ensure that bank bits are correct.
MPASM 5.86                  TRAFFICLIGHT.ASM   10-2-2024  15:16:40         PAGE  3


LOC  OBJECT CODE     LINE SOURCE TEXT
  VALUE

0028   139F           00067                 BCF     ADCON1,7
Message[302]: Register in operand not in bank 0.  Ensure that bank bits are correct.
0029   169F           00068                 BSF     ADCON1,5
Message[302]: Register in operand not in bank 0.  Ensure that bank bits are correct.
002A   171F           00069                 BSF     ADCON1,6
002B   1283 1303      00070                 BANKSEL PORTA
002D   0185           00071                 CLRF    PORTA                           ; CLEAR PORTA
002E   1683 1303      00072                 BANKSEL TRISA
0030   30FF           00073                 MOVLW   H'FF'                           ;SET PORT A INPUT EXEPT RA0
Message[302]: Register in operand not in bank 0.  Ensure that bank bits are correct.
0031   0085           00074                 MOVWF   TRISA
                      00075                 
                      00076 ;*** PORT B SETUP **** PORT B RB0 IS USED AS EDGE TRIGGERED INPUT
0032   1283 1303      00077                 BANKSEL PORTB
0034   0186           00078                 CLRF    PORTB                           ; CLEAR PORTB 
0035   1683 1303      00079                 BANKSEL TRISB
0037   30FF           00080                 MOVLW   H'FF'                           ;SET PORT B AS INPUT
Message[302]: Register in operand not in bank 0.  Ensure that bank bits are correct.
0038   0086           00081                 MOVWF   TRISB
0039   1683 1703      00082                 BANKSEL ANSELH
003B   3000           00083                 MOVLW H'000'                            ; DISABLE ADC INPUTS BANK B
Message[302]: Register in operand not in bank 0.  Ensure that bank bits are correct.
003C   0089           00084                 MOVWF ANSELH                            
003D   1683 1303      00085                 BANKSEL WPUB                            ; DISABLE ALL WEAK PULL UPS PORT B
003F   3000           00086                 MOVLW   H'00'
Message[302]: Register in operand not in bank 0.  Ensure that bank bits are correct.
0040   0095           00087                 MOVWF   WPUB
0041   1683 1303      00088                 BANKSEL IOCB
Message[302]: Register in operand not in bank 0.  Ensure that bank bits are correct.
0043   0196           00089                 CLRF IOCB
0044   3003           00090                 MOVLW H'03'
Message[302]: Register in operand not in bank 0.  Ensure that bank bits are correct.
0045   0096           00091                 MOVWF IOCB
                      00092                 
                      00093 
                      00094 ;*** PORT C SETUP **** PORT B RB0 IS USED AS EDGE TRIGGERED INPUT
0046   1283 1303      00095                 BANKSEL PORTC
0048   0187           00096                 CLRF    PORTC                           ; CLEAR PORTC
0049   1683 1303      00097                 BANKSEL TRISC
004B   3000           00098                 MOVLW   H'000'                          ;SET PORT C AS OUTPUT
Message[302]: Register in operand not in bank 0.  Ensure that bank bits are correct.
004C   0087           00099                 MOVWF   TRISC
004D   0008           00100                 RETURN                          ;END OF SETUP ROUTINE
                      00025                 #INCLUDE <POPout.inc>
                      00001 ;***************************************************************************
                      00002 ;
                      00003 ;           Filename: POPout.inc
                      00004 ;           Date: 09/24/2024
                      00005 ;           File Version: 1
                      00006 ;           Author: Owen Fujii
                      00007 ;           Company: Idaho State University
                      00008 ;           Description: A sub routine for restoring working and status
                      00009 ;
MPASM 5.86                  TRAFFICLIGHT.ASM   10-2-2024  15:16:40         PAGE  4


LOC  OBJECT CODE     LINE SOURCE TEXT
  VALUE

                      00010 ;*************************************************************************
                      00011         
                      00012 ;*************************************************************************
                      00013 ; 
                      00014 ;           Revision History:
                      00015 ;   
                      00016 ;           Modified as listed
                      00017 ;           Started 09/25/2024 - Finished 09/25/2024
                      00018 ;
                      00019 ;*************************************************************************
                      00020         
                      00021 POPOUT_CODE CODE
                      00022 
0000                  00023 POPOUT
Message[305]: Using default destination of 1 (file).
0000   08A1           00024             MOVF H'21'
0001   0083           00025             MOVWF STATUS
Message[305]: Using default destination of 1 (file).
0002   08A0           00026             MOVF H'20'
0003   0008           00027             RETURN
                      00026                 #INCLUDE <PUSHin.inc>
                      00001 ;***************************************************************************
                      00002 ;
                      00003 ;           Filename: PUSHin.inc
                      00004 ;           Date: 09/24/2024
                      00005 ;           File Version: 1
                      00006 ;           Author: Owen Fujii
                      00007 ;           Company: Idaho State University
                      00008 ;           Description: A Sub routine for saving status and working 
                      00009 ;
                      00010 ;*************************************************************************
                      00011         
                      00012 ;*************************************************************************
                      00013 ; 
                      00014 ;           Revision History:
                      00015 ;   
                      00016 ;           Modified as listed
                      00017 ;           Started 09/25/2024 - Finished 09/25/2024
                      00018 ;           Modified 09/26/24
                      00019 ;               CHANGED ORDER OF MOVWF FOR CORRECT STORAGE
                      00020 ;
                      00021 ;*************************************************************************
                      00022 PUSHIN_CODE CODE
                      00023 
0000                  00024 PUSHIN
0000   00A0           00025                 MOVWF H'20'
0001   0803           00026                 MOVF STATUS,0      ; ROUTINE FOR RESTORING WORKING AND STATUS
0002   00A1           00027                 MOVWF H'21'     
0003   0008           00028                 RETURN
                      00027                 LIST      p=16f883                      ; list directive to define processor
                      00028                 errorlevel -302,-207,-305,-206,-203     ;suppress "not in bank 0" message,  Found label 
                            after column 1,
                      00029                                                         ;Using default destination of 1 (file),  Found c
MPASM 5.86                  TRAFFICLIGHT.ASM   10-2-2024  15:16:40         PAGE  5


LOC  OBJECT CODE     LINE SOURCE TEXT
  VALUE

                            all to macro in column 1
                      00030 
                      00031                 #include "p16f883.inc"
                      00782         LIST
                      00783 
                      00784 ;==========================================================================
                      00785 ; Build date : Oct 24 2019
                      00786 ;  MPASM PIC16F883 processor include
                      00787 ; 
                      00788 ;  (c) Copyright 1999-2019 Microchip Technology, All rights reserved
                      00789 ;==========================================================================
                      00790 
Message[310]: Superseding current maximum RAM and RAM map.
                      01562         LIST
                      00032 
                      00033 ; CONFIG1
                      00034 ; __config 0xF8E7
2007   20D1           00035  __CONFIG _CONFIG1, _FOSC_XT & _WDTE_OFF & _PWRTE_OFF & _MCLRE_OFF & _CP_OFF & _CPD_OFF & _BOREN_OFF & _
                            IESO_OFF & _FCMEN_OFF & _LVP_OFF
                      00036 ; CONFIG2
                      00037 ; __config 0xFFFF
2008   3FFF           00038  __CONFIG _CONFIG2, _BOR4V_BOR40V & _WRT_OFF
                      00039 ;******************************************             
                      00040 ;Define Constants
                      00041 ;******************************************
                      00042 
                      00043 #Define         BAUD            D'100'                          ;Desired Baud Rate in Kbps for I2C
                      00044 #Define         FOSC            D'16000'                        ;Oscillator Clock in KHz This must be fi
                            lled
                      00045  
  00000022            00046             COMPARECNT EQU H'22'
  00000023            00047             STORAGECNT EQU H'23'
  00000024            00048             QUEUE      EQU H'24'
  00000025            00049             BOTH       EQU H'25'
  00000026            00050             HOLDDELAY  EQU H'26'
                      00051             
                      00052  
                      00053  ; GPR 20 and 21 are used for interrupt save
                      00054  
                      00055                 ORG H'000'                                      
0000   2???           00056                 GOTO SETUP                                      ;RESET CONDITION GOTO SETUP
                      00057                 ORG H'004'
0004   2???           00058                 GOTO INTER
                      00059  
0005                  00060  SETUP
0005   2???           00061         CALL START
0006   1283 1303      00062         BANKSEL PORTC
0008   300C           00063         MOVLW H'0C'
0009   0087           00064         MOVWF PORTC
000A   2???           00065         CALL TMRSTART   
000B   01A4           00066         CLRF QUEUE
000C   01A3           00067         CLRF STORAGECNT
000D   2???           00068         GOTO MAIN
MPASM 5.86                  TRAFFICLIGHT.ASM   10-2-2024  15:16:40         PAGE  6


LOC  OBJECT CODE     LINE SOURCE TEXT
  VALUE

                      00069         
000E                  00070 MAIN
000E   0000           00071         NOP
000F   2???           00072         GOTO MAIN
                      00073         
0010                  00074 TMRSTART
0010   1283           00075         BCF STATUS,RP0
0011   018B           00076         CLRF INTCON         ; CLEAR ALL REGISTERS ASSOCIATED WITH TMR RESET.
0012   0192           00077         CLRF T2CON
0013   1683           00078         BSF STATUS, RP0
0014   018C           00079         CLRF PIE1
0015   0192           00080         CLRF PR2
0016   30FF           00081         MOVLW H'FF'
0017   0092           00082         MOVWF PR2
0018   1283           00083         BCF STATUS, RP0
0019   018C           00084         CLRF PIR1
001A   0191           00085         CLRF TMR2
001B   2???           00086         CALL TMRGREEN
001C   307A           00087         MOVLW H'7A'
001D   0092           00088         MOVWF T2CON
001E   1683 1303      00089         BANKSEL PIE1
0020   148C           00090         BSF PIE1,1          ; ENABLE TMR1 INTERRUPT
0021   1283 1303      00091         BANKSEL INTCON
0023   30C8           00092         MOVLW H'C8'         ; ENABLE GLOBAL AND PERIPHERAL INTERRUPTS AND PORTB INT
0024   008B           00093         MOVWF INTCON
0025   1512           00094         BSF T2CON,2         ; START TMR1
0026   0008           00095         RETURN
                      00096         
                      00097 
0027                  00098 OVERFLOWCHECK
0027   1283 1303      00099         BANKSEL INTCON
0029   1003           00100         BCF STATUS,0
002A   0AA3           00101         INCF STORAGECNT,1
002B   0822           00102         MOVF COMPARECNT,0
002C   0723           00103         ADDWF STORAGECNT,0
002D   1803           00104         BTFSC STATUS,0
002E   2???           00105         CALL SWITCHER
002F   108C           00106         BCF PIR1,1
0030   2???           00107         CALL POPOUT
0031   0009           00108         RETFIE
                      00109         
0032                  00110 SWITCHER
0032   1283 1303      00111         BANKSEL PORTC
0034   01A3           00112         CLRF STORAGECNT
0035   1003           00113         BCF STATUS,0
0036   1907           00114         BTFSC PORTC,RC2  ; SET FOR RC2
0037   2???           00115         GOTO SETYELLOWNORTH
0038   1887           00116         BTFSC PORTC,RC1  ; SET FOR RC1 
0039   2???           00117         GOTO SETGREENEAST
003A   1A87           00118         BTFSC PORTC,RC5 ; SET FOR RC5 
003B   2???           00119         GOTO SETYELLOWEAST
003C   1A07           00120         BTFSC PORTC,RC4 ; SET FOR RC4
003D   2???           00121         GOTO SETGREENNORTH
MPASM 5.86                  TRAFFICLIGHT.ASM   10-2-2024  15:16:40         PAGE  7


LOC  OBJECT CODE     LINE SOURCE TEXT
  VALUE

003E   0008           00122         RETURN
                      00123         
003F                  00124 SETYELLOWNORTH
003F   18A4           00125         BTFSC QUEUE,1
0040   2???           00126         GOTO SKIPP
0041   1824           00127         BTFSC QUEUE,0
0042   2???           00128         GOTO SETGREENNORTH
0043                  00129 SKIPP
0043   300A           00130         MOVLW H'0A'
0044   0087           00131         MOVWF PORTC
0045   2???           00132         CALL TMRYELLOW
0046   0008           00133         RETURN
0047                  00134 SETGREENEAST
0047   3021           00135         MOVLW H'21'
0048   0087           00136         MOVWF PORTC
0049   01A4           00137         CLRF QUEUE
004A   2???           00138         CALL TMRGREEN
004B   0008           00139         RETURN
004C                  00140 SETYELLOWEAST
004C   1824           00141         BTFSC QUEUE,0
004D   2???           00142         GOTO SKIP
004E   18A4           00143         BTFSC QUEUE,1
004F   2???           00144         GOTO SETGREENEAST
0050                  00145 SKIP
0050   3011           00146         MOVLW H'11'
0051   0087           00147         MOVWF PORTC
0052   2???           00148         CALL TMRYELLOW
0053   0008           00149         RETURN
                      00150         
0054                  00151 SETGREENNORTH
0054   300C           00152         MOVLW H'0C'
0055   0087           00153         MOVWF PORTC
0056   01A4           00154         CLRF QUEUE
0057   2???           00155         CALL TMRGREEN
0058   0008           00156         RETURN
                      00157         
0059                  00158 TMRYELLOW
0059   01A2           00159         CLRF COMPARECNT
005A   30F0           00160         MOVLW H'F0'         ; SET OVERFLOW COMPARE GPR COMPLEMENT OF FINAL COUNT PLUS ONE WAS FC
005B   00A2           00161         MOVWF COMPARECNT
005C   0008           00162         RETURN
                      00163 
005D                  00164 TMRGREEN
005D   01A2           00165         CLRF COMPARECNT
005E   30B3           00166         MOVLW H'B3'        ; SET OVERFLOW COMPARE GPR COMPLEMENT OF FINAL COUNT PLUS ONE WAS ED FOR TMR1
005F   00A2           00167         MOVWF COMPARECNT
0060   0008           00168         RETURN
                      00169         
0061                  00170 INTER
0061   2???           00171         CALL PUSHIN
0062   1283 1303      00172         BANKSEL PIR1
0064   188C           00173         BTFSC PIR1,1
0065   2???           00174         GOTO OVERFLOWCHECK
MPASM 5.86                  TRAFFICLIGHT.ASM   10-2-2024  15:16:40         PAGE  8


LOC  OBJECT CODE     LINE SOURCE TEXT
  VALUE

0066   180B           00175         BTFSC INTCON,0
0067   2???           00176         GOTO INTERSECTION       
0068   2???           00177         CALL POPOUT
0069   0009           00178         RETFIE
                      00179         
006A                  00180 INTERSECTION
006A   1283 1303      00181         BANKSEL PORTB
006C   018B           00182         CLRF INTCON
006D   1806           00183         BTFSC PORTB,0   ; CHECK RB0
006E   1424           00184         BSF QUEUE,0
006F   1787           00185         BSF PORTC,7
0070   1886           00186         BTFSC PORTB,1   ; CHECK RB1
0071   14A4           00187         BSF QUEUE,1
0072   30C8           00188         MOVLW H'C8'
0073   008B           00189         MOVWF INTCON
0074   2???           00190         CALL POPOUT
0075   0009           00191         RETFIE
                      00192         
                      00193         
Warning[205]: Found directive in column 1. (END)
20D1 3FFF             00194 END
MPASM 5.86                  TRAFFICLIGHT.ASM   10-2-2024  15:16:40         PAGE  9


SYMBOL TABLE
  LABEL                             VALUE 

ABDEN                             00000000
ABDOVF                            00000007
ACKDT                             00000005
ACKEN                             00000004
ACKSTAT                           00000006
ADCON0                            0000001F
ADCON1                            0000009F
ADCS0                             00000006
ADCS1                             00000007
ADDEN                             00000003
ADFM                              00000007
ADIE                              00000006
ADIF                              00000006
ADON                              00000000
ADRESH                            0000001E
ADRESL                            0000009E
ANS0                              00000000
ANS1                              00000001
ANS10                             00000002
ANS11                             00000003
ANS12                             00000004
ANS13                             00000005
ANS2                              00000002
ANS3                              00000003
ANS4                              00000004
ANS8                              00000000
ANS9                              00000001
ANSEL                             00000188
ANSELH                            00000189
BAUD                              D'100'
BAUDCTL                           00000187
BCLIE                             00000003
BCLIF                             00000003
BF                                00000000
BOTH                              00000025
BRG0                              00000000
BRG1                              00000001
BRG10                             00000002
BRG11                             00000003
BRG12                             00000004
BRG13                             00000005
BRG14                             00000006
BRG15                             00000007
BRG16                             00000003
BRG2                              00000002
BRG3                              00000003
BRG4                              00000004
BRG5                              00000005
BRG6                              00000006
BRG7                              00000007
BRG8                              00000000
BRG9                              00000001
BRGH                              00000002
MPASM 5.86                  TRAFFICLIGHT.ASM   10-2-2024  15:16:40         PAGE 10


SYMBOL TABLE
  LABEL                             VALUE 

C                                 00000000
C1CH0                             00000000
C1CH1                             00000001
C1IE                              00000005
C1IF                              00000005
C1OE                              00000005
C1ON                              00000007
C1OUT                             00000006
C1POL                             00000004
C1R                               00000002
C1RSEL                            00000005
C1SEN                             00000005
C2CH0                             00000000
C2CH1                             00000001
C2IE                              00000006
C2IF                              00000006
C2OE                              00000005
C2ON                              00000007
C2OUT                             00000006
C2POL                             00000004
C2R                               00000002
C2REN                             00000004
C2RSEL                            00000004
C2SYNC                            00000000
CCP1CON                           00000017
CCP1IE                            00000002
CCP1IF                            00000002
CCP1M0                            00000000
CCP1M1                            00000001
CCP1M2                            00000002
CCP1M3                            00000003
CCP1X                             00000005
CCP1Y                             00000004
CCP2CON                           0000001D
CCP2IE                            00000000
CCP2IF                            00000000
CCP2M0                            00000000
CCP2M1                            00000001
CCP2M2                            00000002
CCP2M3                            00000003
CCP2X                             00000005
CCP2Y                             00000004
CCPR1                             00000015
CCPR1H                            00000016
CCPR1L                            00000015
CCPR2                             0000001B
CCPR2H                            0000001C
CCPR2L                            0000001B
CHS0                              00000002
CHS1                              00000003
CHS2                              00000004
CHS3                              00000005
CKE                               00000006
MPASM 5.86                  TRAFFICLIGHT.ASM   10-2-2024  15:16:40         PAGE 11


SYMBOL TABLE
  LABEL                             VALUE 

CKP                               00000004
CM1CON0                           00000107
CM2CON0                           00000108
CM2CON1                           00000109
COMPARECNT                        00000022
CREN                              00000004
CSRC                              00000007
D                                 00000005
DATA_ADDRESS                      00000005
DC                                00000001
DC1B0                             00000004
DC1B1                             00000005
DC2B0                             00000004
DC2B1                             00000005
D_A                               00000005
D_NOT_A                           00000005
ECCPAS                            0000009C
ECCPAS0                           00000004
ECCPAS1                           00000005
ECCPAS2                           00000006
ECCPASE                           00000007
EEADR                             0000010D
EEADRH                            0000010F
EECON1                            0000018C
EECON2                            0000018D
EEDAT                             0000010C
EEDATA                            0000010C
EEDATH                            0000010E
EEIE                              00000004
EEIF                              00000004
EEPGD                             00000007
F                                 00000001
FERR                              00000002
FOSC                              D'16000'
FSR                               00000004
FVREN                             00000000
GCEN                              00000007
GIE                               00000007
GO                                00000001
GO_DONE                           00000001
GO_NOT_DONE                       00000001
HOLDDELAY                         00000026
HTS                               00000002
I2C_DATA                          00000005
I2C_READ                          00000002
I2C_START                         00000003
I2C_STOP                          00000004
INDF                              00000000
INTCON                            0000000B
INTE                              00000004
INTEDG                            00000006
INTER                             00000061
INTERSECTION                      0000006A
MPASM 5.86                  TRAFFICLIGHT.ASM   10-2-2024  15:16:40         PAGE 12


SYMBOL TABLE
  LABEL                             VALUE 

INTF                              00000001
IOCB                              00000096
IOCB0                             00000000
IOCB1                             00000001
IOCB2                             00000002
IOCB3                             00000003
IOCB4                             00000004
IOCB5                             00000005
IOCB6                             00000006
IOCB7                             00000007
IRCF0                             00000004
IRCF1                             00000005
IRCF2                             00000006
IRP                               00000007
LTS                               00000001
MAIN                              0000000E
MC1OUT                            00000007
MC2OUT                            00000006
MSK                               00000093
MSK0                              00000000
MSK1                              00000001
MSK2                              00000002
MSK3                              00000003
MSK4                              00000004
MSK5                              00000005
MSK6                              00000006
MSK7                              00000007
NOT_A                             00000005
NOT_ADDRESS                       00000005
NOT_BO                            00000000
NOT_BOR                           00000000
NOT_DONE                          00000001
NOT_PD                            00000003
NOT_POR                           00000001
NOT_RBPU                          00000007
NOT_RC8                           00000006
NOT_T1SYNC                        00000002
NOT_TO                            00000004
NOT_TX8                           00000006
NOT_W                             00000002
NOT_WRITE                         00000002
OERR                              00000001
OPTION_REG                        00000081
OSCCON                            0000008F
OSCTUNE                           00000090
OSFIE                             00000007
OSFIF                             00000007
OSTS                              00000003
OVERFLOWCHECK                     00000027
P                                 00000004
P1M0                              00000006
P1M1                              00000007
PCL                               00000002
MPASM 5.86                  TRAFFICLIGHT.ASM   10-2-2024  15:16:40         PAGE 13


SYMBOL TABLE
  LABEL                             VALUE 

PCLATH                            0000000A
PCON                              0000008E
PDC0                              00000000
PDC1                              00000001
PDC2                              00000002
PDC3                              00000003
PDC4                              00000004
PDC5                              00000005
PDC6                              00000006
PEIE                              00000006
PEN                               00000002
PIE1                              0000008C
PIE2                              0000008D
PIR1                              0000000C
PIR2                              0000000D
POPOUT                            00000000
PORTA                             00000005
PORTB                             00000006
PORTC                             00000007
PORTE                             00000009
PR2                               00000092
PRSEN                             00000007
PS0                               00000000
PS1                               00000001
PS2                               00000002
PSA                               00000003
PSSAC0                            00000002
PSSAC1                            00000003
PSSBD0                            00000000
PSSBD1                            00000001
PSTRCON                           0000009D
PULSR                             00000002
PULSS                             00000003
PUSHIN                            00000000
PWM1CON                           0000009B
QUEUE                             00000024
R                                 00000002
RA0                               00000000
RA1                               00000001
RA2                               00000002
RA3                               00000003
RA4                               00000004
RA5                               00000005
RA6                               00000006
RA7                               00000007
RB0                               00000000
RB1                               00000001
RB2                               00000002
RB3                               00000003
RB4                               00000004
RB5                               00000005
RB6                               00000006
RB7                               00000007
MPASM 5.86                  TRAFFICLIGHT.ASM   10-2-2024  15:16:40         PAGE 14


SYMBOL TABLE
  LABEL                             VALUE 

RBIE                              00000003
RBIF                              00000000
RC0                               00000000
RC1                               00000001
RC2                               00000002
RC3                               00000003
RC4                               00000004
RC5                               00000005
RC6                               00000006
RC7                               00000007
RC8_9                             00000006
RC9                               00000006
RCD8                              00000000
RCEN                              00000003
RCIDL                             00000006
RCIE                              00000005
RCIF                              00000005
RCREG                             0000001A
RCSTA                             00000018
RD                                00000000
RE3                               00000003
READ_WRITE                        00000002
RP0                               00000005
RP1                               00000006
RSEN                              00000001
RX9                               00000006
RX9D                              00000000
R_NOT_W                           00000002
R_W                               00000002
S                                 00000003
SBOREN                            00000004
SCKP                              00000004
SCS                               00000000
SEN                               00000000
SENDB                             00000003
SETGREENEAST                      00000047
SETGREENNORTH                     00000054
SETUP                             00000005
SETYELLOWEAST                     0000004C
SETYELLOWNORTH                    0000003F
SKIP                              00000050
SKIPP                             00000043
SMP                               00000007
SPBRG                             00000099
SPBRGH                            0000009A
SPEN                              00000007
SR0                               00000006
SR1                               00000007
SRCON                             00000185
SREN                              00000005
SSPADD                            00000093
SSPBUF                            00000013
SSPCON                            00000014
MPASM 5.86                  TRAFFICLIGHT.ASM   10-2-2024  15:16:40         PAGE 15


SYMBOL TABLE
  LABEL                             VALUE 

SSPCON2                           00000091
SSPEN                             00000005
SSPIE                             00000003
SSPIF                             00000003
SSPM0                             00000000
SSPM1                             00000001
SSPM2                             00000002
SSPM3                             00000003
SSPMSK                            00000093
SSPOV                             00000006
SSPSTAT                           00000094
START                             00000000
STATUS                            00000003
STORAGECNT                        00000023
STRA                              00000000
STRB                              00000001
STRC                              00000002
STRD                              00000003
STRSYNC                           00000004
SWDTEN                            00000000
SWITCHER                          00000032
SYNC                              00000004
T0CS                              00000005
T0IE                              00000005
T0IF                              00000002
T0SE                              00000004
T1CKPS0                           00000004
T1CKPS1                           00000005
T1CON                             00000010
T1GINV                            00000007
T1GIV                             00000007
T1GSS                             00000001
T1INSYNC                          00000002
T1OSCEN                           00000003
T1SYNC                            00000002
T2CKPS0                           00000000
T2CKPS1                           00000001
T2CON                             00000012
TMR0                              00000001
TMR0IE                            00000005
TMR0IF                            00000002
TMR1                              0000000E
TMR1CS                            00000001
TMR1GE                            00000006
TMR1H                             0000000F
TMR1IE                            00000000
TMR1IF                            00000000
TMR1L                             0000000E
TMR1ON                            00000000
TMR2                              00000011
TMR2IE                            00000001
TMR2IF                            00000001
TMR2ON                            00000002
MPASM 5.86                  TRAFFICLIGHT.ASM   10-2-2024  15:16:40         PAGE 16


SYMBOL TABLE
  LABEL                             VALUE 

TMRGREEN                          0000005D
TMRSTART                          00000010
TMRYELLOW                         00000059
TOUTPS0                           00000003
TOUTPS1                           00000004
TOUTPS2                           00000005
TOUTPS3                           00000006
TRISA                             00000085
TRISA0                            00000000
TRISA1                            00000001
TRISA2                            00000002
TRISA3                            00000003
TRISA4                            00000004
TRISA5                            00000005
TRISA6                            00000006
TRISA7                            00000007
TRISB                             00000086
TRISB0                            00000000
TRISB1                            00000001
TRISB2                            00000002
TRISB3                            00000003
TRISB4                            00000004
TRISB5                            00000005
TRISB6                            00000006
TRISB7                            00000007
TRISC                             00000087
TRISC0                            00000000
TRISC1                            00000001
TRISC2                            00000002
TRISC3                            00000003
TRISC4                            00000004
TRISC5                            00000005
TRISC6                            00000006
TRISC7                            00000007
TRISE                             00000089
TRISE3                            00000003
TRMT                              00000001
TUN0                              00000000
TUN1                              00000001
TUN2                              00000002
TUN3                              00000003
TUN4                              00000004
TX8_9                             00000006
TX9                               00000006
TX9D                              00000000
TXD8                              00000000
TXEN                              00000005
TXIE                              00000004
TXIF                              00000004
TXREG                             00000019
TXSTA                             00000098
UA                                00000001
ULPWUE                            00000005
MPASM 5.86                  TRAFFICLIGHT.ASM   10-2-2024  15:16:40         PAGE 17


SYMBOL TABLE
  LABEL                             VALUE 

ULPWUIE                           00000002
ULPWUIF                           00000002
VCFG0                             00000004
VCFG1                             00000005
VR0                               00000000
VR1                               00000001
VR2                               00000002
VR3                               00000003
VRCON                             00000097
VREN                              00000007
VROE                              00000006
VRR                               00000005
VRSS                              00000004
W                                 00000000
WCOL                              00000007
WDTCON                            00000105
WDTPS0                            00000001
WDTPS1                            00000002
WDTPS2                            00000003
WDTPS3                            00000004
WPUB                              00000095
WPUB0                             00000000
WPUB1                             00000001
WPUB2                             00000002
WPUB3                             00000003
WPUB4                             00000004
WPUB5                             00000005
WPUB6                             00000006
WPUB7                             00000007
WR                                00000001
WREN                              00000002
WRERR                             00000003
WUE                               00000001
Z                                 00000002
_BOR21V                           00003EFF
_BOR40V                           00003FFF
_BOR4V_BOR21V                     00003EFF
_BOR4V_BOR40V                     00003FFF
_BOREN_NSLEEP                     00003EFF
_BOREN_OFF                        00003CFF
_BOREN_ON                         00003FFF
_BOREN_SBODEN                     00003DFF
_BOR_NSLEEP                       00003EFF
_BOR_OFF                          00003CFF
_BOR_ON                           00003FFF
_BOR_SBODEN                       00003DFF
_CONFIG1                          00002007
_CONFIG2                          00002008
_CPD_OFF                          00003FFF
_CPD_ON                           00003F7F
_CP_OFF                           00003FFF
_CP_ON                            00003FBF
_DEBUG_OFF                        00003FFF
MPASM 5.86                  TRAFFICLIGHT.ASM   10-2-2024  15:16:40         PAGE 18


SYMBOL TABLE
  LABEL                             VALUE 

_DEBUG_ON                         00001FFF
_DEVID1                           00002006
_EC_OSC                           00003FFB
_EXTRC                            00003FFF
_EXTRCIO                          00003FFE
_EXTRC_OSC_CLKOUT                 00003FFF
_EXTRC_OSC_NOCLKOUT               00003FFE
_FCMEN_OFF                        000037FF
_FCMEN_ON                         00003FFF
_FOSC_EC                          00003FFB
_FOSC_EXTRC_CLKOUT                00003FFF
_FOSC_EXTRC_NOCLKOUT              00003FFE
_FOSC_HS                          00003FFA
_FOSC_INTRC_CLKOUT                00003FFD
_FOSC_INTRC_NOCLKOUT              00003FFC
_FOSC_LP                          00003FF8
_FOSC_XT                          00003FF9
_HS_OSC                           00003FFA
_IDLOC0                           00002000
_IDLOC1                           00002001
_IDLOC2                           00002002
_IDLOC3                           00002003
_IESO_OFF                         00003BFF
_IESO_ON                          00003FFF
_INTOSC                           00003FFD
_INTOSCIO                         00003FFC
_INTRC_OSC_CLKOUT                 00003FFD
_INTRC_OSC_NOCLKOUT               00003FFC
_LP_OSC                           00003FF8
_LVP_OFF                          00002FFF
_LVP_ON                           00003FFF
_MCLRE_OFF                        00003FDF
_MCLRE_ON                         00003FFF
_PWRTE_OFF                        00003FFF
_PWRTE_ON                         00003FEF
_WDTE_OFF                         00003FF7
_WDTE_ON                          00003FFF
_WDT_OFF                          00003FF7
_WDT_ON                           00003FFF
_WRT_1FOURTH                      00003BFF
_WRT_256                          00003DFF
_WRT_HALF                         000039FF
_WRT_OFF                          00003FFF
_XT_OSC                           00003FF9
__16F883                          00000001

Errors   :     0
Warnings :     1 reported,     6 suppressed
Messages :    18 reported,     4 suppressed

