MPASM 5.86                    FUNKYFUNKY.ASM   9-19-2024  14:34:55         PAGE  1


LOC  OBJECT CODE     LINE SOURCE TEXT
  VALUE

                      00001         ;Funky Muzak.asm
                      00002         ;September 12, 2024
                      00003         ;Owen Fujii
                      00004         ;Basic Setup File for the PIC16F883
                      00005 
                      00006                 #INCLUDE <p16f883.inc>                  ; processor specific variable definitions
                      00001         LIST
                      00002 
                      00003 ;==========================================================================
                      00004 ; Build date : Oct 24 2019
                      00005 ;  MPASM PIC16F883 processor include
                      00006 ; 
                      00007 ;  (c) Copyright 1999-2019 Microchip Technology, All rights reserved
                      00008 ;==========================================================================
                      00009 
                      00781         LIST
                      00007                 LIST      p=16f883                      ; list directive to define processor
                      00008                 errorlevel -302,-207,-305,-206,-203     ;suppress "not in bank 0" message,  Found label 
                            after column 1,
                      00009                                                         ;Using default destination of 1 (file),  Found c
                            all to macro in column 1
                      00010 
                      00011                 #include "p16f883.inc"
                      00782         LIST
                      00783 
                      00784 ;==========================================================================
                      00785 ; Build date : Oct 24 2019
                      00786 ;  MPASM PIC16F883 processor include
                      00787 ; 
                      00788 ;  (c) Copyright 1999-2019 Microchip Technology, All rights reserved
                      00789 ;==========================================================================
                      00790 
Message[310]: Superseding current maximum RAM and RAM map.
                      01562         LIST
                      00012 
                      00013 ; CONFIG1
                      00014 ; __config 0xF8E7
2007   20D1           00015  __CONFIG _CONFIG1, _FOSC_XT & _WDTE_OFF & _PWRTE_OFF & _MCLRE_OFF & _CP_OFF & _CPD_OFF & _BOREN_OFF & _
                            IESO_OFF & _FCMEN_OFF & _LVP_OFF
                      00016 ; CONFIG2
                      00017 ; __config 0xFFFF
2008   3FFF           00018  __CONFIG _CONFIG2, _BOR4V_BOR40V & _WRT_OFF
                      00019 ;******************************************             
                      00020 ;Define Constants
                      00021 ;******************************************
                      00022 
                      00023 #Define         BAUD            D'100'                          ;Desired Baud Rate in Kbps for I2C
                      00024 #Define         FOSC            D'16000'                        ;Oscillator Clock in KHz This must be fi
                            lled
                      00025 
                      00026 ;******************************************             
                      00027 ;Define Variable Registers
                      00028 ;******************************************
MPASM 5.86                    FUNKYFUNKY.ASM   9-19-2024  14:34:55         PAGE  2


LOC  OBJECT CODE     LINE SOURCE TEXT
  VALUE

                      00029 
  00000020            00030         COUNT1  EQU     0x20
  00000021            00031         COUNT2  EQU     0x21
  00000022            00032         COUNT3  EQU     0x22
  00000023            00033         COUNT4  EQU     0x23
  00000024            00034         COUNT5  EQU     0x24
  00000025            00035         STEP    EQU     0x25
  00000026            00036         LEG_1   EQU     0x26
                      00037                 
                      00038 ;******************************************             
                      00039 ;Interupt Vectors
                      00040 ;******************************************
                      00041                 ORG H'000'                                      
0000   2???           00042                 GOTO SETUP                                      ;RESET CONDITION GOTO SETUP
                      00043 
                      00044 ;******************************************
                      00045 ;SETUP ROUTINE
                      00046 ;******************************************
0001                  00047 SETUP
                      00048 ;*** SFR SETUP **********
                      00049  
                      00050                 
                      00051 ;*** SET OPTION_REG: ****
0001   1683 1303      00052                 BANKSEL OPTION_REG
0003   30F4           00053                 MOVLW H'F4'                             ; INITIALIZE SET OF RBPU INTEDG T0SE 
0004   0081           00054                 MOVWF OPTION_REG
                      00055 ;*** SET INTCON REG: ****
0005   1283 1303      00056                 BANKSEL INTCON
0007   3040           00057                 MOVLW H'40'
0008   008B           00058                 MOVWF INTCON                            ; INIT PEIE
                      00059 ;*** SET PIE1 REG: *****
0009   1683 1303      00060                 BANKSEL PIE1
000B   3000           00061                 MOVLW H'00'                             ; INIT PIE1 CLEAR
000C   008C           00062                 MOVWF PIE1
                      00063 ;***** SET PIE2 REG: *****
000D   1683 1303      00064                 BANKSEL PIE2
000F   3000           00065                 MOVLW H'00'                             ; INIT OSFIE CLEAR OTHERS
0010   008D           00066                 MOVWF PIE2
                      00067 ;*** SET CCP1CON REG: **
0011   1283 1303      00068                 BANKSEL CCP1CON
0013   3000           00069                 MOVLW   H'000'                          ;DISABLE PWM & CCP
0014   0097           00070                 MOVWF   CCP1CON
0015   1283 1303      00071                 BANKSEL CCP2CON
0017   019D           00072                 CLRF CCP2CON
0018   1283 1703      00073                 BANKSEL CM2CON1
001A   3000           00074                 MOVLW   H'000'
001B   0089           00075                 MOVWF   CM2CON1
                      00076 
                      00077 ;*** TIMER 1 SETUP *****
001C   1283 1303      00078                 BANKSEL T1CON
001E   3000           00079                 MOVLW   H'000'                          ;
001F   0090           00080                 MOVWF   T1CON                           ;DISABLE TIMER 1
                      00081 
MPASM 5.86                    FUNKYFUNKY.ASM   9-19-2024  14:34:55         PAGE  3


LOC  OBJECT CODE     LINE SOURCE TEXT
  VALUE

                      00082 ;*** TIMER 2 SETUP *****
                      00083 
0020   1283 1303      00084                 BANKSEL T2CON
0022   0192           00085                 CLRF    T2CON                           ;DISABLE TIMER 2, 1:1 POST SCALE, PRESCALER 1
0023   3000           00086                 MOVLW   H'000'                          ;SET PR2 FOR FULL COUNT 
0024   1683 1303      00087                 BANKSEL PR2                             ;
0026   0092           00088                 MOVWF   PR2                             ;PR2 IS SETS OUTPUT OF PWM HIGH WHEN = TMR2
                      00089  
                      00090 ;*** PORT A SETUP **** PORT B RB0 IS USED AS EDGE TRIGGERED INPUT
                      00091 
0027   1683 1303      00092                 BANKSEL ADCON1
0029   139F           00093                 BCF     ADCON1,7
002A   169F           00094                 BSF     ADCON1,5
002B   171F           00095                 BSF     ADCON1,6
002C   1283 1303      00096                 BANKSEL PORTA
002E   0185           00097                 CLRF    PORTA                           ; CLEAR PORTA
002F   1683 1303      00098                 BANKSEL TRISA
0031   30FE           00099                 MOVLW   H'FE'                           ;SET PORT A INPUT EXEPT RA0
0032   0085           00100                 MOVWF   TRISA
                      00101                 
                      00102 ;*** PORT B SETUP **** PORT B RB0 IS USED AS EDGE TRIGGERED INPUT
0033   1283 1303      00103                 BANKSEL PORTB
0035   0186           00104                 CLRF    PORTB                           ; CLEAR PORTB 
0036   1683 1303      00105                 BANKSEL TRISB
0038   30FF           00106                 MOVLW   H'FF'                           ;SET PORT B AS INPUT
0039   0086           00107                 MOVWF   TRISB
003A   1683 1703      00108                 BANKSEL ANSELH
003C   3000           00109                 MOVLW H'000'                            ; DISABLE ADC INPUTS BANK B
003D   0089           00110                 MOVWF ANSELH                            
003E   1683 1303      00111                 BANKSEL WPUB                            ; DISABLE ALL WEAK PULL UPS PORT B
0040   3000           00112                 MOVLW   H'00'
0041   0095           00113                 MOVWF   WPUB
                      00114                 
                      00115 
                      00116 ;*** PORT C SETUP **** PORT B RB0 IS USED AS EDGE TRIGGERED INPUT
0042   1283 1303      00117                 BANKSEL PORTC
0044   0187           00118                 CLRF    PORTC                           ; CLEAR PORTC
0045   1683 1303      00119                 BANKSEL TRISC
0047   3000           00120                 MOVLW   H'000'                          ;SET PORT C AS OUTPUT
0048   0087           00121                 MOVWF   TRISC
0049   2???           00122                 GOTO    MAIN                            ;END OF SETUP ROUTINE
                      00123 
                      00124 ;******************************************
                      00125 ;Main Code
                      00126 ;******************************************
004A                  00127 MAIN    
004A   1283 1303      00128         BANKSEL PORTC 
004C   0187           00129             CLRF PORTC
                      00130             
004D                  00131 KEYPAD
004D   1607           00132                 BSF PORTC, 4
004E   1A06           00133                 BTFSC PORTB,RB4                          ; CHECK INPUTS KEYPRESS OF FIRST ROW
004F   2???           00134                 GOTO CTHREE
MPASM 5.86                    FUNKYFUNKY.ASM   9-19-2024  14:34:55         PAGE  4


LOC  OBJECT CODE     LINE SOURCE TEXT
  VALUE

0050   1A86           00135                 BTFSC PORTB,RB5
0051   2???           00136                 GOTO DTHREE
0052   1B06           00137                 BTFSC PORTB,RB6
0053   2???           00138                 GOTO ETHREE
0054   1B86           00139                 BTFSC PORTB,RB7
0055   2???           00140                 GOTO FTHREE                               ; FINISH CHECK OF M ASSOCIATED BITS
0056   1207           00141                 BCF PORTC, 4
                      00142                 ;GOTO KEYPAD; CLEAR RB0 AS A HIGH
                      00143                 
                      00144                 
0057   1687           00145                 BSF PORTC, 5                         ; SET RB1 TO A OUTPUT HIGH
0058   1A06           00146                 BTFSC PORTB,RB4                          ; CHECK INPUTS KEYPRESS OF SECOND ROW
0059   2???           00147                 GOTO GTHREE
005A   1A86           00148                 BTFSC PORTB,RB5
005B   2???           00149                 GOTO ATHREE
005C   1B06           00150                 BTFSC PORTB,RB6
005D   2???           00151                 GOTO BTHREE
005E   1B86           00152                 BTFSC PORTB,RB7
005F   2???           00153                 GOTO CFOUR                               ; FINISH CHECK OF L ASSOCIATED BITS   
0060   1287           00154                 BCF PORTC, 5
                      00155                 
0061   1707           00156                 BSF PORTC, 6                       ; SET RB2 AS AN OUTPUT HIGH
0062   1A06           00157                 BTFSC PORTB,RB4                         ; CHECK INPUTS FOR KEYPRESS OF THIRD ROW
0063   2???           00158                 GOTO DFOUR
0064   1A86           00159                 BTFSC PORTB,RB5
0065   2???           00160                 GOTO EFOUR
0066   1B06           00161                 BTFSC PORTB,RB6
0067   2???           00162                 GOTO FFOUR
0068   1B86           00163                 BTFSC PORTB,RB7
0069   2???           00164                 GOTO GFOUR                              ; FINISH CHECK OF K ASSOCIATED BITS
006A   1307           00165                 BCF PORTC, 6                    ; CLEAR RB2 OF OUTPUT HIGH
                      00166                 
                      00167                 
                      00168                 
006B   1787           00169                 BSF PORTC, 7
006C   1A06           00170                 BTFSC PORTB,RB4                         ; CHECK INPUTS FOR A KEYPRESS OF THIRD ROW
006D   2???           00171                 GOTO AFOUR      
006E   1A86           00172                 BTFSC PORTB,RB5
006F   2???           00173                 GOTO BFOUR
0070   1B06           00174                 BTFSC PORTB,RB6
0071   2???           00175                 GOTO CFIVE
0072   1B86           00176                 BTFSC PORTB,RB7
0073   2???           00177                 GOTO DFIVE                            ; FINISH CHECK OF J ASSOCIATED BITS
0074   1387           00178                 BCF PORTC, 7
0075   2???           00179                 GOTO KEYPAD
                      00180                 
0076                  00181 CTHREE
0076   01A1           00182                 CLRF H'21'
0077   3000           00183                 MOVLW H'00'
0078   00A1           00184                 MOVWF H'21'
0079   2???           00185                 CALL ONETONE
                      00186                 
007A                  00187 DTHREE
MPASM 5.86                    FUNKYFUNKY.ASM   9-19-2024  14:34:55         PAGE  5


LOC  OBJECT CODE     LINE SOURCE TEXT
  VALUE

007A   01A1           00188                 CLRF H'21'
007B   3001           00189                 MOVLW H'01'
007C   00A1           00190                 MOVWF H'21'
007D   2???           00191                 CALL ONETONE
                      00192                 
007E                  00193 ETHREE
007E   01A1           00194                 CLRF H'21'
007F   3002           00195                 MOVLW H'02'
0080   00A1           00196                 MOVWF H'21'
0081   2???           00197                 CALL ONETONE
                      00198 
0082                  00199 FTHREE
0082   01A1           00200                 CLRF H'21'
0083   3003           00201                 MOVLW H'03'
0084   00A1           00202                 MOVWF H'21'
0085   2???           00203                 CALL ONETONE
                      00204                 
0086                  00205 GTHREE
0086   01A1           00206                 CLRF H'21'
0087   3004           00207                 MOVLW H'04'
0088   00A1           00208                 MOVWF H'21'
0089   2???           00209                 CALL ONETONE
                      00210 
008A                  00211 ATHREE
008A   01A1           00212                 CLRF H'21'
008B   3005           00213                 MOVLW H'05'
008C   00A1           00214                 MOVWF H'21'
008D   2???           00215                 CALL ONETONE
                      00216                 
008E                  00217 BTHREE
008E   01A1           00218                 CLRF H'21'
008F   3006           00219                 MOVLW H'06'
0090   00A1           00220                 MOVWF H'21'
0091   2???           00221                 CALL ONETONE    
                      00222                 
0092                  00223 CFOUR
0092   01A1           00224                 CLRF H'21'
0093   3007           00225                 MOVLW H'07'
0094   00A1           00226                 MOVWF H'21'
0095   2???           00227                 CALL ONETONE     
                      00228                 
0096                  00229 DFOUR
0096   01A1           00230                 CLRF H'21'
0097   3008           00231                 MOVLW H'08'
0098   00A1           00232                 MOVWF H'21'
0099   2???           00233                 CALL ONETONE
                      00234                 
009A                  00235 EFOUR
009A   01A1           00236                 CLRF H'21'
009B   3009           00237                 MOVLW H'09'
009C   00A1           00238                 MOVWF H'21'
009D   2???           00239                 CALL ONETONE
                      00240                 
MPASM 5.86                    FUNKYFUNKY.ASM   9-19-2024  14:34:55         PAGE  6


LOC  OBJECT CODE     LINE SOURCE TEXT
  VALUE

009E                  00241 FFOUR
009E   01A1           00242                 CLRF H'21'
009F   300A           00243                 MOVLW H'0A'
00A0   00A1           00244                 MOVWF H'21'
00A1   2???           00245                 CALL ONETONE
                      00246                 
00A2                  00247 GFOUR
00A2   01A1           00248                 CLRF H'21'
00A3   300B           00249                 MOVLW H'0B'
00A4   00A1           00250                 MOVWF H'21'
00A5   2???           00251                 CALL ONETONE
                      00252                 
00A6                  00253 AFOUR
00A6   01A1           00254                 CLRF H'21'
00A7   300C           00255                 MOVLW H'0C'
00A8   00A1           00256                 MOVWF H'21'
00A9   2???           00257                 CALL ONETONE
                      00258                 
00AA                  00259 BFOUR
00AA   01A1           00260                 CLRF H'21'
00AB   300D           00261                 MOVLW H'0D'
00AC   00A1           00262                 MOVWF H'21'
00AD   2???           00263                 CALL ONETONE
                      00264                 
00AE                  00265 CFIVE
00AE   01A1           00266                 CLRF H'21'
00AF   300E           00267                 MOVLW H'0E'
00B0   00A1           00268                 MOVWF H'21'
00B1   2???           00269                 CALL ONETONE
                      00270                 
00B2                  00271 DFIVE
00B2   01A1           00272                 CLRF H'21'
00B3   300F           00273                 MOVLW H'0F'
00B4   00A1           00274                 MOVWF H'21'
00B5   2???           00275                 CALL ONETONE
                      00276             
00B6                  00277 ONETONE
00B6   3001           00278             MOVLW H'01'
00B7   0087           00279             MOVWF PORTC
00B8   2???           00280             CALL DELAY    
00B9   3001           00281             MOVLW H'01'
00BA   0606           00282             XORWF PORTB,0
00BB   0087           00283             MOVWF PORTC
00BC   0085           00284             MOVWF PORTA
00BD   2???           00285             CALL DELAY    
00BE   3001           00286             MOVLW H'01'
00BF   0606           00287             XORWF PORTB,0
00C0   0087           00288             MOVWF PORTC
00C1   0085           00289             MOVWF PORTA
00C2   2???           00290             GOTO KEYPAD     
                      00291             
                      00292            
00C3                  00293 DELAY
MPASM 5.86                    FUNKYFUNKY.ASM   9-19-2024  14:34:55         PAGE  7


LOC  OBJECT CODE     LINE SOURCE TEXT
  VALUE

00C3   0821           00294             MOVF H'21',0
00C4   2???           00295             CALL TABLE
00C5   0091           00296             MOVWF TMR2
00C6                  00297 LOOP2
00C6   0181           00298             CLRF TMR0
00C7                  00299 LOOP1
00C7   0B81           00300             DECFSZ TMR0
00C8   2???           00301             GOTO LOOP1
00C9   0B91           00302             DECFSZ TMR2
00CA   2???           00303             GOTO LOOP2
00CB   0821           00304             MOVF H'21',0
00CC   2???           00305             CALL TABLETWO
00CD   0081           00306             MOVWF TMR0
00CE                  00307 LOOP3
00CE   0B81           00308             DECFSZ TMR0
00CF   2???           00309             GOTO LOOP3
00D0   0008           00310             RETURN
                      00311             
                      00312            
00D1                  00313 TABLE
00D1   0782           00314             ADDWF PCL,1
00D2   3404           00315             RETLW H'04' ;C3
00D3   3404           00316             RETLW H'04' ;D3
00D4   3403           00317             RETLW H'03' ;E3
00D5   3403           00318             RETLW H'03' ;F3
00D6   3403           00319             RETLW H'03' ;G3
00D7   3402           00320             RETLW H'02' ;A3
00D8   3402           00321             RETLW H'02' ;B3
00D9   3402           00322             RETLW H'02' ;C4
00DA   3402           00323             RETLW H'02' ;D4
00DB   3401           00324             RETLW H'01' ;E4
00DC   3401           00325             RETLW H'01' ;F4
00DD   3401           00326             RETLW H'01' ;G4
00DE   3401           00327             RETLW H'01' ;A4
00DF   3401           00328             RETLW H'01' ;B4
00E0   3401           00329             RETLW H'01' ;C5
00E1   3401           00330             RETLW H'01' ;D5
                      00331             
00E2                  00332 TABLETWO
00E2   0782           00333             ADDWF PCL,1
00E3   34F9           00334             RETLW H'F9' ;C3 0
00E4   3463           00335             RETLW H'63' ;D3 1
00E5   34F1           00336             RETLW H'F1' ;E3 2
00E6   34AC           00337             RETLW H'AC' ;F3 3
00E7   3443           00338             RETLW H'43' ;G3 4
00E8   34E8           00339             RETLW H'E8' ;A3 5
00E9   3496           00340             RETLW H'96' ;B3 6
00EA   346D           00341             RETLW H'6D' ;C4 7
00EB   3429           00342             RETLW H'29' ;D4 8
00EC   34EC           00343             RETLW H'EC' ;E4 9
00ED   34CF           00344             RETLW H'CF' ;F4 A
00EE   349A           00345             RETLW H'9A' ;G4 B
00EF   346B           00346             RETLW H'6B' ;A4 C
MPASM 5.86                    FUNKYFUNKY.ASM   9-19-2024  14:34:55         PAGE  8


LOC  OBJECT CODE     LINE SOURCE TEXT
  VALUE

00F0   3442           00347             RETLW H'42' ;B4 D 
00F1   342E           00348             RETLW H'2E' ;C5 E
00F2   340B           00349             RETLW H'0B' ;D5 F
                      00350             
                      00351             
                      00352             
                      00353             
                      00354             
Warning[205]: Found directive in column 1. (END)
20D1 3FFF             00355 END
MPASM 5.86                    FUNKYFUNKY.ASM   9-19-2024  14:34:55         PAGE  9


SYMBOL TABLE
  LABEL                             VALUE 

ABDEN                             00000000
ABDOVF                            00000007
ACKDT                             00000005
ACKEN                             00000004
ACKSTAT                           00000006
ADCON0                            0000001F
ADCON1                            0000009F
ADCS0                             00000006
ADCS1                             00000007
ADDEN                             00000003
ADFM                              00000007
ADIE                              00000006
ADIF                              00000006
ADON                              00000000
ADRESH                            0000001E
ADRESL                            0000009E
AFOUR                             000000A6
ANS0                              00000000
ANS1                              00000001
ANS10                             00000002
ANS11                             00000003
ANS12                             00000004
ANS13                             00000005
ANS2                              00000002
ANS3                              00000003
ANS4                              00000004
ANS8                              00000000
ANS9                              00000001
ANSEL                             00000188
ANSELH                            00000189
ATHREE                            0000008A
BAUD                              D'100'
BAUDCTL                           00000187
BCLIE                             00000003
BCLIF                             00000003
BF                                00000000
BFOUR                             000000AA
BRG0                              00000000
BRG1                              00000001
BRG10                             00000002
BRG11                             00000003
BRG12                             00000004
BRG13                             00000005
BRG14                             00000006
BRG15                             00000007
BRG16                             00000003
BRG2                              00000002
BRG3                              00000003
BRG4                              00000004
BRG5                              00000005
BRG6                              00000006
BRG7                              00000007
BRG8                              00000000
MPASM 5.86                    FUNKYFUNKY.ASM   9-19-2024  14:34:55         PAGE 10


SYMBOL TABLE
  LABEL                             VALUE 

BRG9                              00000001
BRGH                              00000002
BTHREE                            0000008E
C                                 00000000
C1CH0                             00000000
C1CH1                             00000001
C1IE                              00000005
C1IF                              00000005
C1OE                              00000005
C1ON                              00000007
C1OUT                             00000006
C1POL                             00000004
C1R                               00000002
C1RSEL                            00000005
C1SEN                             00000005
C2CH0                             00000000
C2CH1                             00000001
C2IE                              00000006
C2IF                              00000006
C2OE                              00000005
C2ON                              00000007
C2OUT                             00000006
C2POL                             00000004
C2R                               00000002
C2REN                             00000004
C2RSEL                            00000004
C2SYNC                            00000000
CCP1CON                           00000017
CCP1IE                            00000002
CCP1IF                            00000002
CCP1M0                            00000000
CCP1M1                            00000001
CCP1M2                            00000002
CCP1M3                            00000003
CCP1X                             00000005
CCP1Y                             00000004
CCP2CON                           0000001D
CCP2IE                            00000000
CCP2IF                            00000000
CCP2M0                            00000000
CCP2M1                            00000001
CCP2M2                            00000002
CCP2M3                            00000003
CCP2X                             00000005
CCP2Y                             00000004
CCPR1                             00000015
CCPR1H                            00000016
CCPR1L                            00000015
CCPR2                             0000001B
CCPR2H                            0000001C
CCPR2L                            0000001B
CFIVE                             000000AE
CFOUR                             00000092
MPASM 5.86                    FUNKYFUNKY.ASM   9-19-2024  14:34:55         PAGE 11


SYMBOL TABLE
  LABEL                             VALUE 

CHS0                              00000002
CHS1                              00000003
CHS2                              00000004
CHS3                              00000005
CKE                               00000006
CKP                               00000004
CM1CON0                           00000107
CM2CON0                           00000108
CM2CON1                           00000109
COUNT1                            00000020
COUNT2                            00000021
COUNT3                            00000022
COUNT4                            00000023
COUNT5                            00000024
CREN                              00000004
CSRC                              00000007
CTHREE                            00000076
D                                 00000005
DATA_ADDRESS                      00000005
DC                                00000001
DC1B0                             00000004
DC1B1                             00000005
DC2B0                             00000004
DC2B1                             00000005
DELAY                             000000C3
DFIVE                             000000B2
DFOUR                             00000096
DTHREE                            0000007A
D_A                               00000005
D_NOT_A                           00000005
ECCPAS                            0000009C
ECCPAS0                           00000004
ECCPAS1                           00000005
ECCPAS2                           00000006
ECCPASE                           00000007
EEADR                             0000010D
EEADRH                            0000010F
EECON1                            0000018C
EECON2                            0000018D
EEDAT                             0000010C
EEDATA                            0000010C
EEDATH                            0000010E
EEIE                              00000004
EEIF                              00000004
EEPGD                             00000007
EFOUR                             0000009A
ETHREE                            0000007E
F                                 00000001
FERR                              00000002
FFOUR                             0000009E
FOSC                              D'16000'
FSR                               00000004
FTHREE                            00000082
MPASM 5.86                    FUNKYFUNKY.ASM   9-19-2024  14:34:55         PAGE 12


SYMBOL TABLE
  LABEL                             VALUE 

FVREN                             00000000
GCEN                              00000007
GFOUR                             000000A2
GIE                               00000007
GO                                00000001
GO_DONE                           00000001
GO_NOT_DONE                       00000001
GTHREE                            00000086
HTS                               00000002
I2C_DATA                          00000005
I2C_READ                          00000002
I2C_START                         00000003
I2C_STOP                          00000004
INDF                              00000000
INTCON                            0000000B
INTE                              00000004
INTEDG                            00000006
INTF                              00000001
IOCB                              00000096
IOCB0                             00000000
IOCB1                             00000001
IOCB2                             00000002
IOCB3                             00000003
IOCB4                             00000004
IOCB5                             00000005
IOCB6                             00000006
IOCB7                             00000007
IRCF0                             00000004
IRCF1                             00000005
IRCF2                             00000006
IRP                               00000007
KEYPAD                            0000004D
LEG_1                             00000026
LOOP1                             000000C7
LOOP2                             000000C6
LOOP3                             000000CE
LTS                               00000001
MAIN                              0000004A
MC1OUT                            00000007
MC2OUT                            00000006
MSK                               00000093
MSK0                              00000000
MSK1                              00000001
MSK2                              00000002
MSK3                              00000003
MSK4                              00000004
MSK5                              00000005
MSK6                              00000006
MSK7                              00000007
NOT_A                             00000005
NOT_ADDRESS                       00000005
NOT_BO                            00000000
NOT_BOR                           00000000
MPASM 5.86                    FUNKYFUNKY.ASM   9-19-2024  14:34:55         PAGE 13


SYMBOL TABLE
  LABEL                             VALUE 

NOT_DONE                          00000001
NOT_PD                            00000003
NOT_POR                           00000001
NOT_RBPU                          00000007
NOT_RC8                           00000006
NOT_T1SYNC                        00000002
NOT_TO                            00000004
NOT_TX8                           00000006
NOT_W                             00000002
NOT_WRITE                         00000002
OERR                              00000001
ONETONE                           000000B6
OPTION_REG                        00000081
OSCCON                            0000008F
OSCTUNE                           00000090
OSFIE                             00000007
OSFIF                             00000007
OSTS                              00000003
P                                 00000004
P1M0                              00000006
P1M1                              00000007
PCL                               00000002
PCLATH                            0000000A
PCON                              0000008E
PDC0                              00000000
PDC1                              00000001
PDC2                              00000002
PDC3                              00000003
PDC4                              00000004
PDC5                              00000005
PDC6                              00000006
PEIE                              00000006
PEN                               00000002
PIE1                              0000008C
PIE2                              0000008D
PIR1                              0000000C
PIR2                              0000000D
PORTA                             00000005
PORTB                             00000006
PORTC                             00000007
PORTE                             00000009
PR2                               00000092
PRSEN                             00000007
PS0                               00000000
PS1                               00000001
PS2                               00000002
PSA                               00000003
PSSAC0                            00000002
PSSAC1                            00000003
PSSBD0                            00000000
PSSBD1                            00000001
PSTRCON                           0000009D
PULSR                             00000002
MPASM 5.86                    FUNKYFUNKY.ASM   9-19-2024  14:34:55         PAGE 14


SYMBOL TABLE
  LABEL                             VALUE 

PULSS                             00000003
PWM1CON                           0000009B
R                                 00000002
RA0                               00000000
RA1                               00000001
RA2                               00000002
RA3                               00000003
RA4                               00000004
RA5                               00000005
RA6                               00000006
RA7                               00000007
RB0                               00000000
RB1                               00000001
RB2                               00000002
RB3                               00000003
RB4                               00000004
RB5                               00000005
RB6                               00000006
RB7                               00000007
RBIE                              00000003
RBIF                              00000000
RC0                               00000000
RC1                               00000001
RC2                               00000002
RC3                               00000003
RC4                               00000004
RC5                               00000005
RC6                               00000006
RC7                               00000007
RC8_9                             00000006
RC9                               00000006
RCD8                              00000000
RCEN                              00000003
RCIDL                             00000006
RCIE                              00000005
RCIF                              00000005
RCREG                             0000001A
RCSTA                             00000018
RD                                00000000
RE3                               00000003
READ_WRITE                        00000002
RP0                               00000005
RP1                               00000006
RSEN                              00000001
RX9                               00000006
RX9D                              00000000
R_NOT_W                           00000002
R_W                               00000002
S                                 00000003
SBOREN                            00000004
SCKP                              00000004
SCS                               00000000
SEN                               00000000
MPASM 5.86                    FUNKYFUNKY.ASM   9-19-2024  14:34:55         PAGE 15


SYMBOL TABLE
  LABEL                             VALUE 

SENDB                             00000003
SETUP                             00000001
SMP                               00000007
SPBRG                             00000099
SPBRGH                            0000009A
SPEN                              00000007
SR0                               00000006
SR1                               00000007
SRCON                             00000185
SREN                              00000005
SSPADD                            00000093
SSPBUF                            00000013
SSPCON                            00000014
SSPCON2                           00000091
SSPEN                             00000005
SSPIE                             00000003
SSPIF                             00000003
SSPM0                             00000000
SSPM1                             00000001
SSPM2                             00000002
SSPM3                             00000003
SSPMSK                            00000093
SSPOV                             00000006
SSPSTAT                           00000094
STATUS                            00000003
STEP                              00000025
STRA                              00000000
STRB                              00000001
STRC                              00000002
STRD                              00000003
STRSYNC                           00000004
SWDTEN                            00000000
SYNC                              00000004
T0CS                              00000005
T0IE                              00000005
T0IF                              00000002
T0SE                              00000004
T1CKPS0                           00000004
T1CKPS1                           00000005
T1CON                             00000010
T1GINV                            00000007
T1GIV                             00000007
T1GSS                             00000001
T1INSYNC                          00000002
T1OSCEN                           00000003
T1SYNC                            00000002
T2CKPS0                           00000000
T2CKPS1                           00000001
T2CON                             00000012
TABLE                             000000D1
TABLETWO                          000000E2
TMR0                              00000001
TMR0IE                            00000005
MPASM 5.86                    FUNKYFUNKY.ASM   9-19-2024  14:34:55         PAGE 16


SYMBOL TABLE
  LABEL                             VALUE 

TMR0IF                            00000002
TMR1                              0000000E
TMR1CS                            00000001
TMR1GE                            00000006
TMR1H                             0000000F
TMR1IE                            00000000
TMR1IF                            00000000
TMR1L                             0000000E
TMR1ON                            00000000
TMR2                              00000011
TMR2IE                            00000001
TMR2IF                            00000001
TMR2ON                            00000002
TOUTPS0                           00000003
TOUTPS1                           00000004
TOUTPS2                           00000005
TOUTPS3                           00000006
TRISA                             00000085
TRISA0                            00000000
TRISA1                            00000001
TRISA2                            00000002
TRISA3                            00000003
TRISA4                            00000004
TRISA5                            00000005
TRISA6                            00000006
TRISA7                            00000007
TRISB                             00000086
TRISB0                            00000000
TRISB1                            00000001
TRISB2                            00000002
TRISB3                            00000003
TRISB4                            00000004
TRISB5                            00000005
TRISB6                            00000006
TRISB7                            00000007
TRISC                             00000087
TRISC0                            00000000
TRISC1                            00000001
TRISC2                            00000002
TRISC3                            00000003
TRISC4                            00000004
TRISC5                            00000005
TRISC6                            00000006
TRISC7                            00000007
TRISE                             00000089
TRISE3                            00000003
TRMT                              00000001
TUN0                              00000000
TUN1                              00000001
TUN2                              00000002
TUN3                              00000003
TUN4                              00000004
TX8_9                             00000006
MPASM 5.86                    FUNKYFUNKY.ASM   9-19-2024  14:34:55         PAGE 17


SYMBOL TABLE
  LABEL                             VALUE 

TX9                               00000006
TX9D                              00000000
TXD8                              00000000
TXEN                              00000005
TXIE                              00000004
TXIF                              00000004
TXREG                             00000019
TXSTA                             00000098
UA                                00000001
ULPWUE                            00000005
ULPWUIE                           00000002
ULPWUIF                           00000002
VCFG0                             00000004
VCFG1                             00000005
VR0                               00000000
VR1                               00000001
VR2                               00000002
VR3                               00000003
VRCON                             00000097
VREN                              00000007
VROE                              00000006
VRR                               00000005
VRSS                              00000004
W                                 00000000
WCOL                              00000007
WDTCON                            00000105
WDTPS0                            00000001
WDTPS1                            00000002
WDTPS2                            00000003
WDTPS3                            00000004
WPUB                              00000095
WPUB0                             00000000
WPUB1                             00000001
WPUB2                             00000002
WPUB3                             00000003
WPUB4                             00000004
WPUB5                             00000005
WPUB6                             00000006
WPUB7                             00000007
WR                                00000001
WREN                              00000002
WRERR                             00000003
WUE                               00000001
Z                                 00000002
_BOR21V                           00003EFF
_BOR40V                           00003FFF
_BOR4V_BOR21V                     00003EFF
_BOR4V_BOR40V                     00003FFF
_BOREN_NSLEEP                     00003EFF
_BOREN_OFF                        00003CFF
_BOREN_ON                         00003FFF
_BOREN_SBODEN                     00003DFF
_BOR_NSLEEP                       00003EFF
MPASM 5.86                    FUNKYFUNKY.ASM   9-19-2024  14:34:55         PAGE 18


SYMBOL TABLE
  LABEL                             VALUE 

_BOR_OFF                          00003CFF
_BOR_ON                           00003FFF
_BOR_SBODEN                       00003DFF
_CONFIG1                          00002007
_CONFIG2                          00002008
_CPD_OFF                          00003FFF
_CPD_ON                           00003F7F
_CP_OFF                           00003FFF
_CP_ON                            00003FBF
_DEBUG_OFF                        00003FFF
_DEBUG_ON                         00001FFF
_DEVID1                           00002006
_EC_OSC                           00003FFB
_EXTRC                            00003FFF
_EXTRCIO                          00003FFE
_EXTRC_OSC_CLKOUT                 00003FFF
_EXTRC_OSC_NOCLKOUT               00003FFE
_FCMEN_OFF                        000037FF
_FCMEN_ON                         00003FFF
_FOSC_EC                          00003FFB
_FOSC_EXTRC_CLKOUT                00003FFF
_FOSC_EXTRC_NOCLKOUT              00003FFE
_FOSC_HS                          00003FFA
_FOSC_INTRC_CLKOUT                00003FFD
_FOSC_INTRC_NOCLKOUT              00003FFC
_FOSC_LP                          00003FF8
_FOSC_XT                          00003FF9
_HS_OSC                           00003FFA
_IDLOC0                           00002000
_IDLOC1                           00002001
_IDLOC2                           00002002
_IDLOC3                           00002003
_IESO_OFF                         00003BFF
_IESO_ON                          00003FFF
_INTOSC                           00003FFD
_INTOSCIO                         00003FFC
_INTRC_OSC_CLKOUT                 00003FFD
_INTRC_OSC_NOCLKOUT               00003FFC
_LP_OSC                           00003FF8
_LVP_OFF                          00002FFF
_LVP_ON                           00003FFF
_MCLRE_OFF                        00003FDF
_MCLRE_ON                         00003FFF
_PWRTE_OFF                        00003FFF
_PWRTE_ON                         00003FEF
_WDTE_OFF                         00003FF7
_WDTE_ON                          00003FFF
_WDT_OFF                          00003FF7
_WDT_ON                           00003FFF
_WRT_1FOURTH                      00003BFF
_WRT_256                          00003DFF
_WRT_HALF                         000039FF
_WRT_OFF                          00003FFF
MPASM 5.86                    FUNKYFUNKY.ASM   9-19-2024  14:34:55         PAGE 19


SYMBOL TABLE
  LABEL                             VALUE 

_XT_OSC                           00003FF9
__16F883                          00000001

Errors   :     0
Warnings :     1 reported,     7 suppressed
Messages :     1 reported,    16 suppressed

