MPASM 5.86                     I2CMASTER.ASM   10-31-2024  23:49:27         PAGE  1


LOC  OBJECT CODE     LINE SOURCE TEXT
  VALUE

                      00001 ;***************************************************************************
                      00002 ;
                      00003 ;           Filename: I2CMaster.asm
                      00004 ;           Date: 10/28/2024
                      00005 ;           File Version: 1
                      00006 ;           Author: Owen Fujii
                      00007 ;           Company: Idaho State University
                      00008 ;           Description: A program for the master of an I2C communication network
                      00009 ;                           that tests multiple ADC inputs and sends that data to the slave
                      00010 ;*************************************************************************
                      00011         
                      00012 ;*************************************************************************
                      00013 ; 
                      00014 ;           Revision History:
                      00015 ;   
                      00016 ;           Modified as listed
                      00017 ;           Started 10/28/2024-10/31/2024
                      00018 ;
                      00019 ;*************************************************************************
                      00020 
                      00021         ;Basic Setup File for the PIC16F883
                      00022 
                      00023                 #INCLUDE <p16f883.inc>                  ; processor specific variable definitions
                      00001         LIST
                      00002 
                      00003 ;==========================================================================
                      00004 ; Build date : Oct 24 2019
                      00005 ;  MPASM PIC16F883 processor include
                      00006 ; 
                      00007 ;  (c) Copyright 1999-2019 Microchip Technology, All rights reserved
                      00008 ;==========================================================================
                      00009 
                      00781         LIST
                      00024                 #INCLUDE <MasterSetup.inc>
                      00001 ;***************************************************************************
                      00002 ;
                      00003 ;           Filename: MasterSetup.inc
                      00004 ;           Date: 09/24/2024
                      00005 ;           File Version: 1
                      00006 ;           Author: Owen Fujii
                      00007 ;           Company: Idaho State University
                      00008 ;           Description: A collection of registry setups and subroutines
                      00009 ;
                      00010 ;*************************************************************************
                      00011         
                      00012 ;*************************************************************************
                      00013 ; 
                      00014 ;           Revision History:
                      00015 ;   1: Inc file to contain generic registry setups 
                      00016 ;
                      00017 ;       2: Removed GPR setup and added code reference 
                      00018 ;           Modified as listed
                      00019 ;           Started 09/24/2024 -Current version implemented 10/7/2024
MPASM 5.86                     I2CMASTER.ASM   10-31-2024  23:49:27         PAGE  2


LOC  OBJECT CODE     LINE SOURCE TEXT
  VALUE

                      00020 ;
                      00021 ;*************************************************************************
                      00022         
                      00023         
                      00024 START_CODE CODE
                      00025 
0000                  00026 START
                      00027 
                      00028                 
                      00029 ;*** SET OPTION_REG: ****
0000   1683 1303      00030                 BANKSEL OPTION_REG
0002   30F4           00031                 MOVLW H'F4'                             ; INITIALIZE SET OF RBPU INTEDG T0SE 
Message[302]: Register in operand not in bank 0.  Ensure that bank bits are correct.
0003   0081           00032                 MOVWF OPTION_REG
                      00033 ;*** SET INTCON REG: ****
0004   1283 1303      00034                 BANKSEL INTCON
0006   3000           00035                 MOVLW H'00'
0007   008B           00036                 MOVWF INTCON                            ; INIT PEIE
                      00037 ;*** SET PIE1 REG: *****
0008   1683 1303      00038                 BANKSEL PIE1
000A   3001           00039                 MOVLW H'01'                             ; INIT PIE1 CLEAR
Message[302]: Register in operand not in bank 0.  Ensure that bank bits are correct.
000B   008C           00040                 MOVWF PIE1
                      00041 ;***** SET PIE2 REG: *****
000C   1683 1303      00042                 BANKSEL PIE2
000E   3000           00043                 MOVLW H'00'                             ; INIT OSFIE CLEAR OTHERS
Message[302]: Register in operand not in bank 0.  Ensure that bank bits are correct.
000F   008D           00044                 MOVWF PIE2
                      00045 ;*** SET CCP1CON REG: **
0010   1283 1303      00046                 BANKSEL CCP1CON
0012   3000           00047                 MOVLW   H'000'                          ;DISABLE PWM & CCP
0013   0097           00048                 MOVWF   CCP1CON
0014   1283 1303      00049                 BANKSEL CCP2CON
0016   019D           00050                 CLRF CCP2CON
0017   1283 1703      00051                 BANKSEL CM2CON1
0019   3000           00052                 MOVLW   H'000'
Message[302]: Register in operand not in bank 0.  Ensure that bank bits are correct.
001A   0089           00053                 MOVWF   CM2CON1
                      00054 
                      00055 ;*** TIMER 1 SETUP *****
001B   1283 1303      00056                 BANKSEL T1CON
001D   3000           00057                 MOVLW   H'000'                          ;
001E   0090           00058                 MOVWF   T1CON                           ;DISABLE TIMER 1
                      00059 
                      00060 ;*** TIMER 2 SETUP *****
                      00061 
001F   1283 1303      00062                 BANKSEL T2CON
0021   0192           00063                 CLRF    T2CON                           ;DISABLE TIMER 2, 1:1 POST SCALE, PRESCALER 1
0022   3000           00064                 MOVLW   H'000'                          ;SET PR2 FOR FULL COUNT 
0023   1683 1303      00065                 BANKSEL PR2                             ;
Message[302]: Register in operand not in bank 0.  Ensure that bank bits are correct.
0025   0092           00066                 MOVWF   PR2                             ;PR2 IS SETS OUTPUT OF PWM HIGH WHEN = TMR2
                      00067  
MPASM 5.86                     I2CMASTER.ASM   10-31-2024  23:49:27         PAGE  3


LOC  OBJECT CODE     LINE SOURCE TEXT
  VALUE

                      00068 ;*** PORT A SETUP **** PORT B RB0 IS USED AS EDGE TRIGGERED INPUT
                      00069 
0026   1683 1303      00070                 BANKSEL ADCON1
Message[302]: Register in operand not in bank 0.  Ensure that bank bits are correct.
0028   019F           00071                 CLRF ADCON1
0029   1283 1303      00072                 BANKSEL PORTA
002B   0185           00073                 CLRF    PORTA                           ; CLEAR PORTA
002C   1683 1303      00074                 BANKSEL TRISA
002E   30FF           00075                 MOVLW   H'FF'                           ;SET PORT A INPUT EXEPT RA0
Message[302]: Register in operand not in bank 0.  Ensure that bank bits are correct.
002F   0085           00076                 MOVWF   TRISA
                      00077                 
                      00078 ;*** PORT B SETUP **** PORT B RB0 IS USED AS EDGE TRIGGERED INPUT
0030   1283 1303      00079                 BANKSEL PORTB
0032   0186           00080                 CLRF    PORTB                           ; CLEAR PORTB 
0033   1683 1303      00081                 BANKSEL TRISB
0035   30FC           00082                 MOVLW   H'FC'                           ;SET PORT B AS INPUT EXCEPT RB0 RB1
Message[302]: Register in operand not in bank 0.  Ensure that bank bits are correct.
0036   0086           00083                 MOVWF   TRISB
0037   1683 1703      00084                 BANKSEL ANSELH
0039   3000           00085                 MOVLW H'000'                            ; DISABLE ADC INPUTS BANK B
Message[302]: Register in operand not in bank 0.  Ensure that bank bits are correct.
003A   0089           00086                 MOVWF ANSELH                            
003B   1683 1303      00087                 BANKSEL WPUB                            ; DISABLE ALL WEAK PULL UPS PORT B
003D   3000           00088                 MOVLW   H'00'
Message[302]: Register in operand not in bank 0.  Ensure that bank bits are correct.
003E   0095           00089                 MOVWF   WPUB
                      00090                 
                      00091 
                      00092 ;*** PORT C SETUP **** PORT B RB0 IS USED AS EDGE TRIGGERED INPUT
003F   1283 1303      00093                 BANKSEL PORTC
0041   0187           00094                 CLRF    PORTC                           ; CLEAR PORTC
0042   1683 1303      00095                 BANKSEL TRISC
0044   30FF           00096                 MOVLW   H'FF'                           ;SET PORT C AS INPUT
Message[302]: Register in operand not in bank 0.  Ensure that bank bits are correct.
0045   0087           00097                 MOVWF   TRISC
0046   0008           00098                 RETURN
                      00025                 #INCLUDE <MasterPOPout.inc>
                      00001 ;***************************************************************************
                      00002 ;
                      00003 ;           Filename: POPout.inc
                      00004 ;           Date: 09/24/2024
                      00005 ;           File Version: 1
                      00006 ;           Author: Owen Fujii
                      00007 ;           Company: Idaho State University
                      00008 ;           Description: A sub routine for restoring working and status
                      00009 ;
                      00010 ;*************************************************************************
                      00011         
                      00012 ;*************************************************************************
                      00013 ; 
                      00014 ;           Revision History:
                      00015 ;   
MPASM 5.86                     I2CMASTER.ASM   10-31-2024  23:49:27         PAGE  4


LOC  OBJECT CODE     LINE SOURCE TEXT
  VALUE

                      00016 ;           Modified as listed
                      00017 ;           Started 09/25/2024 - Finished 09/25/2024
                      00018 ;
                      00019 ;*************************************************************************
                      00020         
                      00021 POPOUT_CODE CODE
                      00022  
0000                  00023 POPOUT
0000   0821           00024             MOVF H'21',0
0001   0083           00025             MOVWF STATUS
0002   0820           00026             MOVF H'20',0
0003   0008           00027             RETURN
                      00026                 #INCLUDE <MasterPUSHin.inc>
                      00001 ;***************************************************************************
                      00002 ;
                      00003 ;           Filename: PUSHin.inc
                      00004 ;           Date: 09/24/2024
                      00005 ;           File Version: 1
                      00006 ;           Author: Owen Fujii
                      00007 ;           Company: Idaho State University
                      00008 ;           Description: A Sub routine for saving status and working 
                      00009 ;
                      00010 ;*************************************************************************
                      00011         
                      00012 ;*************************************************************************
                      00013 ; 
                      00014 ;           Revision History:
                      00015 ;   
                      00016 ;           Modified as listed
                      00017 ;           Started 09/25/2024 - Finished 09/25/2024
                      00018 ;           Modified 09/26/24
                      00019 ;               CHANGED ORDER OF MOVWF FOR CORRECT STORAGE
                      00020 ;
                      00021 ;*************************************************************************
                      00022 PUSHIN_CODE CODE
                      00023 
0000                  00024 PUSHIN
0000   00A0           00025                 MOVWF H'20'
0001   0803           00026                 MOVF STATUS,0      ; ROUTINE FOR RESTORING WORKING AND STATUS
0002   00A1           00027                 MOVWF H'21'     
0003   0008           00028                 RETURN
                      00027                 #INCLUDE <AN0ADC.inc>
                      00001 ;***************************************************************************
                      00002 ;
                      00003 ;           Filename: AN12.inc
                      00004 ;           Date: 09/24/2024
                      00005 ;           File Version: 1
                      00006 ;           Author: Owen Fujii
                      00007 ;           Company: Idaho State University
                      00008 ;           Description: A Sub routine for saving status and working 
                      00009 ;
                      00010 ;*************************************************************************
                      00011         
MPASM 5.86                     I2CMASTER.ASM   10-31-2024  23:49:27         PAGE  5


LOC  OBJECT CODE     LINE SOURCE TEXT
  VALUE

                      00012 ;*************************************************************************
                      00013 ; 
                      00014 ;           Revision History:
                      00015 ;   
                      00016 ;           Modified as listed
                      00017 ;           Started 09/25/2024 - Finished 09/25/2024
                      00018 ;           Modified 09/26/24
                      00019 ;               CHANGED ORDER OF MOVWF FOR CORRECT STORAGE
                      00020 ;
                      00021 ;*************************************************************************
                      00022 
                      00023 AN12_CODE CODE  
                      00024         
0000                  00025 AN0
                      00026 
0000   1283 1303      00027         BANKSEL ADCON0
0002   019F           00028         CLRF ADCON0             ; CONFIGURE ANALOG TO DIGITAL REGISTER
0003   3040           00029         MOVLW H'040'            ; USE FOSC/8 AND AN12 FOR INPUT
0004   009F           00030         MOVWF ADCON0
0005   1683 1303      00031         BANKSEL ADCON1
Message[302]: Register in operand not in bank 0.  Ensure that bank bits are correct.
0007   019F           00032         CLRF ADCON1             ; RIGHT JUSTIFIED
Message[302]: Register in operand not in bank 0.  Ensure that bank bits are correct.
0008   139F           00033         BCF ADCON1,7
Message[302]: Register in operand not in bank 0.  Ensure that bank bits are correct.
0009   169F           00034         BSF ADCON1,5
Message[302]: Register in operand not in bank 0.  Ensure that bank bits are correct.
000A   161F           00035         BSF ADCON1,4
000B   1283 1303      00036         BANKSEL ADCON0
000D   018C           00037         CLRF PIR1
000E   141F           00038         BSF ADCON0,0            ; ENABLE ADC
000F   149F           00039         BSF ADCON0,1
0010   0008           00040         RETURN
                      00028                 #INCLUDE <AN1ADC.inc>
                      00001 ;***************************************************************************
                      00002 ;
                      00003 ;           Filename: AN12.inc
                      00004 ;           Date: 09/24/2024
                      00005 ;           File Version: 1
                      00006 ;           Author: Owen Fujii
                      00007 ;           Company: Idaho State University
                      00008 ;           Description: A Sub routine for saving status and working 
                      00009 ;
                      00010 ;*************************************************************************
                      00011         
                      00012 ;*************************************************************************
                      00013 ; 
                      00014 ;           Revision History:
                      00015 ;   
                      00016 ;           Modified as listed
                      00017 ;           Started 09/25/2024 - Finished 09/25/2024
                      00018 ;           Modified 09/26/24
                      00019 ;               CHANGED ORDER OF MOVWF FOR CORRECT STORAGE
MPASM 5.86                     I2CMASTER.ASM   10-31-2024  23:49:27         PAGE  6


LOC  OBJECT CODE     LINE SOURCE TEXT
  VALUE

                      00020 ;
                      00021 ;*************************************************************************
                      00022 
                      00023 AN1_CODE CODE   
                      00024         
0000                  00025 AN1
                      00026 
0000   1283           00027         BCF STATUS,RP0
0001   019F           00028         CLRF ADCON0             ; CONFIGURE ANALOG TO DIGITAL REGISTER
0002   3044           00029         MOVLW H'044'            ; USE FOSC/8 AND AN12 FOR INPUT
0003   009F           00030         MOVWF ADCON0
0004   1683 1303      00031         BANKSEL ADCON1
Message[302]: Register in operand not in bank 0.  Ensure that bank bits are correct.
0006   019F           00032         CLRF ADCON1
Message[302]: Register in operand not in bank 0.  Ensure that bank bits are correct.
0007   169F           00033         BSF ADCON1,5
Message[302]: Register in operand not in bank 0.  Ensure that bank bits are correct.
0008   161F           00034         BSF ADCON1,4
0009   1283 1303      00035         BANKSEL ADCON0
000B   018C           00036         CLRF PIR1
000C   141F           00037         BSF ADCON0,0            ; ENABLE ADC
000D   149F           00038         BSF ADCON0,1
000E   0008           00039         RETURN
                      00029                 #INCLUDE <I2CWRITE.inc>
                      00001 ;***************************************************************************
                      00002 ;
                      00003 ;           Filename: I2CWRITE.inc
                      00004 ;           Date: 10/28/2024
                      00005 ;           File Version: 1
                      00006 ;           Author: Owen Fujii
                      00007 ;           Company: Idaho State University
                      00008 ;           Description: A Sub FOR I2c transmit of one byte and address
                      00009 ;
                      00010 ;*************************************************************************
                      00011         
                      00012 ;*************************************************************************
                      00013 ; 
                      00014 ;           Revision History:
                      00015 ;   
                      00016 ;           Modified as listed
                      00017 ;           Started 10/28/2024-10/31/2024
                      00018 ;           
                      00019 ;
                      00020 ;*************************************************************************
                      00021         
Warning[207]: Found label after column 1. (ADDDRESS)
  00000030            00022         ADDDRESS EQU H'30'
Warning[207]: Found label after column 1. (I2CBYTE)
  00000031            00023         I2CBYTE  EQU H'31'
                      00024 
                      00025 I2CWRITE_CODE CODE
                      00026  
0000                  00027 I2CWRITE
MPASM 5.86                     I2CMASTER.ASM   10-31-2024  23:49:27         PAGE  7


LOC  OBJECT CODE     LINE SOURCE TEXT
  VALUE

0000   2???           00028         CALL I2CIDLE        ; WAIT FOR IDLE LINE
0001   1683 1303      00029         BANKSEL SSPCON2
Message[302]: Register in operand not in bank 0.  Ensure that bank bits are correct.
0003   1411           00030         BSF SSPCON2,SEN     ; START BIT
Message[302]: Register in operand not in bank 0.  Ensure that bank bits are correct.
0004   1811           00031         BTFSC SSPCON2,SEN   ; WAIT FOR START
0005   2???           00032         GOTO $-1
0006   1283 1303      00033         BANKSEL PORTB
0008   1486           00034         BSF PORTB,1
0009   0830           00035         MOVF ADDRESS,0      ; MOVE ADDRESS INTO BUFFER
000A   1283 1303      00036         BANKSEL SSPBUF
000C   0093           00037         MOVWF SSPBUF
000D   1683 1303      00038         BANKSEL SSPSTAT         ; WAIT FOR CLEAR 
Message[302]: Register in operand not in bank 0.  Ensure that bank bits are correct.
000F   1814           00039         BTFSC SSPSTAT,BF
0010   2???           00040         GOTO $-1
0011   1683 1303      00041         BANKSEL SSPCON2         
Message[302]: Register in operand not in bank 0.  Ensure that bank bits are correct.
0013   1B11           00042         BTFSC SSPCON2,ACKSTAT   ; VERIFY ACK FROM SLAVE
0014   2???           00043         GOTO NACK               ; EXIT WITH A START BIT 
0015   2???           00044         CALL I2CIDLE            ; WAIT FOR IDLE LINE
                      00045         ;FINISH ADDRESS BYTE REPEAT WITH DATA BYTES
0016   1283 1303      00046         BANKSEL PORTB
0018   0831           00047         MOVF I2CBYTE,0  ; SEND DATA BYTE
0019   1283 1303      00048         BANKSEL SSPBUF
001B   0093           00049         MOVWF SSPBUF
001C   1683 1303      00050         BANKSEL SSPSTAT
Message[302]: Register in operand not in bank 0.  Ensure that bank bits are correct.
001E   1814           00051         BTFSC SSPSTAT,BF
001F   2???           00052         GOTO $-1
0020   1683 1303      00053         BANKSEL SSPCON2
Message[302]: Register in operand not in bank 0.  Ensure that bank bits are correct.
0022   1B11           00054         BTFSC SSPCON2,ACKSTAT
0023   2???           00055         GOTO NACK
0024   1683 1303      00056         BANKSEL SSPCON2
Message[302]: Register in operand not in bank 0.  Ensure that bank bits are correct.
0026   1511           00057         BSF SSPCON2,PEN
Message[302]: Register in operand not in bank 0.  Ensure that bank bits are correct.
0027   1911           00058         BTFSC SSPCON2,PEN
0028   2???           00059         GOTO $-1
0029   0008           00060         RETURN
                      00061         
                      00062         
002A                  00063 NACK
002A   1283 1303      00064         BANKSEL PORTB
002C   1086           00065         BCF PORTB,1
002D   1683 1303      00066         BANKSEL SSPCON2
Message[302]: Register in operand not in bank 0.  Ensure that bank bits are correct.
002F   1511           00067         BSF SSPCON2,PEN
Message[302]: Register in operand not in bank 0.  Ensure that bank bits are correct.
0030   1911           00068         BTFSC SSPCON2,PEN
0031   2???           00069         GOTO $-1
0032   0008           00070         RETURN
MPASM 5.86                     I2CMASTER.ASM   10-31-2024  23:49:27         PAGE  8


LOC  OBJECT CODE     LINE SOURCE TEXT
  VALUE

                      00071         
0033                  00072 I2CIDLE
0033   301F           00073         MOVLW H'01F'
0034   1683 1303      00074         BANKSEL SSPCON2
Message[302]: Register in operand not in bank 0.  Ensure that bank bits are correct.
0036   0511           00075         ANDWF SSPCON2,W ; COMPARE 1F TO CHECK FOR 5 BUSY CONDITIONS
0037   1283 1303      00076         BANKSEL STATUS
0039   1D03           00077         BTFSS STATUS,Z  ; WAIT UNTIL BUSY CONDITIONS CLEARED
003A   2???           00078         GOTO I2CIDLE
003B                  00079 CHECKW
003B   1683 1303      00080         BANKSEL SSPSTAT
Message[302]: Register in operand not in bank 0.  Ensure that bank bits are correct.
003D   1914           00081         BTFSC SSPSTAT,R_W   ; WAIT FOR LINE TO ALLOW NEXT BYTE
003E   2???           00082         GOTO CHECKW
003F   0008           00083         RETURN
                      00030                 #INCLUDE <AN4ADC.inc>
                      00001 ;***************************************************************************
                      00002 ;
                      00003 ;           Filename: AN12.inc
                      00004 ;           Date: 09/24/2024
                      00005 ;           File Version: 1
                      00006 ;           Author: Owen Fujii
                      00007 ;           Company: Idaho State University
                      00008 ;           Description: A Sub routine for saving status and working 
                      00009 ;
                      00010 ;*************************************************************************
                      00011         
                      00012 ;*************************************************************************
                      00013 ; 
                      00014 ;           Revision History:
                      00015 ;   
                      00016 ;           Modified as listed
                      00017 ;           Started 09/25/2024 - Finished 09/25/2024
                      00018 ;           Modified 09/26/24
                      00019 ;               CHANGED ORDER OF MOVWF FOR CORRECT STORAGE
                      00020 ;
                      00021 ;*************************************************************************
                      00022 
                      00023 AN4_CODE CODE   
                      00024         
0000                  00025 AN4
                      00026  
0000   1283           00027         BCF STATUS,RP0
0001   019F           00028         CLRF ADCON0             ; CONFIGURE ANALOG TO DIGITAL REGISTER
0002   3050           00029         MOVLW H'050'            ; USE FOSC/8 AND AN4 FOR INPUT
0003   009F           00030         MOVWF ADCON0
0004   1683 1303      00031         BANKSEL ADCON1
Message[302]: Register in operand not in bank 0.  Ensure that bank bits are correct.
0006   019F           00032         CLRF ADCON1
Message[302]: Register in operand not in bank 0.  Ensure that bank bits are correct.
0007   169F           00033         BSF ADCON1,5
Message[302]: Register in operand not in bank 0.  Ensure that bank bits are correct.
0008   161F           00034         BSF ADCON1,4
MPASM 5.86                     I2CMASTER.ASM   10-31-2024  23:49:27         PAGE  9


LOC  OBJECT CODE     LINE SOURCE TEXT
  VALUE

0009   1283 1303      00035         BANKSEL ADCON0
000B   018C           00036         CLRF PIR1
000C   141F           00037         BSF ADCON0,0            ; ENABLE ADC
000D   149F           00038         BSF ADCON0,1
000E   0008           00039         RETURN
                      00031                 
                      00032                 LIST      p=16f883                      ; list directive to define processor
                      00033                 errorlevel -302,-207,-305,-206,-203     ;suppress "not in bank 0" message,  Found label 
                            after column 1,
                      00034                                                         ;Using default destination of 1 (file),  Found c
                            all to macro in column 1
                      00035 
                      00036                 #include "p16f883.inc"
                      00782         LIST
                      00783 
                      00784 ;==========================================================================
                      00785 ; Build date : Oct 24 2019
                      00786 ;  MPASM PIC16F883 processor include
                      00787 ; 
                      00788 ;  (c) Copyright 1999-2019 Microchip Technology, All rights reserved
                      00789 ;==========================================================================
                      00790 
Message[310]: Superseding current maximum RAM and RAM map.
                      01562         LIST
                      00037 
                      00038 ; CONFIG1
                      00039 ; __config 0xF8E7
2007   20D1           00040  __CONFIG _CONFIG1, _FOSC_XT & _WDTE_OFF & _PWRTE_OFF & _MCLRE_OFF & _CP_OFF & _CPD_OFF & _BOREN_OFF & _
                            IESO_OFF & _FCMEN_OFF & _LVP_OFF
                      00041 ; CONFIG2
                      00042 ; __config 0xFFFF
2008   3FFF           00043  __CONFIG _CONFIG2, _BOR4V_BOR40V & _WRT_OFF
                      00044 ;******************************************             
                      00045 ;Define Constants
                      00046 ;******************************************
                      00047 
                      00048 #Define         BAUD            D'100'                          ;Desired Baud Rate in Kbps for I2C
                      00049 #Define         FOSC            D'16000'                        ;Oscillator Clock in KHz This must be fi
                            lled
                      00050  
  00000022            00051             AN0LAST     EQU H'22'
  00000023            00052             AN1LAST     EQU H'23'
  00000024            00053             AN4LAST     EQU H'24'
  00000025            00054             MAX         EQU H'25'
                      00055             
                      00056           ;  PWM        EQU H'25'
                      00057 ; **************************************
                      00058 ;           RESERVED MEMORY I2C address H'30'   
                      00059 ;                           I2C byte out H'31'
  00000030            00060             ADDRESS EQU H'30'
  00000031            00061             I2CDAT  EQU H'31'
                      00062   
                      00063             
MPASM 5.86                     I2CMASTER.ASM   10-31-2024  23:49:27         PAGE 10


LOC  OBJECT CODE     LINE SOURCE TEXT
  VALUE

                      00064        
                      00065             
                      00066  
                      00067  ; GPR 20 and 21 are used for interrupt save
                      00068  
                      00069                 ORG H'000'                                      
0000   2???           00070                 GOTO SETUP                                      ;RESET CONDITION GOTO SETUP
                      00071                 ORG H'004'
                      00072                 
                      00073 
0004                  00074  SETUP
0004   2???           00075         CALL START
0005   1683 1703      00076         BANKSEL ANSEL   ; ENABLE AN0,AN1,AN4
0007   3013           00077         MOVLW H'013'
0008   0088           00078         MOVWF ANSEL
0009   1283 1303      00079         BANKSEL SSPCON
000B   3028           00080         MOVLW H'028'
000C   0094           00081         MOVWF SSPCON
000D   1683 1303      00082         BANKSEL SSPADD
000F   3009           00083         MOVLW H'009'    ; SET BAUD FOR 100KHZ
0010   0093           00084         MOVWF SSPADD
0011   1283 1303      00085         BANKSEL PORTB
0013   3040           00086         MOVLW H'040'    ; MOVE ADDRESS CHARACTER INTO GPR
0014   00B0           00087         MOVWF ADDRESS
0015   3014           00088         MOVLW H'014'    ; SET MAXIMUM VALUE OF 20
0016   00A5           00089         MOVWF MAX
0017   2???           00090         GOTO MAIN
                      00091         
0018                  00092 MAIN
0018   2???           00093         CALL AN0        ; CALL INCLUDE FILE TO ENABLE AN0
0019   189F           00094         BTFSC ADCON0,GO ; WAIT FOR ADC TO FINISH
001A   2???           00095         GOTO $-1
001B   0C9E           00096         RRF ADRESH,1    ; SHIFT UPPER REGISTER RIGHT 3 TIMES
001C   0C9E           00097         RRF ADRESH,1
001D   0C9E           00098         RRF ADRESH,1
001E   139E           00099         BCF ADRESH,7    ; BLANK OUT UPPER BITS 7-5
001F   131E           00100         BCF ADRESH,6
0020   129E           00101         BCF ADRESH,5
0021   081E           00102         MOVF ADRESH,0   
0022   1103           00103         BCF STATUS,Z
0023   0222           00104         SUBWF AN0LAST,0 ; COMPARE TO LAST RESULT
0024   1D03           00105         BTFSS STATUS,Z
0025   2???           00106         CALL SENDAN0    ; IF RESULTS ARE DIFFERENT SEND DATA
0026   0186           00107         CLRF PORTB
                      00108         ; PROCESS IS REPEATED FOR AN1 AND AN4
0027   2???           00109         CALL AN1
0028   189F           00110         BTFSC ADCON0,GO
0029   2???           00111         GOTO $-1
002A   0C9E           00112         RRF ADRESH,1
002B   0C9E           00113         RRF ADRESH,1
002C   0C9E           00114         RRF ADRESH,1
002D   139E           00115         BCF ADRESH,7
002E   131E           00116         BCF ADRESH,6
MPASM 5.86                     I2CMASTER.ASM   10-31-2024  23:49:27         PAGE 11


LOC  OBJECT CODE     LINE SOURCE TEXT
  VALUE

002F   129E           00117         BCF ADRESH,5
0030   081E           00118         MOVF ADRESH,0
0031   1103           00119         BCF STATUS,Z
0032   0223           00120         SUBWF AN1LAST,0
0033   1D03           00121         BTFSS STATUS,Z
0034   2???           00122         CALL SENDAN1
                      00123         ;
0035   2???           00124         CALL AN4
0036   189F           00125         BTFSC ADCON0,GO
0037   2???           00126         GOTO $-1
0038   0C9E           00127         RRF ADRESH,1
0039   0C9E           00128         RRF ADRESH,1
003A   0C9E           00129         RRF ADRESH,1
003B   139E           00130         BCF ADRESH,7
003C   131E           00131         BCF ADRESH,6
003D   129E           00132         BCF ADRESH,5
003E   081E           00133         MOVF ADRESH,0
003F   1103           00134         BCF STATUS,Z
0040   0224           00135         SUBWF AN4LAST,0
0041   1D03           00136         BTFSS STATUS,Z
0042   2???           00137         CALL SENDAN4
0043   2???           00138         GOTO MAIN
                      00139 
0044                  00140 SENDAN0
0044   081E           00141         MOVF ADRESH,0
0045   0225           00142         SUBWF MAX,0     ; COMPARE RESULT TO THE MAXIMUM VALUE ALLOWED TO SEND
0046   1C03           00143         BTFSS STATUS,C
0047   0008           00144         RETURN          ; IF GREATER THAN // LEAVE
0048   081E           00145         MOVF ADRESH,0
0049   00A2           00146         MOVWF AN0LAST   ; MOVE RESULT INTO STORAGE
004A   0D9E           00147         RLF ADRESH,1    ; SHIFT LEFT THREE TIMES
004B   0D9E           00148         RLF ADRESH,1
004C   0D9E           00149         RLF ADRESH,1
004D   141E           00150         BSF ADRESH,0    ; ENABLE SERVO 1
004E   109E           00151         BCF ADRESH,1
004F   111E           00152         BCF ADRESH,2
0050   081E           00153         MOVF ADRESH,0
0051   00B1           00154         MOVWF I2CDAT    ; MOVE TO DATA GPR
0052   2???           00155         CALL I2CWRITE   ; CALL WRITE INCLUDE FILE FOR I2C
0053   0008           00156         RETURN
                      00157         
0054                  00158 SENDAN1
0054   081E           00159         MOVF ADRESH,0
0055   0225           00160         SUBWF MAX,0
0056   1C03           00161         BTFSS STATUS,C
0057   0008           00162         RETURN
0058   081E           00163         MOVF ADRESH,0
0059   00A3           00164         MOVWF AN1LAST
005A   0D9E           00165         RLF ADRESH,1
005B   0D9E           00166         RLF ADRESH,1
005C   0D9E           00167         RLF ADRESH,1
005D   101E           00168         BCF ADRESH,0
005E   149E           00169         BSF ADRESH,1
MPASM 5.86                     I2CMASTER.ASM   10-31-2024  23:49:27         PAGE 12


LOC  OBJECT CODE     LINE SOURCE TEXT
  VALUE

005F   111E           00170         BCF ADRESH,2
0060   081E           00171         MOVF ADRESH,0
0061   00B1           00172         MOVWF I2CDAT
0062   2???           00173         CALL I2CWRITE
0063   0008           00174         RETURN
                      00175         
0064                  00176 SENDAN4
0064   081E           00177         MOVF ADRESH,0
0065   0225           00178         SUBWF MAX,0
0066   1C03           00179         BTFSS STATUS,C
0067   0008           00180         RETURN
0068   081E           00181         MOVF ADRESH,0
0069   00A4           00182         MOVWF AN4LAST
006A   0D9E           00183         RLF ADRESH,1
006B   0D9E           00184         RLF ADRESH,1
006C   0D9E           00185         RLF ADRESH,1
006D   101E           00186         BCF ADRESH,0
006E   109E           00187         BCF ADRESH,1
006F   151E           00188         BSF ADRESH,2
0070   081E           00189         MOVF ADRESH,0
0071   00B1           00190         MOVWF I2CDAT
0072   2???           00191         CALL I2CWRITE
0073   0008           00192         RETURN
                      00193         
                      00194         
Warning[205]: Found directive in column 1. (END)
20D1 3FFF             00195 END
MPASM 5.86                     I2CMASTER.ASM   10-31-2024  23:49:27         PAGE 13


SYMBOL TABLE
  LABEL                             VALUE 

ABDEN                             00000000
ABDOVF                            00000007
ACKDT                             00000005
ACKEN                             00000004
ACKSTAT                           00000006
ADCON0                            0000001F
ADCON1                            0000009F
ADCS0                             00000006
ADCS1                             00000007
ADDDRESS                          00000030
ADDEN                             00000003
ADDRESS                           00000030
ADFM                              00000007
ADIE                              00000006
ADIF                              00000006
ADON                              00000000
ADRESH                            0000001E
ADRESL                            0000009E
AN0                               00000000
AN0LAST                           00000022
AN1                               00000000
AN1LAST                           00000023
AN4                               00000000
AN4LAST                           00000024
ANS0                              00000000
ANS1                              00000001
ANS10                             00000002
ANS11                             00000003
ANS12                             00000004
ANS13                             00000005
ANS2                              00000002
ANS3                              00000003
ANS4                              00000004
ANS8                              00000000
ANS9                              00000001
ANSEL                             00000188
ANSELH                            00000189
BAUD                              D'100'
BAUDCTL                           00000187
BCLIE                             00000003
BCLIF                             00000003
BF                                00000000
BRG0                              00000000
BRG1                              00000001
BRG10                             00000002
BRG11                             00000003
BRG12                             00000004
BRG13                             00000005
BRG14                             00000006
BRG15                             00000007
BRG16                             00000003
BRG2                              00000002
BRG3                              00000003
MPASM 5.86                     I2CMASTER.ASM   10-31-2024  23:49:27         PAGE 14


SYMBOL TABLE
  LABEL                             VALUE 

BRG4                              00000004
BRG5                              00000005
BRG6                              00000006
BRG7                              00000007
BRG8                              00000000
BRG9                              00000001
BRGH                              00000002
C                                 00000000
C1CH0                             00000000
C1CH1                             00000001
C1IE                              00000005
C1IF                              00000005
C1OE                              00000005
C1ON                              00000007
C1OUT                             00000006
C1POL                             00000004
C1R                               00000002
C1RSEL                            00000005
C1SEN                             00000005
C2CH0                             00000000
C2CH1                             00000001
C2IE                              00000006
C2IF                              00000006
C2OE                              00000005
C2ON                              00000007
C2OUT                             00000006
C2POL                             00000004
C2R                               00000002
C2REN                             00000004
C2RSEL                            00000004
C2SYNC                            00000000
CCP1CON                           00000017
CCP1IE                            00000002
CCP1IF                            00000002
CCP1M0                            00000000
CCP1M1                            00000001
CCP1M2                            00000002
CCP1M3                            00000003
CCP1X                             00000005
CCP1Y                             00000004
CCP2CON                           0000001D
CCP2IE                            00000000
CCP2IF                            00000000
CCP2M0                            00000000
CCP2M1                            00000001
CCP2M2                            00000002
CCP2M3                            00000003
CCP2X                             00000005
CCP2Y                             00000004
CCPR1                             00000015
CCPR1H                            00000016
CCPR1L                            00000015
CCPR2                             0000001B
MPASM 5.86                     I2CMASTER.ASM   10-31-2024  23:49:27         PAGE 15


SYMBOL TABLE
  LABEL                             VALUE 

CCPR2H                            0000001C
CCPR2L                            0000001B
CHECKW                            0000003B
CHS0                              00000002
CHS1                              00000003
CHS2                              00000004
CHS3                              00000005
CKE                               00000006
CKP                               00000004
CM1CON0                           00000107
CM2CON0                           00000108
CM2CON1                           00000109
CREN                              00000004
CSRC                              00000007
D                                 00000005
DATA_ADDRESS                      00000005
DC                                00000001
DC1B0                             00000004
DC1B1                             00000005
DC2B0                             00000004
DC2B1                             00000005
D_A                               00000005
D_NOT_A                           00000005
ECCPAS                            0000009C
ECCPAS0                           00000004
ECCPAS1                           00000005
ECCPAS2                           00000006
ECCPASE                           00000007
EEADR                             0000010D
EEADRH                            0000010F
EECON1                            0000018C
EECON2                            0000018D
EEDAT                             0000010C
EEDATA                            0000010C
EEDATH                            0000010E
EEIE                              00000004
EEIF                              00000004
EEPGD                             00000007
F                                 00000001
FERR                              00000002
FOSC                              D'16000'
FSR                               00000004
FVREN                             00000000
GCEN                              00000007
GIE                               00000007
GO                                00000001
GO_DONE                           00000001
GO_NOT_DONE                       00000001
HTS                               00000002
I2CBYTE                           00000031
I2CDAT                            00000031
I2CIDLE                           00000033
I2CWRITE                          00000000
MPASM 5.86                     I2CMASTER.ASM   10-31-2024  23:49:27         PAGE 16


SYMBOL TABLE
  LABEL                             VALUE 

I2C_DATA                          00000005
I2C_READ                          00000002
I2C_START                         00000003
I2C_STOP                          00000004
INDF                              00000000
INTCON                            0000000B
INTE                              00000004
INTEDG                            00000006
INTF                              00000001
IOCB                              00000096
IOCB0                             00000000
IOCB1                             00000001
IOCB2                             00000002
IOCB3                             00000003
IOCB4                             00000004
IOCB5                             00000005
IOCB6                             00000006
IOCB7                             00000007
IRCF0                             00000004
IRCF1                             00000005
IRCF2                             00000006
IRP                               00000007
LTS                               00000001
MAIN                              00000018
MAX                               00000025
MC1OUT                            00000007
MC2OUT                            00000006
MSK                               00000093
MSK0                              00000000
MSK1                              00000001
MSK2                              00000002
MSK3                              00000003
MSK4                              00000004
MSK5                              00000005
MSK6                              00000006
MSK7                              00000007
NACK                              0000002A
NOT_A                             00000005
NOT_ADDRESS                       00000005
NOT_BO                            00000000
NOT_BOR                           00000000
NOT_DONE                          00000001
NOT_PD                            00000003
NOT_POR                           00000001
NOT_RBPU                          00000007
NOT_RC8                           00000006
NOT_T1SYNC                        00000002
NOT_TO                            00000004
NOT_TX8                           00000006
NOT_W                             00000002
NOT_WRITE                         00000002
OERR                              00000001
OPTION_REG                        00000081
MPASM 5.86                     I2CMASTER.ASM   10-31-2024  23:49:27         PAGE 17


SYMBOL TABLE
  LABEL                             VALUE 

OSCCON                            0000008F
OSCTUNE                           00000090
OSFIE                             00000007
OSFIF                             00000007
OSTS                              00000003
P                                 00000004
P1M0                              00000006
P1M1                              00000007
PCL                               00000002
PCLATH                            0000000A
PCON                              0000008E
PDC0                              00000000
PDC1                              00000001
PDC2                              00000002
PDC3                              00000003
PDC4                              00000004
PDC5                              00000005
PDC6                              00000006
PEIE                              00000006
PEN                               00000002
PIE1                              0000008C
PIE2                              0000008D
PIR1                              0000000C
PIR2                              0000000D
POPOUT                            00000000
PORTA                             00000005
PORTB                             00000006
PORTC                             00000007
PORTE                             00000009
PR2                               00000092
PRSEN                             00000007
PS0                               00000000
PS1                               00000001
PS2                               00000002
PSA                               00000003
PSSAC0                            00000002
PSSAC1                            00000003
PSSBD0                            00000000
PSSBD1                            00000001
PSTRCON                           0000009D
PULSR                             00000002
PULSS                             00000003
PUSHIN                            00000000
PWM1CON                           0000009B
R                                 00000002
RA0                               00000000
RA1                               00000001
RA2                               00000002
RA3                               00000003
RA4                               00000004
RA5                               00000005
RA6                               00000006
RA7                               00000007
MPASM 5.86                     I2CMASTER.ASM   10-31-2024  23:49:27         PAGE 18


SYMBOL TABLE
  LABEL                             VALUE 

RB0                               00000000
RB1                               00000001
RB2                               00000002
RB3                               00000003
RB4                               00000004
RB5                               00000005
RB6                               00000006
RB7                               00000007
RBIE                              00000003
RBIF                              00000000
RC0                               00000000
RC1                               00000001
RC2                               00000002
RC3                               00000003
RC4                               00000004
RC5                               00000005
RC6                               00000006
RC7                               00000007
RC8_9                             00000006
RC9                               00000006
RCD8                              00000000
RCEN                              00000003
RCIDL                             00000006
RCIE                              00000005
RCIF                              00000005
RCREG                             0000001A
RCSTA                             00000018
RD                                00000000
RE3                               00000003
READ_WRITE                        00000002
RP0                               00000005
RP1                               00000006
RSEN                              00000001
RX9                               00000006
RX9D                              00000000
R_NOT_W                           00000002
R_W                               00000002
S                                 00000003
SBOREN                            00000004
SCKP                              00000004
SCS                               00000000
SEN                               00000000
SENDAN0                           00000044
SENDAN1                           00000054
SENDAN4                           00000064
SENDB                             00000003
SETUP                             00000004
SMP                               00000007
SPBRG                             00000099
SPBRGH                            0000009A
SPEN                              00000007
SR0                               00000006
SR1                               00000007
MPASM 5.86                     I2CMASTER.ASM   10-31-2024  23:49:27         PAGE 19


SYMBOL TABLE
  LABEL                             VALUE 

SRCON                             00000185
SREN                              00000005
SSPADD                            00000093
SSPBUF                            00000013
SSPCON                            00000014
SSPCON2                           00000091
SSPEN                             00000005
SSPIE                             00000003
SSPIF                             00000003
SSPM0                             00000000
SSPM1                             00000001
SSPM2                             00000002
SSPM3                             00000003
SSPMSK                            00000093
SSPOV                             00000006
SSPSTAT                           00000094
START                             00000000
STATUS                            00000003
STRA                              00000000
STRB                              00000001
STRC                              00000002
STRD                              00000003
STRSYNC                           00000004
SWDTEN                            00000000
SYNC                              00000004
T0CS                              00000005
T0IE                              00000005
T0IF                              00000002
T0SE                              00000004
T1CKPS0                           00000004
T1CKPS1                           00000005
T1CON                             00000010
T1GINV                            00000007
T1GIV                             00000007
T1GSS                             00000001
T1INSYNC                          00000002
T1OSCEN                           00000003
T1SYNC                            00000002
T2CKPS0                           00000000
T2CKPS1                           00000001
T2CON                             00000012
TMR0                              00000001
TMR0IE                            00000005
TMR0IF                            00000002
TMR1                              0000000E
TMR1CS                            00000001
TMR1GE                            00000006
TMR1H                             0000000F
TMR1IE                            00000000
TMR1IF                            00000000
TMR1L                             0000000E
TMR1ON                            00000000
TMR2                              00000011
MPASM 5.86                     I2CMASTER.ASM   10-31-2024  23:49:27         PAGE 20


SYMBOL TABLE
  LABEL                             VALUE 

TMR2IE                            00000001
TMR2IF                            00000001
TMR2ON                            00000002
TOUTPS0                           00000003
TOUTPS1                           00000004
TOUTPS2                           00000005
TOUTPS3                           00000006
TRISA                             00000085
TRISA0                            00000000
TRISA1                            00000001
TRISA2                            00000002
TRISA3                            00000003
TRISA4                            00000004
TRISA5                            00000005
TRISA6                            00000006
TRISA7                            00000007
TRISB                             00000086
TRISB0                            00000000
TRISB1                            00000001
TRISB2                            00000002
TRISB3                            00000003
TRISB4                            00000004
TRISB5                            00000005
TRISB6                            00000006
TRISB7                            00000007
TRISC                             00000087
TRISC0                            00000000
TRISC1                            00000001
TRISC2                            00000002
TRISC3                            00000003
TRISC4                            00000004
TRISC5                            00000005
TRISC6                            00000006
TRISC7                            00000007
TRISE                             00000089
TRISE3                            00000003
TRMT                              00000001
TUN0                              00000000
TUN1                              00000001
TUN2                              00000002
TUN3                              00000003
TUN4                              00000004
TX8_9                             00000006
TX9                               00000006
TX9D                              00000000
TXD8                              00000000
TXEN                              00000005
TXIE                              00000004
TXIF                              00000004
TXREG                             00000019
TXSTA                             00000098
UA                                00000001
ULPWUE                            00000005
MPASM 5.86                     I2CMASTER.ASM   10-31-2024  23:49:27         PAGE 21


SYMBOL TABLE
  LABEL                             VALUE 

ULPWUIE                           00000002
ULPWUIF                           00000002
VCFG0                             00000004
VCFG1                             00000005
VR0                               00000000
VR1                               00000001
VR2                               00000002
VR3                               00000003
VRCON                             00000097
VREN                              00000007
VROE                              00000006
VRR                               00000005
VRSS                              00000004
W                                 00000000
WCOL                              00000007
WDTCON                            00000105
WDTPS0                            00000001
WDTPS1                            00000002
WDTPS2                            00000003
WDTPS3                            00000004
WPUB                              00000095
WPUB0                             00000000
WPUB1                             00000001
WPUB2                             00000002
WPUB3                             00000003
WPUB4                             00000004
WPUB5                             00000005
WPUB6                             00000006
WPUB7                             00000007
WR                                00000001
WREN                              00000002
WRERR                             00000003
WUE                               00000001
Z                                 00000002
_.org_1_001A                      0000001A
_.org_1_0029                      00000029
_.org_1_0037                      00000037
_BOR21V                           00003EFF
_BOR40V                           00003FFF
_BOR4V_BOR21V                     00003EFF
_BOR4V_BOR40V                     00003FFF
_BOREN_NSLEEP                     00003EFF
_BOREN_OFF                        00003CFF
_BOREN_ON                         00003FFF
_BOREN_SBODEN                     00003DFF
_BOR_NSLEEP                       00003EFF
_BOR_OFF                          00003CFF
_BOR_ON                           00003FFF
_BOR_SBODEN                       00003DFF
_CONFIG1                          00002007
_CONFIG2                          00002008
_CPD_OFF                          00003FFF
_CPD_ON                           00003F7F
MPASM 5.86                     I2CMASTER.ASM   10-31-2024  23:49:27         PAGE 22


SYMBOL TABLE
  LABEL                             VALUE 

_CP_OFF                           00003FFF
_CP_ON                            00003FBF
_DEBUG_OFF                        00003FFF
_DEBUG_ON                         00001FFF
_DEVID1                           00002006
_EC_OSC                           00003FFB
_EXTRC                            00003FFF
_EXTRCIO                          00003FFE
_EXTRC_OSC_CLKOUT                 00003FFF
_EXTRC_OSC_NOCLKOUT               00003FFE
_FCMEN_OFF                        000037FF
_FCMEN_ON                         00003FFF
_FOSC_EC                          00003FFB
_FOSC_EXTRC_CLKOUT                00003FFF
_FOSC_EXTRC_NOCLKOUT              00003FFE
_FOSC_HS                          00003FFA
_FOSC_INTRC_CLKOUT                00003FFD
_FOSC_INTRC_NOCLKOUT              00003FFC
_FOSC_LP                          00003FF8
_FOSC_XT                          00003FF9
_HS_OSC                           00003FFA
_I2CWRITE_CODE_0005               00000005
_I2CWRITE_CODE_0010               00000010
_I2CWRITE_CODE_001F               0000001F
_I2CWRITE_CODE_0028               00000028
_I2CWRITE_CODE_0031               00000031
_IDLOC0                           00002000
_IDLOC1                           00002001
_IDLOC2                           00002002
_IDLOC3                           00002003
_IESO_OFF                         00003BFF
_IESO_ON                          00003FFF
_INTOSC                           00003FFD
_INTOSCIO                         00003FFC
_INTRC_OSC_CLKOUT                 00003FFD
_INTRC_OSC_NOCLKOUT               00003FFC
_LP_OSC                           00003FF8
_LVP_OFF                          00002FFF
_LVP_ON                           00003FFF
_MCLRE_OFF                        00003FDF
_MCLRE_ON                         00003FFF
_PWRTE_OFF                        00003FFF
_PWRTE_ON                         00003FEF
_WDTE_OFF                         00003FF7
_WDTE_ON                          00003FFF
_WDT_OFF                          00003FF7
_WDT_ON                           00003FFF
_WRT_1FOURTH                      00003BFF
_WRT_256                          00003DFF
_WRT_HALF                         000039FF
_WRT_OFF                          00003FFF
_XT_OSC                           00003FF9
__16F883                          00000001
MPASM 5.86                     I2CMASTER.ASM   10-31-2024  23:49:27         PAGE 23






Errors   :     0
Warnings :     3 reported,     7 suppressed
Messages :    34 reported,     2 suppressed

