MPASM 5.86                    FUNKYMUZAK.ASM   9-18-2024  11:44:01         PAGE  1


LOC  OBJECT CODE     LINE SOURCE TEXT
  VALUE

                      00001         ;Funky Muzak.asm
                      00002         ;September 12, 2024
                      00003         ;Owen Fujii
                      00004         ;Basic Setup File for the PIC16F883
                      00005 
                      00006                 #INCLUDE <p16f883.inc>                  ; processor specific variable definitions
                      00001         LIST
                      00002 
                      00003 ;==========================================================================
                      00004 ; Build date : Oct 24 2019
                      00005 ;  MPASM PIC16F883 processor include
                      00006 ; 
                      00007 ;  (c) Copyright 1999-2019 Microchip Technology, All rights reserved
                      00008 ;==========================================================================
                      00009 
                      00781         LIST
                      00007                 LIST      p=16f883                      ; list directive to define processor
                      00008                 errorlevel -302,-207,-305,-206,-203     ;suppress "not in bank 0" message,  Found label 
                            after column 1,
                      00009                                                         ;Using default destination of 1 (file),  Found c
                            all to macro in column 1
                      00010 
                      00011                 #include "p16f883.inc"
                      00782         LIST
                      00783 
                      00784 ;==========================================================================
                      00785 ; Build date : Oct 24 2019
                      00786 ;  MPASM PIC16F883 processor include
                      00787 ; 
                      00788 ;  (c) Copyright 1999-2019 Microchip Technology, All rights reserved
                      00789 ;==========================================================================
                      00790 
Message[310]: Superseding current maximum RAM and RAM map.
                      01562         LIST
                      00012 
                      00013 ; CONFIG1
                      00014 ; __config 0xF8E7
2007   20D1           00015  __CONFIG _CONFIG1, _FOSC_XT & _WDTE_OFF & _PWRTE_OFF & _MCLRE_OFF & _CP_OFF & _CPD_OFF & _BOREN_OFF & _
                            IESO_OFF & _FCMEN_OFF & _LVP_OFF
                      00016 ; CONFIG2
                      00017 ; __config 0xFFFF
2008   3FFF           00018  __CONFIG _CONFIG2, _BOR4V_BOR40V & _WRT_OFF
                      00019 ;******************************************             
                      00020 ;Define Constants
                      00021 ;******************************************
                      00022 
                      00023 #Define         BAUD            D'100'                          ;Desired Baud Rate in Kbps for I2C
                      00024 #Define         FOSC            D'16000'                        ;Oscillator Clock in KHz This must be fi
                            lled
                      00025 
                      00026 ;******************************************             
                      00027 ;Define Variable Registers
                      00028 ;******************************************
MPASM 5.86                    FUNKYMUZAK.ASM   9-18-2024  11:44:01         PAGE  2


LOC  OBJECT CODE     LINE SOURCE TEXT
  VALUE

                      00029 
  00000020            00030         COUNT1  EQU     0x20
  00000021            00031         COUNT2  EQU     0x21
  00000022            00032         COUNT3  EQU     0x22
  00000023            00033         COUNT4  EQU     0x23
  00000024            00034         COUNT5  EQU     0x24
  00000025            00035         STEP    EQU     0x25
  00000026            00036         LEG_1   EQU     0x26
                      00037                 
                      00038 ;******************************************             
                      00039 ;Interupt Vectors
                      00040 ;******************************************
                      00041                 ORG H'000'                                      
0000   2???           00042                 GOTO SETUP                                      ;RESET CONDITION GOTO SETUP
                      00043 
                      00044 ;******************************************
                      00045 ;SETUP ROUTINE
                      00046 ;******************************************
0001                  00047 SETUP
                      00048 ;*** SFR SETUP **********
                      00049  
                      00050                 
                      00051 ;*** SET OPTION_REG: ****
0001   1683 1303      00052                 BANKSEL OPTION_REG
0003   30F4           00053                 MOVLW H'F4'                             ; INITIALIZE SET OF RBPU INTEDG T0SE 
0004   0081           00054                 MOVWF OPTION_REG
                      00055 ;*** SET INTCON REG: ****
0005   1283 1303      00056                 BANKSEL INTCON
0007   3040           00057                 MOVLW H'40'
0008   008B           00058                 MOVWF INTCON                            ; INIT PEIE
                      00059 ;*** SET PIE1 REG: *****
0009   1683 1303      00060                 BANKSEL PIE1
000B   3000           00061                 MOVLW H'00'                             ; INIT PIE1 CLEAR
000C   008C           00062                 MOVWF PIE1
                      00063 ;***** SET PIE2 REG: *****
000D   1683 1303      00064                 BANKSEL PIE2
000F   3080           00065                 MOVLW H'80'                             ; INIT OSFIE CLEAR OTHERS
0010   008D           00066                 MOVWF PIE2
                      00067 ;*** SET CCP1CON REG: **
0011   1283 1303      00068                 BANKSEL CCP1CON
0013   3000           00069                 MOVLW   H'000'                          ;DISABLE PWM & CCP
0014   0097           00070                 MOVWF   CCP1CON
0015   1283 1303      00071                 BANKSEL CCP2CON
0017   019D           00072                 CLRF CCP2CON
0018   1283 1703      00073                 BANKSEL CM2CON1
001A   3000           00074                 MOVLW   H'000'
001B   0089           00075                 MOVWF   CM2CON1
                      00076 
                      00077 ;*** TIMER 1 SETUP *****
001C   1283 1303      00078                 BANKSEL T1CON
001E   3000           00079                 MOVLW   H'000'                          ;
001F   0090           00080                 MOVWF   T1CON                           ;DISABLE TIMER 1
                      00081 
MPASM 5.86                    FUNKYMUZAK.ASM   9-18-2024  11:44:01         PAGE  3


LOC  OBJECT CODE     LINE SOURCE TEXT
  VALUE

                      00082 ;*** TIMER 2 SETUP *****
                      00083 
0020   1283 1303      00084                 BANKSEL T2CON
0022   0192           00085                 CLRF    T2CON                           ;DISABLE TIMER 2, 1:1 POST SCALE, PRESCALER 1
0023   3000           00086                 MOVLW   H'000'                          ;SET PR2 FOR FULL COUNT 
0024   1683 1303      00087                 BANKSEL PR2                             ;
0026   0092           00088                 MOVWF   PR2                             ;PR2 IS SETS OUTPUT OF PWM HIGH WHEN = TMR2
                      00089  
                      00090 ;*** PORT A SETUP **** PORT B RB0 IS USED AS EDGE TRIGGERED INPUT
                      00091 
0027   1683 1303      00092                 BANKSEL ADCON1
0029   139F           00093                 BCF     ADCON1,7
002A   169F           00094                 BSF     ADCON1,5
002B   171F           00095                 BSF     ADCON1,6
002C   1283 1303      00096                 BANKSEL PORTA
002E   0185           00097                 CLRF    PORTA                           ; CLEAR PORTA
002F   1683 1303      00098                 BANKSEL TRISA
0031   30FE           00099                 MOVLW   H'FE'                           ;SET PORT A INPUT EXEPT RA0
0032   0085           00100                 MOVWF   TRISA
                      00101                 
                      00102 ;*** PORT B SETUP **** PORT B RB0 IS USED AS EDGE TRIGGERED INPUT
0033   1283 1303      00103                 BANKSEL PORTB
0035   0186           00104                 CLRF    PORTB                           ; CLEAR PORTB 
0036   1683 1303      00105                 BANKSEL TRISB
0038   30FF           00106                 MOVLW   H'FF'                           ;SET PORT B AS INPUT
0039   0086           00107                 MOVWF   TRISB
003A   1683 1703      00108                 BANKSEL ANSELH
003C   3000           00109                 MOVLW H'000'                            ; DISABLE ADC INPUTS BANK B
003D   0089           00110                 MOVWF ANSELH                            
003E   1683 1303      00111                 BANKSEL WPUB                            ; DISABLE ALL WEAK PULL UPS PORT B
0040   3000           00112                 MOVLW   H'00'
0041   0095           00113                 MOVWF   WPUB
                      00114                 
                      00115 
                      00116 ;*** PORT C SETUP **** PORT B RB0 IS USED AS EDGE TRIGGERED INPUT
0042   1283 1303      00117                 BANKSEL PORTC
0044   0187           00118                 CLRF    PORTC                           ; CLEAR PORTC
0045   1683 1303      00119                 BANKSEL TRISC
0047   3000           00120                 MOVLW   H'000'                          ;SET PORT C AS OUTPUT
0048   0087           00121                 MOVWF   TRISC
0049   2???           00122                 GOTO    MAIN                            ;END OF SETUP ROUTINE
                      00123 
                      00124 ;******************************************
                      00125 ;Main Code
                      00126 ;******************************************
004A                  00127 MAIN    
004A   1283 1303      00128         BANKSEL PORTC 
004C   3001           00129             MOVLW H'01'
004D   0087           00130             MOVWF PORTC
                      00131             
004E                  00132 KEYPAD
004E   3011           00133                 MOVLW H'11'
004F   0087           00134                 MOVWF PORTC
MPASM 5.86                    FUNKYMUZAK.ASM   9-18-2024  11:44:01         PAGE  4


LOC  OBJECT CODE     LINE SOURCE TEXT
  VALUE

0050   1A06           00135                 BTFSC PORTB,RB4                          ; CHECK INPUTS KEYPRESS OF FIRST ROW
0051   2???           00136                 GOTO ONETONE
0052   1A86           00137                 BTFSC PORTB,RB5
0053   2???           00138                 GOTO KEYPAD
0054   1B06           00139                 BTFSC PORTB,RB6
0055   2???           00140                 GOTO KEYPAD
0056   1B86           00141                 BTFSC PORTB,RB7
0057   2???           00142                 GOTO KEYPAD                                ; FINISH CHECK OF M ASSOCIATED BITS
0058   3021           00143                 MOVLW H'21'
0059   0087           00144                 MOVWF PORTC             ; CLEAR RB0 AS A HIGH
                      00145                 
                      00146                 
                      00147                                           ; SET RB1 TO A OUTPUT HIGH
005A   1A06           00148                 BTFSC PORTB,RB4                          ; CHECK INPUTS KEYPRESS OF SECOND ROW
005B   2???           00149                 GOTO KEYPAD
005C   1A86           00150                 BTFSC PORTB,RB5
005D   2???           00151                 GOTO KEYPAD
005E   1B06           00152                 BTFSC PORTB,RB6
005F   2???           00153                 GOTO KEYPAD
0060   1B86           00154                 BTFSC PORTB,RB7
0061   2???           00155                 GOTO KEYPAD                               ; FINISH CHECK OF L ASSOCIATED BITS   
0062   3041           00156                 MOVLW H'41'                             ; CLEAR PIN RB1 AS AN OUTPUT HIGH
0063   0087           00157                 MOVWF PORTC
                      00158                 
                      00159                                           ; SET RB2 AS AN OUTPUT HIGH
0064   1A06           00160                 BTFSC PORTB,RB4                         ; CHECK INPUTS FOR KEYPRESS OF THIRD ROW
0065   2???           00161                 GOTO KEYPAD
0066   1A86           00162                 BTFSC PORTB,RB5
0067   2???           00163                 GOTO KEYPAD
0068   1B06           00164                 BTFSC PORTB,RB6
0069   2???           00165                 GOTO KEYPAD
006A   1B86           00166                 BTFSC PORTB,RB7
006B   2???           00167                 GOTO KEYPAD                               ; FINISH CHECK OF K ASSOCIATED BITS
                      00168                                                 ; CLEAR RB2 OF OUTPUT HIGH
006C   3081           00169                 MOVLW H'81'
006D   0087           00170                 MOVWF PORTC
                      00171                 ; SET RB3 AS AN OUTPUT HIGH 
006E   1A06           00172                 BTFSC PORTB,RB4                         ; CHECK INPUTS FOR A KEYPRESS OF THIRD ROW
006F   2???           00173                 GOTO KEYPAD     
0070   1A86           00174                 BTFSC PORTB,RB5
0071   2???           00175                 GOTO KEYPAD
0072   1B06           00176                 BTFSC PORTB,RB6
0073   2???           00177                 GOTO KEYPAD
0074   1B86           00178                 BTFSC PORTB,RB7
0075   2???           00179                 GOTO KEYPAD                             ; FINISH CHECK OF J ASSOCIATED BITS
0076   2???           00180                 GOTO KEYPAD
                      00181                 
                      00182             
                      00183                
                      00184             
0077                  00185 ONETONE
0077   1283 1303      00186         BANKSEL PORTC 
0079   3001           00187             MOVLW H'01'
MPASM 5.86                    FUNKYMUZAK.ASM   9-18-2024  11:44:01         PAGE  5


LOC  OBJECT CODE     LINE SOURCE TEXT
  VALUE

007A   0087           00188             MOVWF PORTC
007B   2???           00189             CALL DELAY    
007C   3001           00190             MOVLW H'01'
007D   0606           00191             XORWF PORTB,0
007E   0087           00192             MOVWF PORTC
007F   0085           00193             MOVWF PORTA
0080   2???           00194             CALL DELAY    
0081   3001           00195             MOVLW H'01'
0082   0606           00196             XORWF PORTB,0
0083   0087           00197             MOVWF PORTC
0084   0085           00198             MOVWF PORTA
0085   2???           00199             GOTO KEYPAD     
                      00200             
                      00201            
0086                  00202 DELAY
0086   3051           00203             MOVLW H'51'
0087   0091           00204             MOVWF TMR2
                      00205             
0088                  00206 LOOP
0088   0000           00207             NOP
0089   0000           00208             NOP
008A   0000           00209             NOP
008B   0B91           00210             DECFSZ TMR2
008C   2???           00211             GOTO LOOP
008D   0008           00212             RETURN
                      00213             
Warning[205]: Found directive in column 1. (END)
20D1 3FFF             00214 END
MPASM 5.86                    FUNKYMUZAK.ASM   9-18-2024  11:44:01         PAGE  6


SYMBOL TABLE
  LABEL                             VALUE 

ABDEN                             00000000
ABDOVF                            00000007
ACKDT                             00000005
ACKEN                             00000004
ACKSTAT                           00000006
ADCON0                            0000001F
ADCON1                            0000009F
ADCS0                             00000006
ADCS1                             00000007
ADDEN                             00000003
ADFM                              00000007
ADIE                              00000006
ADIF                              00000006
ADON                              00000000
ADRESH                            0000001E
ADRESL                            0000009E
ANS0                              00000000
ANS1                              00000001
ANS10                             00000002
ANS11                             00000003
ANS12                             00000004
ANS13                             00000005
ANS2                              00000002
ANS3                              00000003
ANS4                              00000004
ANS8                              00000000
ANS9                              00000001
ANSEL                             00000188
ANSELH                            00000189
BAUD                              D'100'
BAUDCTL                           00000187
BCLIE                             00000003
BCLIF                             00000003
BF                                00000000
BRG0                              00000000
BRG1                              00000001
BRG10                             00000002
BRG11                             00000003
BRG12                             00000004
BRG13                             00000005
BRG14                             00000006
BRG15                             00000007
BRG16                             00000003
BRG2                              00000002
BRG3                              00000003
BRG4                              00000004
BRG5                              00000005
BRG6                              00000006
BRG7                              00000007
BRG8                              00000000
BRG9                              00000001
BRGH                              00000002
C                                 00000000
MPASM 5.86                    FUNKYMUZAK.ASM   9-18-2024  11:44:01         PAGE  7


SYMBOL TABLE
  LABEL                             VALUE 

C1CH0                             00000000
C1CH1                             00000001
C1IE                              00000005
C1IF                              00000005
C1OE                              00000005
C1ON                              00000007
C1OUT                             00000006
C1POL                             00000004
C1R                               00000002
C1RSEL                            00000005
C1SEN                             00000005
C2CH0                             00000000
C2CH1                             00000001
C2IE                              00000006
C2IF                              00000006
C2OE                              00000005
C2ON                              00000007
C2OUT                             00000006
C2POL                             00000004
C2R                               00000002
C2REN                             00000004
C2RSEL                            00000004
C2SYNC                            00000000
CCP1CON                           00000017
CCP1IE                            00000002
CCP1IF                            00000002
CCP1M0                            00000000
CCP1M1                            00000001
CCP1M2                            00000002
CCP1M3                            00000003
CCP1X                             00000005
CCP1Y                             00000004
CCP2CON                           0000001D
CCP2IE                            00000000
CCP2IF                            00000000
CCP2M0                            00000000
CCP2M1                            00000001
CCP2M2                            00000002
CCP2M3                            00000003
CCP2X                             00000005
CCP2Y                             00000004
CCPR1                             00000015
CCPR1H                            00000016
CCPR1L                            00000015
CCPR2                             0000001B
CCPR2H                            0000001C
CCPR2L                            0000001B
CHS0                              00000002
CHS1                              00000003
CHS2                              00000004
CHS3                              00000005
CKE                               00000006
CKP                               00000004
MPASM 5.86                    FUNKYMUZAK.ASM   9-18-2024  11:44:01         PAGE  8


SYMBOL TABLE
  LABEL                             VALUE 

CM1CON0                           00000107
CM2CON0                           00000108
CM2CON1                           00000109
COUNT1                            00000020
COUNT2                            00000021
COUNT3                            00000022
COUNT4                            00000023
COUNT5                            00000024
CREN                              00000004
CSRC                              00000007
D                                 00000005
DATA_ADDRESS                      00000005
DC                                00000001
DC1B0                             00000004
DC1B1                             00000005
DC2B0                             00000004
DC2B1                             00000005
DELAY                             00000086
D_A                               00000005
D_NOT_A                           00000005
ECCPAS                            0000009C
ECCPAS0                           00000004
ECCPAS1                           00000005
ECCPAS2                           00000006
ECCPASE                           00000007
EEADR                             0000010D
EEADRH                            0000010F
EECON1                            0000018C
EECON2                            0000018D
EEDAT                             0000010C
EEDATA                            0000010C
EEDATH                            0000010E
EEIE                              00000004
EEIF                              00000004
EEPGD                             00000007
F                                 00000001
FERR                              00000002
FOSC                              D'16000'
FSR                               00000004
FVREN                             00000000
GCEN                              00000007
GIE                               00000007
GO                                00000001
GO_DONE                           00000001
GO_NOT_DONE                       00000001
HTS                               00000002
I2C_DATA                          00000005
I2C_READ                          00000002
I2C_START                         00000003
I2C_STOP                          00000004
INDF                              00000000
INTCON                            0000000B
INTE                              00000004
MPASM 5.86                    FUNKYMUZAK.ASM   9-18-2024  11:44:01         PAGE  9


SYMBOL TABLE
  LABEL                             VALUE 

INTEDG                            00000006
INTF                              00000001
IOCB                              00000096
IOCB0                             00000000
IOCB1                             00000001
IOCB2                             00000002
IOCB3                             00000003
IOCB4                             00000004
IOCB5                             00000005
IOCB6                             00000006
IOCB7                             00000007
IRCF0                             00000004
IRCF1                             00000005
IRCF2                             00000006
IRP                               00000007
KEYPAD                            0000004E
LEG_1                             00000026
LOOP                              00000088
LTS                               00000001
MAIN                              0000004A
MC1OUT                            00000007
MC2OUT                            00000006
MSK                               00000093
MSK0                              00000000
MSK1                              00000001
MSK2                              00000002
MSK3                              00000003
MSK4                              00000004
MSK5                              00000005
MSK6                              00000006
MSK7                              00000007
NOT_A                             00000005
NOT_ADDRESS                       00000005
NOT_BO                            00000000
NOT_BOR                           00000000
NOT_DONE                          00000001
NOT_PD                            00000003
NOT_POR                           00000001
NOT_RBPU                          00000007
NOT_RC8                           00000006
NOT_T1SYNC                        00000002
NOT_TO                            00000004
NOT_TX8                           00000006
NOT_W                             00000002
NOT_WRITE                         00000002
OERR                              00000001
ONETONE                           00000077
OPTION_REG                        00000081
OSCCON                            0000008F
OSCTUNE                           00000090
OSFIE                             00000007
OSFIF                             00000007
OSTS                              00000003
MPASM 5.86                    FUNKYMUZAK.ASM   9-18-2024  11:44:01         PAGE 10


SYMBOL TABLE
  LABEL                             VALUE 

P                                 00000004
P1M0                              00000006
P1M1                              00000007
PCL                               00000002
PCLATH                            0000000A
PCON                              0000008E
PDC0                              00000000
PDC1                              00000001
PDC2                              00000002
PDC3                              00000003
PDC4                              00000004
PDC5                              00000005
PDC6                              00000006
PEIE                              00000006
PEN                               00000002
PIE1                              0000008C
PIE2                              0000008D
PIR1                              0000000C
PIR2                              0000000D
PORTA                             00000005
PORTB                             00000006
PORTC                             00000007
PORTE                             00000009
PR2                               00000092
PRSEN                             00000007
PS0                               00000000
PS1                               00000001
PS2                               00000002
PSA                               00000003
PSSAC0                            00000002
PSSAC1                            00000003
PSSBD0                            00000000
PSSBD1                            00000001
PSTRCON                           0000009D
PULSR                             00000002
PULSS                             00000003
PWM1CON                           0000009B
R                                 00000002
RA0                               00000000
RA1                               00000001
RA2                               00000002
RA3                               00000003
RA4                               00000004
RA5                               00000005
RA6                               00000006
RA7                               00000007
RB0                               00000000
RB1                               00000001
RB2                               00000002
RB3                               00000003
RB4                               00000004
RB5                               00000005
RB6                               00000006
MPASM 5.86                    FUNKYMUZAK.ASM   9-18-2024  11:44:01         PAGE 11


SYMBOL TABLE
  LABEL                             VALUE 

RB7                               00000007
RBIE                              00000003
RBIF                              00000000
RC0                               00000000
RC1                               00000001
RC2                               00000002
RC3                               00000003
RC4                               00000004
RC5                               00000005
RC6                               00000006
RC7                               00000007
RC8_9                             00000006
RC9                               00000006
RCD8                              00000000
RCEN                              00000003
RCIDL                             00000006
RCIE                              00000005
RCIF                              00000005
RCREG                             0000001A
RCSTA                             00000018
RD                                00000000
RE3                               00000003
READ_WRITE                        00000002
RP0                               00000005
RP1                               00000006
RSEN                              00000001
RX9                               00000006
RX9D                              00000000
R_NOT_W                           00000002
R_W                               00000002
S                                 00000003
SBOREN                            00000004
SCKP                              00000004
SCS                               00000000
SEN                               00000000
SENDB                             00000003
SETUP                             00000001
SMP                               00000007
SPBRG                             00000099
SPBRGH                            0000009A
SPEN                              00000007
SR0                               00000006
SR1                               00000007
SRCON                             00000185
SREN                              00000005
SSPADD                            00000093
SSPBUF                            00000013
SSPCON                            00000014
SSPCON2                           00000091
SSPEN                             00000005
SSPIE                             00000003
SSPIF                             00000003
SSPM0                             00000000
MPASM 5.86                    FUNKYMUZAK.ASM   9-18-2024  11:44:01         PAGE 12


SYMBOL TABLE
  LABEL                             VALUE 

SSPM1                             00000001
SSPM2                             00000002
SSPM3                             00000003
SSPMSK                            00000093
SSPOV                             00000006
SSPSTAT                           00000094
STATUS                            00000003
STEP                              00000025
STRA                              00000000
STRB                              00000001
STRC                              00000002
STRD                              00000003
STRSYNC                           00000004
SWDTEN                            00000000
SYNC                              00000004
T0CS                              00000005
T0IE                              00000005
T0IF                              00000002
T0SE                              00000004
T1CKPS0                           00000004
T1CKPS1                           00000005
T1CON                             00000010
T1GINV                            00000007
T1GIV                             00000007
T1GSS                             00000001
T1INSYNC                          00000002
T1OSCEN                           00000003
T1SYNC                            00000002
T2CKPS0                           00000000
T2CKPS1                           00000001
T2CON                             00000012
TMR0                              00000001
TMR0IE                            00000005
TMR0IF                            00000002
TMR1                              0000000E
TMR1CS                            00000001
TMR1GE                            00000006
TMR1H                             0000000F
TMR1IE                            00000000
TMR1IF                            00000000
TMR1L                             0000000E
TMR1ON                            00000000
TMR2                              00000011
TMR2IE                            00000001
TMR2IF                            00000001
TMR2ON                            00000002
TOUTPS0                           00000003
TOUTPS1                           00000004
TOUTPS2                           00000005
TOUTPS3                           00000006
TRISA                             00000085
TRISA0                            00000000
TRISA1                            00000001
MPASM 5.86                    FUNKYMUZAK.ASM   9-18-2024  11:44:01         PAGE 13


SYMBOL TABLE
  LABEL                             VALUE 

TRISA2                            00000002
TRISA3                            00000003
TRISA4                            00000004
TRISA5                            00000005
TRISA6                            00000006
TRISA7                            00000007
TRISB                             00000086
TRISB0                            00000000
TRISB1                            00000001
TRISB2                            00000002
TRISB3                            00000003
TRISB4                            00000004
TRISB5                            00000005
TRISB6                            00000006
TRISB7                            00000007
TRISC                             00000087
TRISC0                            00000000
TRISC1                            00000001
TRISC2                            00000002
TRISC3                            00000003
TRISC4                            00000004
TRISC5                            00000005
TRISC6                            00000006
TRISC7                            00000007
TRISE                             00000089
TRISE3                            00000003
TRMT                              00000001
TUN0                              00000000
TUN1                              00000001
TUN2                              00000002
TUN3                              00000003
TUN4                              00000004
TX8_9                             00000006
TX9                               00000006
TX9D                              00000000
TXD8                              00000000
TXEN                              00000005
TXIE                              00000004
TXIF                              00000004
TXREG                             00000019
TXSTA                             00000098
UA                                00000001
ULPWUE                            00000005
ULPWUIE                           00000002
ULPWUIF                           00000002
VCFG0                             00000004
VCFG1                             00000005
VR0                               00000000
VR1                               00000001
VR2                               00000002
VR3                               00000003
VRCON                             00000097
VREN                              00000007
MPASM 5.86                    FUNKYMUZAK.ASM   9-18-2024  11:44:01         PAGE 14


SYMBOL TABLE
  LABEL                             VALUE 

VROE                              00000006
VRR                               00000005
VRSS                              00000004
W                                 00000000
WCOL                              00000007
WDTCON                            00000105
WDTPS0                            00000001
WDTPS1                            00000002
WDTPS2                            00000003
WDTPS3                            00000004
WPUB                              00000095
WPUB0                             00000000
WPUB1                             00000001
WPUB2                             00000002
WPUB3                             00000003
WPUB4                             00000004
WPUB5                             00000005
WPUB6                             00000006
WPUB7                             00000007
WR                                00000001
WREN                              00000002
WRERR                             00000003
WUE                               00000001
Z                                 00000002
_BOR21V                           00003EFF
_BOR40V                           00003FFF
_BOR4V_BOR21V                     00003EFF
_BOR4V_BOR40V                     00003FFF
_BOREN_NSLEEP                     00003EFF
_BOREN_OFF                        00003CFF
_BOREN_ON                         00003FFF
_BOREN_SBODEN                     00003DFF
_BOR_NSLEEP                       00003EFF
_BOR_OFF                          00003CFF
_BOR_ON                           00003FFF
_BOR_SBODEN                       00003DFF
_CONFIG1                          00002007
_CONFIG2                          00002008
_CPD_OFF                          00003FFF
_CPD_ON                           00003F7F
_CP_OFF                           00003FFF
_CP_ON                            00003FBF
_DEBUG_OFF                        00003FFF
_DEBUG_ON                         00001FFF
_DEVID1                           00002006
_EC_OSC                           00003FFB
_EXTRC                            00003FFF
_EXTRCIO                          00003FFE
_EXTRC_OSC_CLKOUT                 00003FFF
_EXTRC_OSC_NOCLKOUT               00003FFE
_FCMEN_OFF                        000037FF
_FCMEN_ON                         00003FFF
_FOSC_EC                          00003FFB
MPASM 5.86                    FUNKYMUZAK.ASM   9-18-2024  11:44:01         PAGE 15


SYMBOL TABLE
  LABEL                             VALUE 

_FOSC_EXTRC_CLKOUT                00003FFF
_FOSC_EXTRC_NOCLKOUT              00003FFE
_FOSC_HS                          00003FFA
_FOSC_INTRC_CLKOUT                00003FFD
_FOSC_INTRC_NOCLKOUT              00003FFC
_FOSC_LP                          00003FF8
_FOSC_XT                          00003FF9
_HS_OSC                           00003FFA
_IDLOC0                           00002000
_IDLOC1                           00002001
_IDLOC2                           00002002
_IDLOC3                           00002003
_IESO_OFF                         00003BFF
_IESO_ON                          00003FFF
_INTOSC                           00003FFD
_INTOSCIO                         00003FFC
_INTRC_OSC_CLKOUT                 00003FFD
_INTRC_OSC_NOCLKOUT               00003FFC
_LP_OSC                           00003FF8
_LVP_OFF                          00002FFF
_LVP_ON                           00003FFF
_MCLRE_OFF                        00003FDF
_MCLRE_ON                         00003FFF
_PWRTE_OFF                        00003FFF
_PWRTE_ON                         00003FEF
_WDTE_OFF                         00003FF7
_WDTE_ON                          00003FFF
_WDT_OFF                          00003FF7
_WDT_ON                           00003FFF
_WRT_1FOURTH                      00003BFF
_WRT_256                          00003DFF
_WRT_HALF                         000039FF
_WRT_OFF                          00003FFF
_XT_OSC                           00003FF9
__16F883                          00000001

Errors   :     0
Warnings :     1 reported,     7 suppressed
Messages :     1 reported,    14 suppressed

